<?xml version="1.0" encoding="UTF-8"?>
<Site BuildName="(empty)"
	BuildStamp="20231103-0107-Experimental"
	Name="roboticsatiowa-desktop"
	Generator="ctest-3.22.1"
	CompilerName="/usr/bin/c++"
	CompilerVersion="9.4.0"
	OSName="Linux"
	Hostname="roboticsatiowa-desktop"
	OSRelease="5.10.120-tegra"
	OSVersion="#1 SMP PREEMPT Tue Aug 1 12:32:50 PDT 2023"
	OSPlatform="aarch64"
	Is64Bits="1"
	VendorString=""
	VendorID="Unknown Manufacturer"
	FamilyID="8"
	ModelID="0"
	ProcessorCacheSize="0"
	NumberOfLogicalCPU="6"
	NumberOfPhysicalCPU="1"
	TotalVirtualMemory="3422"
	TotalPhysicalMemory="6845"
	LogicalProcessorsPerPhysical="6"
	ProcessorClockFrequency="0"
	>
	<Testing>
		<StartDateTime>Nov 02 20:07 CDT</StartDateTime>
		<StartTestTime>1698973630</StartTestTime>
		<TestList>
			<Test>./test_isaac_ros_nitros_point_cloud_type_test_pol.py</Test>
			<Test>./cppcheck</Test>
			<Test>./cpplint</Test>
			<Test>./flake8</Test>
			<Test>./lint_cmake</Test>
			<Test>./pep257</Test>
			<Test>./uncrustify</Test>
			<Test>./xmllint</Test>
		</TestList>
		<Test Status="passed">
			<Name>test_isaac_ros_nitros_point_cloud_type_test_pol.py</Name>
			<Path>.</Path>
			<FullName>./test_isaac_ros_nitros_point_cloud_type_test_pol.py</FullName>
			<FullCommandLine>/usr/bin/python3.8 "-u" "/opt/ros/humble/share/ament_cmake_test/cmake/run_test.py" "/workspaces/isaac_ros-dev/build/isaac_ros_nitros_point_cloud_type/test_results/isaac_ros_nitros_point_cloud_type/test_isaac_ros_nitros_point_cloud_type_test_pol.py.xunit.xml" "--package-name" "isaac_ros_nitros_point_cloud_type" "--output-file" "/workspaces/isaac_ros-dev/build/isaac_ros_nitros_point_cloud_type/launch_test/test_isaac_ros_nitros_point_cloud_type_test_pol.py.txt" "--command" "/usr/bin/python3" "-m" "launch_testing.launch_test" "/workspaces/isaac_ros-dev/isaac_ros_nitros/isaac_ros_nitros_type/isaac_ros_nitros_point_cloud_type/test/isaac_ros_nitros_point_cloud_type_test_pol.py" "--junit-xml=/workspaces/isaac_ros-dev/build/isaac_ros_nitros_point_cloud_type/test_results/isaac_ros_nitros_point_cloud_type/test_isaac_ros_nitros_point_cloud_type_test_pol.py.xunit.xml" "--package-name=isaac_ros_nitros_point_cloud_type"</FullCommandLine>
			<Results>
				<NamedMeasurement type="numeric/double" name="Execution Time">
					<Value>11.4466</Value>
				</NamedMeasurement>
				<NamedMeasurement type="numeric/double" name="Processors">
					<Value>1</Value>
				</NamedMeasurement>
				<NamedMeasurement type="text/string" name="Completion Status">
					<Value>Completed</Value>
				</NamedMeasurement>
				<NamedMeasurement type="text/string" name="Command Line">
					<Value>/usr/bin/python3.8 "-u" "/opt/ros/humble/share/ament_cmake_test/cmake/run_test.py" "/workspaces/isaac_ros-dev/build/isaac_ros_nitros_point_cloud_type/test_results/isaac_ros_nitros_point_cloud_type/test_isaac_ros_nitros_point_cloud_type_test_pol.py.xunit.xml" "--package-name" "isaac_ros_nitros_point_cloud_type" "--output-file" "/workspaces/isaac_ros-dev/build/isaac_ros_nitros_point_cloud_type/launch_test/test_isaac_ros_nitros_point_cloud_type_test_pol.py.txt" "--command" "/usr/bin/python3" "-m" "launch_testing.launch_test" "/workspaces/isaac_ros-dev/isaac_ros_nitros/isaac_ros_nitros_type/isaac_ros_nitros_point_cloud_type/test/isaac_ros_nitros_point_cloud_type_test_pol.py" "--junit-xml=/workspaces/isaac_ros-dev/build/isaac_ros_nitros_point_cloud_type/test_results/isaac_ros_nitros_point_cloud_type/test_isaac_ros_nitros_point_cloud_type_test_pol.py.xunit.xml" "--package-name=isaac_ros_nitros_point_cloud_type"</Value>
				</NamedMeasurement>
				<NamedMeasurement type="text/string" name="Environment">
					<Value>#CTEST_RESOURCE_GROUP_COUNT=</Value>
				</NamedMeasurement>
				<Measurement>
					<Value>-- run_test.py: invoking following command in '/workspaces/isaac_ros-dev/build/isaac_ros_nitros_point_cloud_type':
 - /usr/bin/python3 -m launch_testing.launch_test /workspaces/isaac_ros-dev/isaac_ros_nitros/isaac_ros_nitros_type/isaac_ros_nitros_point_cloud_type/test/isaac_ros_nitros_point_cloud_type_test_pol.py --junit-xml=/workspaces/isaac_ros-dev/build/isaac_ros_nitros_point_cloud_type/test_results/isaac_ros_nitros_point_cloud_type/test_isaac_ros_nitros_point_cloud_type_test_pol.py.xunit.xml --package-name=isaac_ros_nitros_point_cloud_type
[INFO] [launch]: All log files can be found below /home/admin/.ros/log/2023-11-02-20-07-17-242630-roboticsatiowa-desktop-12994
[INFO] [launch]: Default logging verbosity is set to INFO
[INFO] [component_container_mt-1]: process started with pid [13140]
[component_container_mt-1] [INFO] [1698973637.986825423] [isaac_ros_nitros_container.point_cloud_container]: Load Library: /workspaces/isaac_ros-dev/install/isaac_ros_nitros_point_cloud_type/lib/libnitros_point_cloud_forward_node.so
[component_container_mt-1] [INFO] [1698973638.082276750] [isaac_ros_nitros_container.point_cloud_container]: Found class: rclcpp_components::NodeFactoryTemplate&lt;nvidia::isaac_ros::nitros::NitrosNode&gt;
[component_container_mt-1] [INFO] [1698973638.082463438] [isaac_ros_nitros_container.point_cloud_container]: Found class: rclcpp_components::NodeFactoryTemplate&lt;nvidia::isaac_ros::nitros::NitrosPointCloudForwardNode&gt;
[component_container_mt-1] [INFO] [1698973638.082525871] [isaac_ros_nitros_container.point_cloud_container]: Instantiate class: rclcpp_components::NodeFactoryTemplate&lt;nvidia::isaac_ros::nitros::NitrosPointCloudForwardNode&gt;
[component_container_mt-1] [INFO] [1698973638.116884312] [NitrosContext]: [NitrosContext] Creating a new shared context
[component_container_mt-1] [INFO] [1698973638.117822812] [isaac_ros_test.NitrosPointCloudForwardNode]: [NitrosNode] Initializing NitrosNode
[component_container_mt-1] [INFO] [1698973638.122674768] [NitrosContext]: [NitrosContext] Loading extension: gxf/lib/std/libgxf_std.so
[component_container_mt-1] [INFO] [1698973638.149911549] [NitrosContext]: [NitrosContext] Loading extension: gxf/lib/libgxf_gxf_helpers.so
[component_container_mt-1] [INFO] [1698973638.163962677] [NitrosContext]: [NitrosContext] Loading extension: gxf/lib/libgxf_sight.so
[component_container_mt-1] [INFO] [1698973638.180043318] [NitrosContext]: [NitrosContext] Loading extension: gxf/lib/libgxf_atlas.so
[component_container_mt-1] [INFO] [1698973638.189165818] [NitrosContext]: [NitrosContext] Loading application: '/workspaces/isaac_ros-dev/install/isaac_ros_nitros/share/isaac_ros_nitros/config/type_adapter_nitros_context_graph.yaml'
[component_container_mt-1] [INFO] [1698973638.194180366] [NitrosContext]: [NitrosContext] Initializing application...
[component_container_mt-1] [INFO] [1698973638.221366971] [NitrosContext]: [NitrosContext] Running application...
[component_container_mt-1] [NON-XML-CHAR-0x1B][33m2023-11-02 20:07:18.221 WARN  gxf/std/program.cpp@514: No system specified. Nothing to do[NON-XML-CHAR-0x1B][0m
[component_container_mt-1] [INFO] [1698973638.226546384] [isaac_ros_test.NitrosPointCloudForwardNode]: [NitrosNode] Starting NitrosNode
[component_container_mt-1] [INFO] [1698973638.226728337] [isaac_ros_test.NitrosPointCloudForwardNode]: [NitrosNode] Loading built-in preset extension specs
[component_container_mt-1] [INFO] [1698973638.238219455] [isaac_ros_test.NitrosPointCloudForwardNode]: [NitrosNode] Loading built-in extension specs
[component_container_mt-1] [INFO] [1698973638.238551488] [isaac_ros_test.NitrosPointCloudForwardNode]: [NitrosNode] Loading preset extension specs
[component_container_mt-1] [INFO] [1698973638.238621953] [isaac_ros_test.NitrosPointCloudForwardNode]: [NitrosNode] Loading extension specs
[component_container_mt-1] [INFO] [1698973638.238735905] [isaac_ros_test.NitrosPointCloudForwardNode]: [NitrosNode] Loading generator rules
[component_container_mt-1] [INFO] [1698973638.238787649] [isaac_ros_test.NitrosPointCloudForwardNode]: [NitrosNode] Loading extensions
[component_container_mt-1] [INFO] [1698973638.241817613] [isaac_ros_test.NitrosPointCloudForwardNode]: [NitrosContext] Loading extension: gxf/lib/libgxf_message_compositor.so
[component_container_mt-1] [INFO] [1698973638.252707481] [isaac_ros_test.NitrosPointCloudForwardNode]: [NitrosContext] Loading extension: gxf/lib/cuda/libgxf_cuda.so
[component_container_mt-1] [INFO] [1698973638.265755629] [isaac_ros_test.NitrosPointCloudForwardNode]: [NitrosContext] Loading extension: gxf/lib/serialization/libgxf_serialization.so
[component_container_mt-1] [INFO] [1698973638.282967891] [isaac_ros_test.NitrosPointCloudForwardNode]: [NitrosContext] Loading extension: gxf/lib/libgxf_isaac_ros_messages.so
[component_container_mt-1] [INFO] [1698973638.295787206] [NitrosContext]: [NitrosContext] Loading extension: gxf/lib/libgxf_isaac_messages.so
[component_container_mt-1] [INFO] [1698973638.309924895] [isaac_ros_test.NitrosPointCloudForwardNode]: [NitrosNode] Loading graph to the optimizer
[component_container_mt-1] [INFO] [1698973638.315683414] [isaac_ros_test.NitrosPointCloudForwardNode]: [NitrosNode] Running optimization
[component_container_mt-1] [INFO] [1698973638.325333628] [isaac_ros_test.NitrosPointCloudForwardNode]: [NitrosNode] Obtaining graph IO group info from the optimizer
[component_container_mt-1] [INFO] [1698973638.326927715] [isaac_ros_test.NitrosPointCloudForwardNode]: [NitrosNode] Creating negotiated publishers/subscribers
[component_container_mt-1] [INFO] [1698973638.327112484] [isaac_ros_test.NitrosPointCloudForwardNode]: [NitrosPublisherSubscriberGroup] Expanding "any" data formats to all registered data formats
[component_container_mt-1] [INFO] [1698973638.327243172] [isaac_ros_test.NitrosPointCloudForwardNode]: [NitrosPublisherSubscriberGroup] Pinning the component "forward/input" (type="nvidia::gxf::DoubleBufferReceiver") to use its compatible format only: "nitros_point_cloud"
[component_container_mt-1] [INFO] [1698973638.327498533] [isaac_ros_test.NitrosPointCloudForwardNode]: [NitrosPublisherSubscriberGroup] Pinning the component "sink/sink" (type="nvidia::isaac_ros::MessageRelay") to use its compatible format only: "nitros_point_cloud"
[component_container_mt-1] [INFO] [1698973638.353577678] [isaac_ros_test.NitrosPointCloudForwardNode]: [NitrosNode] Starting negotiation...
[INFO] [launch_ros.actions.load_composable_nodes]: Loaded node '/isaac_ros_test/NitrosPointCloudForwardNode' in container '/isaac_ros_nitros_container/point_cloud_container'
[component_container_mt-1] [INFO] [1698973639.355718785] [isaac_ros_test.NitrosPointCloudForwardNode]: [NitrosNode] Starting post negotiation setup
[component_container_mt-1] [INFO] [1698973639.355952002] [isaac_ros_test.NitrosPointCloudForwardNode]: [NitrosNode] Getting data format negotiation results
[component_container_mt-1] [INFO] [1698973639.356066178] [isaac_ros_test.NitrosPointCloudForwardNode]: [NitrosPublisher] Negotiation ended with no results
[component_container_mt-1] [INFO] [1698973639.356158595] [isaac_ros_test.NitrosPointCloudForwardNode]: [NitrosPublisher] Use only the compatible publisher: topic_name="/isaac_ros_test/output", data_format="nitros_point_cloud"
[component_container_mt-1] [INFO] [1698973639.356234403] [isaac_ros_test.NitrosPointCloudForwardNode]: [NitrosSubscriber] Negotiation ended with no results
[component_container_mt-1] [INFO] [1698973639.356296195] [isaac_ros_test.NitrosPointCloudForwardNode]: [NitrosSubscriber] Use the compatible subscriber: topic_name="/isaac_ros_test/input", data_format="nitros_point_cloud"
[component_container_mt-1] [INFO] [1698973639.356584484] [isaac_ros_test.NitrosPointCloudForwardNode]: [NitrosNode] Exporting the final graph based on the negotiation results
[component_container_mt-1] [INFO] [1698973639.376696469] [isaac_ros_test.NitrosPointCloudForwardNode]: [NitrosNode] Wrote the final top level YAML graph to "/workspaces/isaac_ros-dev/install/isaac_ros_nitros_point_cloud_type/share/isaac_ros_nitros_point_cloud_type/AHWVMQCKFR.yaml"
[component_container_mt-1] [INFO] [1698973639.376899190] [isaac_ros_test.NitrosPointCloudForwardNode]: [NitrosNode] Calling user's pre-load-graph callback
[component_container_mt-1] [INFO] [1698973639.376971958] [isaac_ros_test.NitrosPointCloudForwardNode]: [NitrosNode] Loading application
[component_container_mt-1] [INFO] [1698973639.377051127] [isaac_ros_test.NitrosPointCloudForwardNode]: [NitrosContext] Loading application: '/workspaces/isaac_ros-dev/install/isaac_ros_nitros_point_cloud_type/share/isaac_ros_nitros_point_cloud_type/AHWVMQCKFR.yaml'
[component_container_mt-1] [INFO] [1698973639.386909342] [isaac_ros_test.NitrosPointCloudForwardNode]: [NitrosNode] Linking Nitros pub/sub to the loaded application
[component_container_mt-1] [INFO] [1698973639.387365216] [isaac_ros_test.NitrosPointCloudForwardNode]: [NitrosNode] Calling user's post-load-graph callback
[component_container_mt-1] [INFO] [1698973639.387490208] [isaac_ros_test.NitrosPointCloudForwardNode]: [NitrosContext] Initializing application...
[component_container_mt-1] [INFO] [1698973639.403291424] [isaac_ros_test.NitrosPointCloudForwardNode]: [NitrosContext] Running application...
[component_container_mt-1] [INFO] [1698973639.403741602] [isaac_ros_test.NitrosPointCloudForwardNode]: [NitrosNode] Starting a heartbeat timer (eid=17)
Warning: A NumPy version &gt;=1.19.5 and &lt;1.27.0 is required for this version of SciPy (detected version 1.17.4)
test_nitros_point_cloud_type_conversions (isaac_ros_nitros_point_cloud_type.IsaacROSNitrosPointCloudTest)
Expect the image received from NitrosImage type conversion to be identical to source. ... [INFO] [1698973640.679285981] [isaac_ros_test.isaac_ros_base_test_node]: Starting test for case: /workspaces/isaac_ros-dev/isaac_ros_nitros/isaac_ros_nitros_type/isaac_ros_nitros_point_cloud_type/test/test_cases/nitros_point_cloud/profile
Source and received images are identical.
[INFO] [component_container_mt-1]: sending signal 'SIGINT' to process[component_container_mt-1]
[component_container_mt-1] [INFO] [1698973641.406324001] [rclcpp]: signal_handler(signum=2)
[component_container_mt-1] [INFO] [1698973641.417947504] [isaac_ros_test.NitrosPointCloudForwardNode]: [NitrosNode] Terminating the running application
[component_container_mt-1] [INFO] [1698973641.418034928] [isaac_ros_test.NitrosPointCloudForwardNode]: [NitrosContext] Interrupting GXF...
[component_container_mt-1] [INFO] [1698973641.418131857] [isaac_ros_test.NitrosPointCloudForwardNode]: [NitrosContext] Waiting on GXF...
[component_container_mt-1] [INFO] [1698973641.418499762] [isaac_ros_test.NitrosPointCloudForwardNode]: [NitrosContext] Deinitializing...
[component_container_mt-1] [INFO] [1698973641.419443254] [isaac_ros_test.NitrosPointCloudForwardNode]: [NitrosContext] Destroying context
[component_container_mt-1] [INFO] [1698973641.422193985] [isaac_ros_test.NitrosPointCloudForwardNode]: [NitrosNode] Application termination done
[INFO] [component_container_mt-1]: process has finished cleanly [pid 13140]
ok

----------------------------------------------------------------------
Ran 1 test in 0.687s

OK

----------------------------------------------------------------------
Ran 0 tests in 0.000s

OK
-- run_test.py: return code 0
-- run_test.py: verify result file '/workspaces/isaac_ros-dev/build/isaac_ros_nitros_point_cloud_type/test_results/isaac_ros_nitros_point_cloud_type/test_isaac_ros_nitros_point_cloud_type_test_pol.py.xunit.xml'
</Value>
				</Measurement>
			</Results>
			<Labels>
				<Label>launch_test</Label>
			</Labels>
		</Test>
		<Test Status="passed">
			<Name>cppcheck</Name>
			<Path>.</Path>
			<FullName>./cppcheck</FullName>
			<FullCommandLine>/usr/bin/python3.8 "-u" "/opt/ros/humble/share/ament_cmake_test/cmake/run_test.py" "/workspaces/isaac_ros-dev/build/isaac_ros_nitros_point_cloud_type/test_results/isaac_ros_nitros_point_cloud_type/cppcheck.xunit.xml" "--package-name" "isaac_ros_nitros_point_cloud_type" "--output-file" "/workspaces/isaac_ros-dev/build/isaac_ros_nitros_point_cloud_type/ament_cppcheck/cppcheck.txt" "--command" "/opt/ros/humble/bin/ament_cppcheck" "--xunit-file" "/workspaces/isaac_ros-dev/build/isaac_ros_nitros_point_cloud_type/test_results/isaac_ros_nitros_point_cloud_type/cppcheck.xunit.xml" "--include_dirs" "/workspaces/isaac_ros-dev/isaac_ros_nitros/isaac_ros_nitros_type/isaac_ros_nitros_point_cloud_type/include"</FullCommandLine>
			<Results>
				<NamedMeasurement type="numeric/double" name="Execution Time">
					<Value>2.23413</Value>
				</NamedMeasurement>
				<NamedMeasurement type="numeric/double" name="Processors">
					<Value>1</Value>
				</NamedMeasurement>
				<NamedMeasurement type="text/string" name="Completion Status">
					<Value>Completed</Value>
				</NamedMeasurement>
				<NamedMeasurement type="text/string" name="Command Line">
					<Value>/usr/bin/python3.8 "-u" "/opt/ros/humble/share/ament_cmake_test/cmake/run_test.py" "/workspaces/isaac_ros-dev/build/isaac_ros_nitros_point_cloud_type/test_results/isaac_ros_nitros_point_cloud_type/cppcheck.xunit.xml" "--package-name" "isaac_ros_nitros_point_cloud_type" "--output-file" "/workspaces/isaac_ros-dev/build/isaac_ros_nitros_point_cloud_type/ament_cppcheck/cppcheck.txt" "--command" "/opt/ros/humble/bin/ament_cppcheck" "--xunit-file" "/workspaces/isaac_ros-dev/build/isaac_ros_nitros_point_cloud_type/test_results/isaac_ros_nitros_point_cloud_type/cppcheck.xunit.xml" "--include_dirs" "/workspaces/isaac_ros-dev/isaac_ros_nitros/isaac_ros_nitros_type/isaac_ros_nitros_point_cloud_type/include"</Value>
				</NamedMeasurement>
				<NamedMeasurement type="text/string" name="Environment">
					<Value>#CTEST_RESOURCE_GROUP_COUNT=</Value>
				</NamedMeasurement>
				<Measurement>
					<Value>-- run_test.py: invoking following command in '/workspaces/isaac_ros-dev/isaac_ros_nitros/isaac_ros_nitros_type/isaac_ros_nitros_point_cloud_type':
 - /opt/ros/humble/bin/ament_cppcheck --xunit-file /workspaces/isaac_ros-dev/build/isaac_ros_nitros_point_cloud_type/test_results/isaac_ros_nitros_point_cloud_type/cppcheck.xunit.xml --include_dirs /workspaces/isaac_ros-dev/isaac_ros_nitros/isaac_ros_nitros_type/isaac_ros_nitros_point_cloud_type/include
No problems found
-- run_test.py: return code 0
-- run_test.py: verify result file '/workspaces/isaac_ros-dev/build/isaac_ros_nitros_point_cloud_type/test_results/isaac_ros_nitros_point_cloud_type/cppcheck.xunit.xml'
</Value>
				</Measurement>
			</Results>
			<Labels>
				<Label>cppcheck</Label>
				<Label>linter</Label>
			</Labels>
		</Test>
		<Test Status="passed">
			<Name>cpplint</Name>
			<Path>.</Path>
			<FullName>./cpplint</FullName>
			<FullCommandLine>/usr/bin/python3.8 "-u" "/opt/ros/humble/share/ament_cmake_test/cmake/run_test.py" "/workspaces/isaac_ros-dev/build/isaac_ros_nitros_point_cloud_type/test_results/isaac_ros_nitros_point_cloud_type/cpplint.xunit.xml" "--package-name" "isaac_ros_nitros_point_cloud_type" "--output-file" "/workspaces/isaac_ros-dev/build/isaac_ros_nitros_point_cloud_type/ament_cpplint/cpplint.txt" "--command" "/opt/ros/humble/bin/ament_cpplint" "--xunit-file" "/workspaces/isaac_ros-dev/build/isaac_ros_nitros_point_cloud_type/test_results/isaac_ros_nitros_point_cloud_type/cpplint.xunit.xml"</FullCommandLine>
			<Results>
				<NamedMeasurement type="numeric/double" name="Execution Time">
					<Value>2.537</Value>
				</NamedMeasurement>
				<NamedMeasurement type="numeric/double" name="Processors">
					<Value>1</Value>
				</NamedMeasurement>
				<NamedMeasurement type="text/string" name="Completion Status">
					<Value>Completed</Value>
				</NamedMeasurement>
				<NamedMeasurement type="text/string" name="Command Line">
					<Value>/usr/bin/python3.8 "-u" "/opt/ros/humble/share/ament_cmake_test/cmake/run_test.py" "/workspaces/isaac_ros-dev/build/isaac_ros_nitros_point_cloud_type/test_results/isaac_ros_nitros_point_cloud_type/cpplint.xunit.xml" "--package-name" "isaac_ros_nitros_point_cloud_type" "--output-file" "/workspaces/isaac_ros-dev/build/isaac_ros_nitros_point_cloud_type/ament_cpplint/cpplint.txt" "--command" "/opt/ros/humble/bin/ament_cpplint" "--xunit-file" "/workspaces/isaac_ros-dev/build/isaac_ros_nitros_point_cloud_type/test_results/isaac_ros_nitros_point_cloud_type/cpplint.xunit.xml"</Value>
				</NamedMeasurement>
				<NamedMeasurement type="text/string" name="Environment">
					<Value>#CTEST_RESOURCE_GROUP_COUNT=</Value>
				</NamedMeasurement>
				<Measurement>
					<Value>-- run_test.py: invoking following command in '/workspaces/isaac_ros-dev/isaac_ros_nitros/isaac_ros_nitros_type/isaac_ros_nitros_point_cloud_type':
 - /opt/ros/humble/bin/ament_cpplint --xunit-file /workspaces/isaac_ros-dev/build/isaac_ros_nitros_point_cloud_type/test_results/isaac_ros_nitros_point_cloud_type/cpplint.xunit.xml
Using '--root=/workspaces/isaac_ros-dev/isaac_ros_nitros/isaac_ros_nitros_type/isaac_ros_nitros_point_cloud_type/include' argument

Done processing /workspaces/isaac_ros-dev/isaac_ros_nitros/isaac_ros_nitros_type/isaac_ros_nitros_point_cloud_type/include/isaac_ros_nitros_point_cloud_type/nitros_point_cloud.hpp

Using '--root=/workspaces/isaac_ros-dev/isaac_ros_nitros/isaac_ros_nitros_type/isaac_ros_nitros_point_cloud_type/src' argument

Done processing /workspaces/isaac_ros-dev/isaac_ros_nitros/isaac_ros_nitros_type/isaac_ros_nitros_point_cloud_type/src/nitros_point_cloud.cpp

Using '--root=/workspaces/isaac_ros-dev/isaac_ros_nitros/isaac_ros_nitros_type/isaac_ros_nitros_point_cloud_type/test/src' argument

Done processing /workspaces/isaac_ros-dev/isaac_ros_nitros/isaac_ros_nitros_type/isaac_ros_nitros_point_cloud_type/test/src/nitros_point_cloud_forward_node.cpp

No problems found
-- run_test.py: return code 0
-- run_test.py: verify result file '/workspaces/isaac_ros-dev/build/isaac_ros_nitros_point_cloud_type/test_results/isaac_ros_nitros_point_cloud_type/cpplint.xunit.xml'
</Value>
				</Measurement>
			</Results>
			<Labels>
				<Label>cpplint</Label>
				<Label>linter</Label>
			</Labels>
		</Test>
		<Test Status="passed">
			<Name>flake8</Name>
			<Path>.</Path>
			<FullName>./flake8</FullName>
			<FullCommandLine>/usr/bin/python3.8 "-u" "/opt/ros/humble/share/ament_cmake_test/cmake/run_test.py" "/workspaces/isaac_ros-dev/build/isaac_ros_nitros_point_cloud_type/test_results/isaac_ros_nitros_point_cloud_type/flake8.xunit.xml" "--package-name" "isaac_ros_nitros_point_cloud_type" "--output-file" "/workspaces/isaac_ros-dev/build/isaac_ros_nitros_point_cloud_type/ament_flake8/flake8.txt" "--command" "/opt/ros/humble/bin/ament_flake8" "--xunit-file" "/workspaces/isaac_ros-dev/build/isaac_ros_nitros_point_cloud_type/test_results/isaac_ros_nitros_point_cloud_type/flake8.xunit.xml"</FullCommandLine>
			<Results>
				<NamedMeasurement type="numeric/double" name="Execution Time">
					<Value>3.03042</Value>
				</NamedMeasurement>
				<NamedMeasurement type="numeric/double" name="Processors">
					<Value>1</Value>
				</NamedMeasurement>
				<NamedMeasurement type="text/string" name="Completion Status">
					<Value>Completed</Value>
				</NamedMeasurement>
				<NamedMeasurement type="text/string" name="Command Line">
					<Value>/usr/bin/python3.8 "-u" "/opt/ros/humble/share/ament_cmake_test/cmake/run_test.py" "/workspaces/isaac_ros-dev/build/isaac_ros_nitros_point_cloud_type/test_results/isaac_ros_nitros_point_cloud_type/flake8.xunit.xml" "--package-name" "isaac_ros_nitros_point_cloud_type" "--output-file" "/workspaces/isaac_ros-dev/build/isaac_ros_nitros_point_cloud_type/ament_flake8/flake8.txt" "--command" "/opt/ros/humble/bin/ament_flake8" "--xunit-file" "/workspaces/isaac_ros-dev/build/isaac_ros_nitros_point_cloud_type/test_results/isaac_ros_nitros_point_cloud_type/flake8.xunit.xml"</Value>
				</NamedMeasurement>
				<NamedMeasurement type="text/string" name="Environment">
					<Value>#CTEST_RESOURCE_GROUP_COUNT=</Value>
				</NamedMeasurement>
				<Measurement>
					<Value>-- run_test.py: invoking following command in '/workspaces/isaac_ros-dev/isaac_ros_nitros/isaac_ros_nitros_type/isaac_ros_nitros_point_cloud_type':
 - /opt/ros/humble/bin/ament_flake8 --xunit-file /workspaces/isaac_ros-dev/build/isaac_ros_nitros_point_cloud_type/test_results/isaac_ros_nitros_point_cloud_type/flake8.xunit.xml

1 files checked
No problems found

Checked files:

* ./test/isaac_ros_nitros_point_cloud_type_test_pol.py
-- run_test.py: return code 0
-- run_test.py: verify result file '/workspaces/isaac_ros-dev/build/isaac_ros_nitros_point_cloud_type/test_results/isaac_ros_nitros_point_cloud_type/flake8.xunit.xml'
</Value>
				</Measurement>
			</Results>
			<Labels>
				<Label>flake8</Label>
				<Label>linter</Label>
			</Labels>
		</Test>
		<Test Status="passed">
			<Name>lint_cmake</Name>
			<Path>.</Path>
			<FullName>./lint_cmake</FullName>
			<FullCommandLine>/usr/bin/python3.8 "-u" "/opt/ros/humble/share/ament_cmake_test/cmake/run_test.py" "/workspaces/isaac_ros-dev/build/isaac_ros_nitros_point_cloud_type/test_results/isaac_ros_nitros_point_cloud_type/lint_cmake.xunit.xml" "--package-name" "isaac_ros_nitros_point_cloud_type" "--output-file" "/workspaces/isaac_ros-dev/build/isaac_ros_nitros_point_cloud_type/ament_lint_cmake/lint_cmake.txt" "--command" "/opt/ros/humble/bin/ament_lint_cmake" "--xunit-file" "/workspaces/isaac_ros-dev/build/isaac_ros_nitros_point_cloud_type/test_results/isaac_ros_nitros_point_cloud_type/lint_cmake.xunit.xml"</FullCommandLine>
			<Results>
				<NamedMeasurement type="numeric/double" name="Execution Time">
					<Value>1.99644</Value>
				</NamedMeasurement>
				<NamedMeasurement type="numeric/double" name="Processors">
					<Value>1</Value>
				</NamedMeasurement>
				<NamedMeasurement type="text/string" name="Completion Status">
					<Value>Completed</Value>
				</NamedMeasurement>
				<NamedMeasurement type="text/string" name="Command Line">
					<Value>/usr/bin/python3.8 "-u" "/opt/ros/humble/share/ament_cmake_test/cmake/run_test.py" "/workspaces/isaac_ros-dev/build/isaac_ros_nitros_point_cloud_type/test_results/isaac_ros_nitros_point_cloud_type/lint_cmake.xunit.xml" "--package-name" "isaac_ros_nitros_point_cloud_type" "--output-file" "/workspaces/isaac_ros-dev/build/isaac_ros_nitros_point_cloud_type/ament_lint_cmake/lint_cmake.txt" "--command" "/opt/ros/humble/bin/ament_lint_cmake" "--xunit-file" "/workspaces/isaac_ros-dev/build/isaac_ros_nitros_point_cloud_type/test_results/isaac_ros_nitros_point_cloud_type/lint_cmake.xunit.xml"</Value>
				</NamedMeasurement>
				<NamedMeasurement type="text/string" name="Environment">
					<Value>#CTEST_RESOURCE_GROUP_COUNT=</Value>
				</NamedMeasurement>
				<Measurement>
					<Value>-- run_test.py: invoking following command in '/workspaces/isaac_ros-dev/isaac_ros_nitros/isaac_ros_nitros_type/isaac_ros_nitros_point_cloud_type':
 - /opt/ros/humble/bin/ament_lint_cmake --xunit-file /workspaces/isaac_ros-dev/build/isaac_ros_nitros_point_cloud_type/test_results/isaac_ros_nitros_point_cloud_type/lint_cmake.xunit.xml

No problems found
-- run_test.py: return code 0
-- run_test.py: verify result file '/workspaces/isaac_ros-dev/build/isaac_ros_nitros_point_cloud_type/test_results/isaac_ros_nitros_point_cloud_type/lint_cmake.xunit.xml'
</Value>
				</Measurement>
			</Results>
			<Labels>
				<Label>lint_cmake</Label>
				<Label>linter</Label>
			</Labels>
		</Test>
		<Test Status="passed">
			<Name>pep257</Name>
			<Path>.</Path>
			<FullName>./pep257</FullName>
			<FullCommandLine>/usr/bin/python3.8 "-u" "/opt/ros/humble/share/ament_cmake_test/cmake/run_test.py" "/workspaces/isaac_ros-dev/build/isaac_ros_nitros_point_cloud_type/test_results/isaac_ros_nitros_point_cloud_type/pep257.xunit.xml" "--package-name" "isaac_ros_nitros_point_cloud_type" "--output-file" "/workspaces/isaac_ros-dev/build/isaac_ros_nitros_point_cloud_type/ament_pep257/pep257.txt" "--command" "/opt/ros/humble/bin/ament_pep257" "--xunit-file" "/workspaces/isaac_ros-dev/build/isaac_ros_nitros_point_cloud_type/test_results/isaac_ros_nitros_point_cloud_type/pep257.xunit.xml"</FullCommandLine>
			<Results>
				<NamedMeasurement type="numeric/double" name="Execution Time">
					<Value>2.29668</Value>
				</NamedMeasurement>
				<NamedMeasurement type="numeric/double" name="Processors">
					<Value>1</Value>
				</NamedMeasurement>
				<NamedMeasurement type="text/string" name="Completion Status">
					<Value>Completed</Value>
				</NamedMeasurement>
				<NamedMeasurement type="text/string" name="Command Line">
					<Value>/usr/bin/python3.8 "-u" "/opt/ros/humble/share/ament_cmake_test/cmake/run_test.py" "/workspaces/isaac_ros-dev/build/isaac_ros_nitros_point_cloud_type/test_results/isaac_ros_nitros_point_cloud_type/pep257.xunit.xml" "--package-name" "isaac_ros_nitros_point_cloud_type" "--output-file" "/workspaces/isaac_ros-dev/build/isaac_ros_nitros_point_cloud_type/ament_pep257/pep257.txt" "--command" "/opt/ros/humble/bin/ament_pep257" "--xunit-file" "/workspaces/isaac_ros-dev/build/isaac_ros_nitros_point_cloud_type/test_results/isaac_ros_nitros_point_cloud_type/pep257.xunit.xml"</Value>
				</NamedMeasurement>
				<NamedMeasurement type="text/string" name="Environment">
					<Value>#CTEST_RESOURCE_GROUP_COUNT=</Value>
				</NamedMeasurement>
				<Measurement>
					<Value>-- run_test.py: invoking following command in '/workspaces/isaac_ros-dev/isaac_ros_nitros/isaac_ros_nitros_type/isaac_ros_nitros_point_cloud_type':
 - /opt/ros/humble/bin/ament_pep257 --xunit-file /workspaces/isaac_ros-dev/build/isaac_ros_nitros_point_cloud_type/test_results/isaac_ros_nitros_point_cloud_type/pep257.xunit.xml
checking ./test/isaac_ros_nitros_point_cloud_type_test_pol.py
No problems found
-- run_test.py: return code 0
-- run_test.py: verify result file '/workspaces/isaac_ros-dev/build/isaac_ros_nitros_point_cloud_type/test_results/isaac_ros_nitros_point_cloud_type/pep257.xunit.xml'
</Value>
				</Measurement>
			</Results>
			<Labels>
				<Label>linter</Label>
				<Label>pep257</Label>
			</Labels>
		</Test>
		<Test Status="passed">
			<Name>uncrustify</Name>
			<Path>.</Path>
			<FullName>./uncrustify</FullName>
			<FullCommandLine>/usr/bin/python3.8 "-u" "/opt/ros/humble/share/ament_cmake_test/cmake/run_test.py" "/workspaces/isaac_ros-dev/build/isaac_ros_nitros_point_cloud_type/test_results/isaac_ros_nitros_point_cloud_type/uncrustify.xunit.xml" "--package-name" "isaac_ros_nitros_point_cloud_type" "--output-file" "/workspaces/isaac_ros-dev/build/isaac_ros_nitros_point_cloud_type/ament_uncrustify/uncrustify.txt" "--command" "/opt/ros/humble/bin/ament_uncrustify" "--xunit-file" "/workspaces/isaac_ros-dev/build/isaac_ros_nitros_point_cloud_type/test_results/isaac_ros_nitros_point_cloud_type/uncrustify.xunit.xml"</FullCommandLine>
			<Results>
				<NamedMeasurement type="numeric/double" name="Execution Time">
					<Value>2.12939</Value>
				</NamedMeasurement>
				<NamedMeasurement type="numeric/double" name="Processors">
					<Value>1</Value>
				</NamedMeasurement>
				<NamedMeasurement type="text/string" name="Completion Status">
					<Value>Completed</Value>
				</NamedMeasurement>
				<NamedMeasurement type="text/string" name="Command Line">
					<Value>/usr/bin/python3.8 "-u" "/opt/ros/humble/share/ament_cmake_test/cmake/run_test.py" "/workspaces/isaac_ros-dev/build/isaac_ros_nitros_point_cloud_type/test_results/isaac_ros_nitros_point_cloud_type/uncrustify.xunit.xml" "--package-name" "isaac_ros_nitros_point_cloud_type" "--output-file" "/workspaces/isaac_ros-dev/build/isaac_ros_nitros_point_cloud_type/ament_uncrustify/uncrustify.txt" "--command" "/opt/ros/humble/bin/ament_uncrustify" "--xunit-file" "/workspaces/isaac_ros-dev/build/isaac_ros_nitros_point_cloud_type/test_results/isaac_ros_nitros_point_cloud_type/uncrustify.xunit.xml"</Value>
				</NamedMeasurement>
				<NamedMeasurement type="text/string" name="Environment">
					<Value>#CTEST_RESOURCE_GROUP_COUNT=</Value>
				</NamedMeasurement>
				<Measurement>
					<Value>-- run_test.py: invoking following command in '/workspaces/isaac_ros-dev/isaac_ros_nitros/isaac_ros_nitros_type/isaac_ros_nitros_point_cloud_type':
 - /opt/ros/humble/bin/ament_uncrustify --xunit-file /workspaces/isaac_ros-dev/build/isaac_ros_nitros_point_cloud_type/test_results/isaac_ros_nitros_point_cloud_type/uncrustify.xunit.xml
No code style divergence in file 'include/isaac_ros_nitros_point_cloud_type/nitros_point_cloud.hpp'

No code style divergence in file 'src/nitros_point_cloud.cpp'

No code style divergence in file 'test/src/nitros_point_cloud_forward_node.cpp'

No problems found
-- run_test.py: return code 0
-- run_test.py: verify result file '/workspaces/isaac_ros-dev/build/isaac_ros_nitros_point_cloud_type/test_results/isaac_ros_nitros_point_cloud_type/uncrustify.xunit.xml'
</Value>
				</Measurement>
			</Results>
			<Labels>
				<Label>linter</Label>
				<Label>uncrustify</Label>
			</Labels>
		</Test>
		<Test Status="passed">
			<Name>xmllint</Name>
			<Path>.</Path>
			<FullName>./xmllint</FullName>
			<FullCommandLine>/usr/bin/python3.8 "-u" "/opt/ros/humble/share/ament_cmake_test/cmake/run_test.py" "/workspaces/isaac_ros-dev/build/isaac_ros_nitros_point_cloud_type/test_results/isaac_ros_nitros_point_cloud_type/xmllint.xunit.xml" "--package-name" "isaac_ros_nitros_point_cloud_type" "--output-file" "/workspaces/isaac_ros-dev/build/isaac_ros_nitros_point_cloud_type/ament_xmllint/xmllint.txt" "--command" "/opt/ros/humble/bin/ament_xmllint" "--xunit-file" "/workspaces/isaac_ros-dev/build/isaac_ros_nitros_point_cloud_type/test_results/isaac_ros_nitros_point_cloud_type/xmllint.xunit.xml"</FullCommandLine>
			<Results>
				<NamedMeasurement type="numeric/double" name="Execution Time">
					<Value>2.19661</Value>
				</NamedMeasurement>
				<NamedMeasurement type="numeric/double" name="Processors">
					<Value>1</Value>
				</NamedMeasurement>
				<NamedMeasurement type="text/string" name="Completion Status">
					<Value>Completed</Value>
				</NamedMeasurement>
				<NamedMeasurement type="text/string" name="Command Line">
					<Value>/usr/bin/python3.8 "-u" "/opt/ros/humble/share/ament_cmake_test/cmake/run_test.py" "/workspaces/isaac_ros-dev/build/isaac_ros_nitros_point_cloud_type/test_results/isaac_ros_nitros_point_cloud_type/xmllint.xunit.xml" "--package-name" "isaac_ros_nitros_point_cloud_type" "--output-file" "/workspaces/isaac_ros-dev/build/isaac_ros_nitros_point_cloud_type/ament_xmllint/xmllint.txt" "--command" "/opt/ros/humble/bin/ament_xmllint" "--xunit-file" "/workspaces/isaac_ros-dev/build/isaac_ros_nitros_point_cloud_type/test_results/isaac_ros_nitros_point_cloud_type/xmllint.xunit.xml"</Value>
				</NamedMeasurement>
				<NamedMeasurement type="text/string" name="Environment">
					<Value>#CTEST_RESOURCE_GROUP_COUNT=</Value>
				</NamedMeasurement>
				<Measurement>
					<Value>-- run_test.py: invoking following command in '/workspaces/isaac_ros-dev/isaac_ros_nitros/isaac_ros_nitros_type/isaac_ros_nitros_point_cloud_type':
 - /opt/ros/humble/bin/ament_xmllint --xunit-file /workspaces/isaac_ros-dev/build/isaac_ros_nitros_point_cloud_type/test_results/isaac_ros_nitros_point_cloud_type/xmllint.xunit.xml
File 'package.xml' is valid

No problems found
-- run_test.py: return code 0
-- run_test.py: verify result file '/workspaces/isaac_ros-dev/build/isaac_ros_nitros_point_cloud_type/test_results/isaac_ros_nitros_point_cloud_type/xmllint.xunit.xml'
</Value>
				</Measurement>
			</Results>
			<Labels>
				<Label>linter</Label>
				<Label>xmllint</Label>
			</Labels>
		</Test>
		<EndDateTime>Nov 02 20:07 CDT</EndDateTime>
		<EndTestTime>1698973658</EndTestTime>
		<ElapsedMinutes>0</ElapsedMinutes>
	</Testing>
</Site>
