<?xml version='1.0' encoding='utf-8'?>
<testsuites name="isaac_ros_nitros_disparity_image_type.isaac_ros_nitros_disparity_image_type_test_pol" tests="1" failures="0" errors="0" time="5.577"><testsuite name="isaac_ros_nitros_disparity_image_type.isaac_ros_nitros_disparity_image_type_test_pol.launch_tests" tests="1" failures="0" errors="0" skipped="0" time="5.577"><testcase classname="isaac_ros_nitros_disparity_image_type.IsaacROSDisparityImageTest" name="test_nitros_image_type_conversions" time="5.577" /></testsuite></testsuites>