<?xml version="1.0" encoding="UTF-8"?>
<Site BuildName="(empty)"
	BuildStamp="20231103-0105-Experimental"
	Name="roboticsatiowa-desktop"
	Generator="ctest-3.22.1"
	CompilerName="/usr/bin/c++"
	CompilerVersion="9.4.0"
	OSName="Linux"
	Hostname="roboticsatiowa-desktop"
	OSRelease="5.10.120-tegra"
	OSVersion="#1 SMP PREEMPT Tue Aug 1 12:32:50 PDT 2023"
	OSPlatform="aarch64"
	Is64Bits="1"
	VendorString=""
	VendorID="Unknown Manufacturer"
	FamilyID="8"
	ModelID="0"
	ProcessorCacheSize="0"
	NumberOfLogicalCPU="6"
	NumberOfPhysicalCPU="1"
	TotalVirtualMemory="3422"
	TotalPhysicalMemory="6845"
	LogicalProcessorsPerPhysical="6"
	ProcessorClockFrequency="0"
	>
	<Testing>
		<StartDateTime>Nov 02 20:05 CDT</StartDateTime>
		<StartTestTime>1698973542</StartTestTime>
		<TestList>
			<Test>./test_isaac_ros_nitros_imu_type_test_pol.py</Test>
			<Test>./cppcheck</Test>
			<Test>./cpplint</Test>
			<Test>./flake8</Test>
			<Test>./lint_cmake</Test>
			<Test>./pep257</Test>
			<Test>./uncrustify</Test>
			<Test>./xmllint</Test>
		</TestList>
		<Test Status="passed">
			<Name>test_isaac_ros_nitros_imu_type_test_pol.py</Name>
			<Path>.</Path>
			<FullName>./test_isaac_ros_nitros_imu_type_test_pol.py</FullName>
			<FullCommandLine>/usr/bin/python3.8 "-u" "/opt/ros/humble/share/ament_cmake_test/cmake/run_test.py" "/workspaces/isaac_ros-dev/build/isaac_ros_nitros_imu_type/test_results/isaac_ros_nitros_imu_type/test_isaac_ros_nitros_imu_type_test_pol.py.xunit.xml" "--package-name" "isaac_ros_nitros_imu_type" "--output-file" "/workspaces/isaac_ros-dev/build/isaac_ros_nitros_imu_type/launch_test/test_isaac_ros_nitros_imu_type_test_pol.py.txt" "--command" "/usr/bin/python3" "-m" "launch_testing.launch_test" "/workspaces/isaac_ros-dev/isaac_ros_nitros/isaac_ros_nitros_type/isaac_ros_nitros_imu_type/test/isaac_ros_nitros_imu_type_test_pol.py" "--junit-xml=/workspaces/isaac_ros-dev/build/isaac_ros_nitros_imu_type/test_results/isaac_ros_nitros_imu_type/test_isaac_ros_nitros_imu_type_test_pol.py.xunit.xml" "--package-name=isaac_ros_nitros_imu_type"</FullCommandLine>
			<Results>
				<NamedMeasurement type="numeric/double" name="Execution Time">
					<Value>11.28</Value>
				</NamedMeasurement>
				<NamedMeasurement type="numeric/double" name="Processors">
					<Value>1</Value>
				</NamedMeasurement>
				<NamedMeasurement type="text/string" name="Completion Status">
					<Value>Completed</Value>
				</NamedMeasurement>
				<NamedMeasurement type="text/string" name="Command Line">
					<Value>/usr/bin/python3.8 "-u" "/opt/ros/humble/share/ament_cmake_test/cmake/run_test.py" "/workspaces/isaac_ros-dev/build/isaac_ros_nitros_imu_type/test_results/isaac_ros_nitros_imu_type/test_isaac_ros_nitros_imu_type_test_pol.py.xunit.xml" "--package-name" "isaac_ros_nitros_imu_type" "--output-file" "/workspaces/isaac_ros-dev/build/isaac_ros_nitros_imu_type/launch_test/test_isaac_ros_nitros_imu_type_test_pol.py.txt" "--command" "/usr/bin/python3" "-m" "launch_testing.launch_test" "/workspaces/isaac_ros-dev/isaac_ros_nitros/isaac_ros_nitros_type/isaac_ros_nitros_imu_type/test/isaac_ros_nitros_imu_type_test_pol.py" "--junit-xml=/workspaces/isaac_ros-dev/build/isaac_ros_nitros_imu_type/test_results/isaac_ros_nitros_imu_type/test_isaac_ros_nitros_imu_type_test_pol.py.xunit.xml" "--package-name=isaac_ros_nitros_imu_type"</Value>
				</NamedMeasurement>
				<NamedMeasurement type="text/string" name="Environment">
					<Value>#CTEST_RESOURCE_GROUP_COUNT=</Value>
				</NamedMeasurement>
				<Measurement>
					<Value>-- run_test.py: invoking following command in '/workspaces/isaac_ros-dev/build/isaac_ros_nitros_imu_type':
 - /usr/bin/python3 -m launch_testing.launch_test /workspaces/isaac_ros-dev/isaac_ros_nitros/isaac_ros_nitros_type/isaac_ros_nitros_imu_type/test/isaac_ros_nitros_imu_type_test_pol.py --junit-xml=/workspaces/isaac_ros-dev/build/isaac_ros_nitros_imu_type/test_results/isaac_ros_nitros_imu_type/test_isaac_ros_nitros_imu_type_test_pol.py.xunit.xml --package-name=isaac_ros_nitros_imu_type
[INFO] [launch]: All log files can be found below /home/admin/.ros/log/2023-11-02-20-05-47-539781-roboticsatiowa-desktop-12557
[INFO] [launch]: Default logging verbosity is set to INFO
[INFO] [component_container_mt-1]: process started with pid [12595]
[component_container_mt-1] [INFO] [1698973548.261416663] [isaac_ros_nitros_container.test_container]: Load Library: /workspaces/isaac_ros-dev/install/isaac_ros_nitros_imu_type/lib/libisaac_ros_nitros_imu_forward_node.so
[component_container_mt-1] [INFO] [1698973548.335954050] [isaac_ros_nitros_container.test_container]: Found class: rclcpp_components::NodeFactoryTemplate&lt;nvidia::isaac_ros::nitros::NitrosImuForwardNode&gt;
[component_container_mt-1] [INFO] [1698973548.336175555] [isaac_ros_nitros_container.test_container]: Instantiate class: rclcpp_components::NodeFactoryTemplate&lt;nvidia::isaac_ros::nitros::NitrosImuForwardNode&gt;
[component_container_mt-1] [INFO] [1698973548.367996962] [NitrosContext]: [NitrosContext] Creating a new shared context
[component_container_mt-1] [INFO] [1698973548.369046471] [isaac_ros_test.NitrosImuForwardNode]: [NitrosNode] Initializing NitrosNode
[component_container_mt-1] [INFO] [1698973548.373832602] [NitrosContext]: [NitrosContext] Loading extension: gxf/lib/std/libgxf_std.so
[component_container_mt-1] [INFO] [1698973548.402086411] [NitrosContext]: [NitrosContext] Loading extension: gxf/lib/libgxf_gxf_helpers.so
[component_container_mt-1] [INFO] [1698973548.414946015] [NitrosContext]: [NitrosContext] Loading extension: gxf/lib/libgxf_sight.so
[component_container_mt-1] [INFO] [1698973548.428732566] [NitrosContext]: [NitrosContext] Loading extension: gxf/lib/libgxf_atlas.so
[component_container_mt-1] [INFO] [1698973548.442837551] [NitrosContext]: [NitrosContext] Loading application: '/workspaces/isaac_ros-dev/install/isaac_ros_nitros/share/isaac_ros_nitros/config/type_adapter_nitros_context_graph.yaml'
[component_container_mt-1] [INFO] [1698973548.447257888] [NitrosContext]: [NitrosContext] Initializing application...
[component_container_mt-1] [INFO] [1698973548.472087748] [NitrosContext]: [NitrosContext] Running application...
[component_container_mt-1] [NON-XML-CHAR-0x1B][33m2023-11-02 20:05:48.472 WARN  gxf/std/program.cpp@514: No system specified. Nothing to do[NON-XML-CHAR-0x1B][0m
[component_container_mt-1] [INFO] [1698973548.477489370] [isaac_ros_test.NitrosImuForwardNode]: [NitrosNode] Starting NitrosNode
[component_container_mt-1] [INFO] [1698973548.477650682] [isaac_ros_test.NitrosImuForwardNode]: [NitrosNode] Loading built-in preset extension specs
[component_container_mt-1] [INFO] [1698973548.488610950] [isaac_ros_test.NitrosImuForwardNode]: [NitrosNode] Loading built-in extension specs
[component_container_mt-1] [INFO] [1698973548.488829127] [isaac_ros_test.NitrosImuForwardNode]: [NitrosNode] Loading preset extension specs
[component_container_mt-1] [INFO] [1698973548.488889415] [isaac_ros_test.NitrosImuForwardNode]: [NitrosNode] Loading extension specs
[component_container_mt-1] [INFO] [1698973548.488944135] [isaac_ros_test.NitrosImuForwardNode]: [NitrosNode] Loading generator rules
[component_container_mt-1] [INFO] [1698973548.489037512] [isaac_ros_test.NitrosImuForwardNode]: [NitrosNode] Loading extensions
[component_container_mt-1] [INFO] [1698973548.491010544] [isaac_ros_test.NitrosImuForwardNode]: [NitrosContext] Loading extension: gxf/lib/libgxf_message_compositor.so
[component_container_mt-1] [INFO] [1698973548.501857339] [isaac_ros_test.NitrosImuForwardNode]: [NitrosContext] Loading extension: gxf/lib/cuda/libgxf_cuda.so
[component_container_mt-1] [INFO] [1698973548.514822159] [isaac_ros_test.NitrosImuForwardNode]: [NitrosContext] Loading extension: gxf/lib/serialization/libgxf_serialization.so
[component_container_mt-1] [INFO] [1698973548.535608483] [isaac_ros_test.NitrosImuForwardNode]: [NitrosContext] Loading extension: gxf/lib/libgxf_isaac_messages.so
[component_container_mt-1] [INFO] [1698973548.551067329] [isaac_ros_test.NitrosImuForwardNode]: [NitrosNode] Loading graph to the optimizer
[component_container_mt-1] [INFO] [1698973548.557092761] [isaac_ros_test.NitrosImuForwardNode]: [NitrosNode] Running optimization
[component_container_mt-1] [INFO] [1698973548.566624063] [isaac_ros_test.NitrosImuForwardNode]: [NitrosNode] Obtaining graph IO group info from the optimizer
[component_container_mt-1] [INFO] [1698973548.568010501] [isaac_ros_test.NitrosImuForwardNode]: [NitrosNode] Creating negotiated publishers/subscribers
[component_container_mt-1] [INFO] [1698973548.568181349] [isaac_ros_test.NitrosImuForwardNode]: [NitrosPublisherSubscriberGroup] Expanding "any" data formats to all registered data formats
[component_container_mt-1] [INFO] [1698973548.568301542] [isaac_ros_test.NitrosImuForwardNode]: [NitrosPublisherSubscriberGroup] Pinning the component "forward/input" (type="nvidia::gxf::DoubleBufferReceiver") to use its compatible format only: "nitros_imu"
[component_container_mt-1] [INFO] [1698973548.568435814] [isaac_ros_test.NitrosImuForwardNode]: [NitrosPublisherSubscriberGroup] Pinning the component "sink/sink" (type="nvidia::isaac_ros::MessageRelay") to use its compatible format only: "nitros_imu"
[component_container_mt-1] [INFO] [1698973548.591591683] [isaac_ros_test.NitrosImuForwardNode]: [NitrosNode] Starting negotiation...
[INFO] [launch_ros.actions.load_composable_nodes]: Loaded node '/isaac_ros_test/NitrosImuForwardNode' in container '/isaac_ros_nitros_container/test_container'
[component_container_mt-1] [INFO] [1698973549.593772055] [isaac_ros_test.NitrosImuForwardNode]: [NitrosNode] Starting post negotiation setup
[component_container_mt-1] [INFO] [1698973549.594177400] [isaac_ros_test.NitrosImuForwardNode]: [NitrosNode] Getting data format negotiation results
[component_container_mt-1] [INFO] [1698973549.594328025] [isaac_ros_test.NitrosImuForwardNode]: [NitrosPublisher] Negotiation ended with no results
[component_container_mt-1] [INFO] [1698973549.594414681] [isaac_ros_test.NitrosImuForwardNode]: [NitrosPublisher] Use only the compatible publisher: topic_name="/isaac_ros_test/output", data_format="nitros_imu"
[component_container_mt-1] [INFO] [1698973549.594482521] [isaac_ros_test.NitrosImuForwardNode]: [NitrosSubscriber] Negotiation ended with no results
[component_container_mt-1] [INFO] [1698973549.594540858] [isaac_ros_test.NitrosImuForwardNode]: [NitrosSubscriber] Use the compatible subscriber: topic_name="/isaac_ros_test/input", data_format="nitros_imu"
[component_container_mt-1] [INFO] [1698973549.594662810] [isaac_ros_test.NitrosImuForwardNode]: [NitrosNode] Exporting the final graph based on the negotiation results
[component_container_mt-1] [INFO] [1698973549.614107720] [isaac_ros_test.NitrosImuForwardNode]: [NitrosNode] Wrote the final top level YAML graph to "/workspaces/isaac_ros-dev/install/isaac_ros_nitros_imu_type/share/isaac_ros_nitros_imu_type/HSVALYSXFS.yaml"
[component_container_mt-1] [INFO] [1698973549.614312809] [isaac_ros_test.NitrosImuForwardNode]: [NitrosNode] Calling user's pre-load-graph callback
[component_container_mt-1] [INFO] [1698973549.614376265] [isaac_ros_test.NitrosImuForwardNode]: [NitrosNode] Loading application
[component_container_mt-1] [INFO] [1698973549.614436618] [isaac_ros_test.NitrosImuForwardNode]: [NitrosContext] Loading application: '/workspaces/isaac_ros-dev/install/isaac_ros_nitros_imu_type/share/isaac_ros_nitros_imu_type/HSVALYSXFS.yaml'
[component_container_mt-1] [INFO] [1698973549.623458670] [isaac_ros_test.NitrosImuForwardNode]: [NitrosNode] Linking Nitros pub/sub to the loaded application
[component_container_mt-1] [INFO] [1698973549.623991248] [isaac_ros_test.NitrosImuForwardNode]: [NitrosNode] Calling user's post-load-graph callback
[component_container_mt-1] [INFO] [1698973549.624127536] [isaac_ros_test.NitrosImuForwardNode]: [NitrosContext] Initializing application...
[component_container_mt-1] [INFO] [1698973549.640327057] [isaac_ros_test.NitrosImuForwardNode]: [NitrosContext] Running application...
[component_container_mt-1] [INFO] [1698973549.640899156] [isaac_ros_test.NitrosImuForwardNode]: [NitrosNode] Starting a heartbeat timer (eid=17)
Warning: A NumPy version &gt;=1.19.5 and &lt;1.27.0 is required for this version of SciPy (detected version 1.17.4)
test_nitros_imu_type_conversions (isaac_ros_nitros_imu_type.IsaacROSNitrosImuTest)
Expect the tag from NitrosImu type to be compatible with source. ... [INFO] [1698973550.918955418] [isaac_ros_test.isaac_ros_base_test_node]: Starting test for case: /workspaces/isaac_ros-dev/isaac_ros_nitros/isaac_ros_nitros_type/isaac_ros_nitros_imu_type/test/test_cases/nitros_imu/profile
The received imu message has been verified successfully
[INFO] [component_container_mt-1]: sending signal 'SIGINT' to process[component_container_mt-1]
[component_container_mt-1] [INFO] [1698973552.654591435] [rclcpp]: signal_handler(signum=2)
[component_container_mt-1] [INFO] [1698973552.672361874] [isaac_ros_test.NitrosImuForwardNode]: [NitrosNode] Terminating the running application
[component_container_mt-1] [INFO] [1698973552.672524723] [isaac_ros_test.NitrosImuForwardNode]: [NitrosContext] Interrupting GXF...
[component_container_mt-1] [INFO] [1698973552.672619475] [isaac_ros_test.NitrosImuForwardNode]: [NitrosContext] Waiting on GXF...
[component_container_mt-1] [INFO] [1698973552.673377942] [isaac_ros_test.NitrosImuForwardNode]: [NitrosContext] Deinitializing...
[component_container_mt-1] [INFO] [1698973552.674310330] [isaac_ros_test.NitrosImuForwardNode]: [NitrosContext] Destroying context
[component_container_mt-1] [INFO] [1698973552.681331542] [isaac_ros_test.NitrosImuForwardNode]: [NitrosNode] Application termination done
[INFO] [component_container_mt-1]: process has finished cleanly [pid 12595]
ok

----------------------------------------------------------------------
Ran 1 test in 1.287s

OK

----------------------------------------------------------------------
Ran 0 tests in 0.000s

OK
-- run_test.py: return code 0
-- run_test.py: verify result file '/workspaces/isaac_ros-dev/build/isaac_ros_nitros_imu_type/test_results/isaac_ros_nitros_imu_type/test_isaac_ros_nitros_imu_type_test_pol.py.xunit.xml'
</Value>
				</Measurement>
			</Results>
			<Labels>
				<Label>launch_test</Label>
			</Labels>
		</Test>
		<Test Status="passed">
			<Name>cppcheck</Name>
			<Path>.</Path>
			<FullName>./cppcheck</FullName>
			<FullCommandLine>/usr/bin/python3.8 "-u" "/opt/ros/humble/share/ament_cmake_test/cmake/run_test.py" "/workspaces/isaac_ros-dev/build/isaac_ros_nitros_imu_type/test_results/isaac_ros_nitros_imu_type/cppcheck.xunit.xml" "--package-name" "isaac_ros_nitros_imu_type" "--output-file" "/workspaces/isaac_ros-dev/build/isaac_ros_nitros_imu_type/ament_cppcheck/cppcheck.txt" "--command" "/opt/ros/humble/bin/ament_cppcheck" "--xunit-file" "/workspaces/isaac_ros-dev/build/isaac_ros_nitros_imu_type/test_results/isaac_ros_nitros_imu_type/cppcheck.xunit.xml" "--include_dirs" "/workspaces/isaac_ros-dev/isaac_ros_nitros/isaac_ros_nitros_type/isaac_ros_nitros_imu_type/include"</FullCommandLine>
			<Results>
				<NamedMeasurement type="numeric/double" name="Execution Time">
					<Value>2.38546</Value>
				</NamedMeasurement>
				<NamedMeasurement type="numeric/double" name="Processors">
					<Value>1</Value>
				</NamedMeasurement>
				<NamedMeasurement type="text/string" name="Completion Status">
					<Value>Completed</Value>
				</NamedMeasurement>
				<NamedMeasurement type="text/string" name="Command Line">
					<Value>/usr/bin/python3.8 "-u" "/opt/ros/humble/share/ament_cmake_test/cmake/run_test.py" "/workspaces/isaac_ros-dev/build/isaac_ros_nitros_imu_type/test_results/isaac_ros_nitros_imu_type/cppcheck.xunit.xml" "--package-name" "isaac_ros_nitros_imu_type" "--output-file" "/workspaces/isaac_ros-dev/build/isaac_ros_nitros_imu_type/ament_cppcheck/cppcheck.txt" "--command" "/opt/ros/humble/bin/ament_cppcheck" "--xunit-file" "/workspaces/isaac_ros-dev/build/isaac_ros_nitros_imu_type/test_results/isaac_ros_nitros_imu_type/cppcheck.xunit.xml" "--include_dirs" "/workspaces/isaac_ros-dev/isaac_ros_nitros/isaac_ros_nitros_type/isaac_ros_nitros_imu_type/include"</Value>
				</NamedMeasurement>
				<NamedMeasurement type="text/string" name="Environment">
					<Value>#CTEST_RESOURCE_GROUP_COUNT=</Value>
				</NamedMeasurement>
				<Measurement>
					<Value>-- run_test.py: invoking following command in '/workspaces/isaac_ros-dev/isaac_ros_nitros/isaac_ros_nitros_type/isaac_ros_nitros_imu_type':
 - /opt/ros/humble/bin/ament_cppcheck --xunit-file /workspaces/isaac_ros-dev/build/isaac_ros_nitros_imu_type/test_results/isaac_ros_nitros_imu_type/cppcheck.xunit.xml --include_dirs /workspaces/isaac_ros-dev/isaac_ros_nitros/isaac_ros_nitros_type/isaac_ros_nitros_imu_type/include
No problems found
-- run_test.py: return code 0
-- run_test.py: verify result file '/workspaces/isaac_ros-dev/build/isaac_ros_nitros_imu_type/test_results/isaac_ros_nitros_imu_type/cppcheck.xunit.xml'
</Value>
				</Measurement>
			</Results>
			<Labels>
				<Label>cppcheck</Label>
				<Label>linter</Label>
			</Labels>
		</Test>
		<Test Status="passed">
			<Name>cpplint</Name>
			<Path>.</Path>
			<FullName>./cpplint</FullName>
			<FullCommandLine>/usr/bin/python3.8 "-u" "/opt/ros/humble/share/ament_cmake_test/cmake/run_test.py" "/workspaces/isaac_ros-dev/build/isaac_ros_nitros_imu_type/test_results/isaac_ros_nitros_imu_type/cpplint.xunit.xml" "--package-name" "isaac_ros_nitros_imu_type" "--output-file" "/workspaces/isaac_ros-dev/build/isaac_ros_nitros_imu_type/ament_cpplint/cpplint.txt" "--command" "/opt/ros/humble/bin/ament_cpplint" "--xunit-file" "/workspaces/isaac_ros-dev/build/isaac_ros_nitros_imu_type/test_results/isaac_ros_nitros_imu_type/cpplint.xunit.xml"</FullCommandLine>
			<Results>
				<NamedMeasurement type="numeric/double" name="Execution Time">
					<Value>2.6656</Value>
				</NamedMeasurement>
				<NamedMeasurement type="numeric/double" name="Processors">
					<Value>1</Value>
				</NamedMeasurement>
				<NamedMeasurement type="text/string" name="Completion Status">
					<Value>Completed</Value>
				</NamedMeasurement>
				<NamedMeasurement type="text/string" name="Command Line">
					<Value>/usr/bin/python3.8 "-u" "/opt/ros/humble/share/ament_cmake_test/cmake/run_test.py" "/workspaces/isaac_ros-dev/build/isaac_ros_nitros_imu_type/test_results/isaac_ros_nitros_imu_type/cpplint.xunit.xml" "--package-name" "isaac_ros_nitros_imu_type" "--output-file" "/workspaces/isaac_ros-dev/build/isaac_ros_nitros_imu_type/ament_cpplint/cpplint.txt" "--command" "/opt/ros/humble/bin/ament_cpplint" "--xunit-file" "/workspaces/isaac_ros-dev/build/isaac_ros_nitros_imu_type/test_results/isaac_ros_nitros_imu_type/cpplint.xunit.xml"</Value>
				</NamedMeasurement>
				<NamedMeasurement type="text/string" name="Environment">
					<Value>#CTEST_RESOURCE_GROUP_COUNT=</Value>
				</NamedMeasurement>
				<Measurement>
					<Value>-- run_test.py: invoking following command in '/workspaces/isaac_ros-dev/isaac_ros_nitros/isaac_ros_nitros_type/isaac_ros_nitros_imu_type':
 - /opt/ros/humble/bin/ament_cpplint --xunit-file /workspaces/isaac_ros-dev/build/isaac_ros_nitros_imu_type/test_results/isaac_ros_nitros_imu_type/cpplint.xunit.xml
Using '--root=/workspaces/isaac_ros-dev/isaac_ros_nitros/isaac_ros_nitros_type/isaac_ros_nitros_imu_type/include' argument

Done processing /workspaces/isaac_ros-dev/isaac_ros_nitros/isaac_ros_nitros_type/isaac_ros_nitros_imu_type/include/isaac_ros_nitros_imu_type/nitros_imu.hpp

Using '--root=/workspaces/isaac_ros-dev/isaac_ros_nitros/isaac_ros_nitros_type/isaac_ros_nitros_imu_type/src' argument

Done processing /workspaces/isaac_ros-dev/isaac_ros_nitros/isaac_ros_nitros_type/isaac_ros_nitros_imu_type/src/nitros_imu.cpp

Using '--root=/workspaces/isaac_ros-dev/isaac_ros_nitros/isaac_ros_nitros_type/isaac_ros_nitros_imu_type/test/src' argument

Done processing /workspaces/isaac_ros-dev/isaac_ros_nitros/isaac_ros_nitros_type/isaac_ros_nitros_imu_type/test/src/nitros_imu_forward_node.cpp

No problems found
-- run_test.py: return code 0
-- run_test.py: verify result file '/workspaces/isaac_ros-dev/build/isaac_ros_nitros_imu_type/test_results/isaac_ros_nitros_imu_type/cpplint.xunit.xml'
</Value>
				</Measurement>
			</Results>
			<Labels>
				<Label>cpplint</Label>
				<Label>linter</Label>
			</Labels>
		</Test>
		<Test Status="passed">
			<Name>flake8</Name>
			<Path>.</Path>
			<FullName>./flake8</FullName>
			<FullCommandLine>/usr/bin/python3.8 "-u" "/opt/ros/humble/share/ament_cmake_test/cmake/run_test.py" "/workspaces/isaac_ros-dev/build/isaac_ros_nitros_imu_type/test_results/isaac_ros_nitros_imu_type/flake8.xunit.xml" "--package-name" "isaac_ros_nitros_imu_type" "--output-file" "/workspaces/isaac_ros-dev/build/isaac_ros_nitros_imu_type/ament_flake8/flake8.txt" "--command" "/opt/ros/humble/bin/ament_flake8" "--xunit-file" "/workspaces/isaac_ros-dev/build/isaac_ros_nitros_imu_type/test_results/isaac_ros_nitros_imu_type/flake8.xunit.xml"</FullCommandLine>
			<Results>
				<NamedMeasurement type="numeric/double" name="Execution Time">
					<Value>3.23217</Value>
				</NamedMeasurement>
				<NamedMeasurement type="numeric/double" name="Processors">
					<Value>1</Value>
				</NamedMeasurement>
				<NamedMeasurement type="text/string" name="Completion Status">
					<Value>Completed</Value>
				</NamedMeasurement>
				<NamedMeasurement type="text/string" name="Command Line">
					<Value>/usr/bin/python3.8 "-u" "/opt/ros/humble/share/ament_cmake_test/cmake/run_test.py" "/workspaces/isaac_ros-dev/build/isaac_ros_nitros_imu_type/test_results/isaac_ros_nitros_imu_type/flake8.xunit.xml" "--package-name" "isaac_ros_nitros_imu_type" "--output-file" "/workspaces/isaac_ros-dev/build/isaac_ros_nitros_imu_type/ament_flake8/flake8.txt" "--command" "/opt/ros/humble/bin/ament_flake8" "--xunit-file" "/workspaces/isaac_ros-dev/build/isaac_ros_nitros_imu_type/test_results/isaac_ros_nitros_imu_type/flake8.xunit.xml"</Value>
				</NamedMeasurement>
				<NamedMeasurement type="text/string" name="Environment">
					<Value>#CTEST_RESOURCE_GROUP_COUNT=</Value>
				</NamedMeasurement>
				<Measurement>
					<Value>-- run_test.py: invoking following command in '/workspaces/isaac_ros-dev/isaac_ros_nitros/isaac_ros_nitros_type/isaac_ros_nitros_imu_type':
 - /opt/ros/humble/bin/ament_flake8 --xunit-file /workspaces/isaac_ros-dev/build/isaac_ros_nitros_imu_type/test_results/isaac_ros_nitros_imu_type/flake8.xunit.xml

1 files checked
No problems found

Checked files:

* ./test/isaac_ros_nitros_imu_type_test_pol.py
-- run_test.py: return code 0
-- run_test.py: verify result file '/workspaces/isaac_ros-dev/build/isaac_ros_nitros_imu_type/test_results/isaac_ros_nitros_imu_type/flake8.xunit.xml'
</Value>
				</Measurement>
			</Results>
			<Labels>
				<Label>flake8</Label>
				<Label>linter</Label>
			</Labels>
		</Test>
		<Test Status="passed">
			<Name>lint_cmake</Name>
			<Path>.</Path>
			<FullName>./lint_cmake</FullName>
			<FullCommandLine>/usr/bin/python3.8 "-u" "/opt/ros/humble/share/ament_cmake_test/cmake/run_test.py" "/workspaces/isaac_ros-dev/build/isaac_ros_nitros_imu_type/test_results/isaac_ros_nitros_imu_type/lint_cmake.xunit.xml" "--package-name" "isaac_ros_nitros_imu_type" "--output-file" "/workspaces/isaac_ros-dev/build/isaac_ros_nitros_imu_type/ament_lint_cmake/lint_cmake.txt" "--command" "/opt/ros/humble/bin/ament_lint_cmake" "--xunit-file" "/workspaces/isaac_ros-dev/build/isaac_ros_nitros_imu_type/test_results/isaac_ros_nitros_imu_type/lint_cmake.xunit.xml"</FullCommandLine>
			<Results>
				<NamedMeasurement type="numeric/double" name="Execution Time">
					<Value>2.08737</Value>
				</NamedMeasurement>
				<NamedMeasurement type="numeric/double" name="Processors">
					<Value>1</Value>
				</NamedMeasurement>
				<NamedMeasurement type="text/string" name="Completion Status">
					<Value>Completed</Value>
				</NamedMeasurement>
				<NamedMeasurement type="text/string" name="Command Line">
					<Value>/usr/bin/python3.8 "-u" "/opt/ros/humble/share/ament_cmake_test/cmake/run_test.py" "/workspaces/isaac_ros-dev/build/isaac_ros_nitros_imu_type/test_results/isaac_ros_nitros_imu_type/lint_cmake.xunit.xml" "--package-name" "isaac_ros_nitros_imu_type" "--output-file" "/workspaces/isaac_ros-dev/build/isaac_ros_nitros_imu_type/ament_lint_cmake/lint_cmake.txt" "--command" "/opt/ros/humble/bin/ament_lint_cmake" "--xunit-file" "/workspaces/isaac_ros-dev/build/isaac_ros_nitros_imu_type/test_results/isaac_ros_nitros_imu_type/lint_cmake.xunit.xml"</Value>
				</NamedMeasurement>
				<NamedMeasurement type="text/string" name="Environment">
					<Value>#CTEST_RESOURCE_GROUP_COUNT=</Value>
				</NamedMeasurement>
				<Measurement>
					<Value>-- run_test.py: invoking following command in '/workspaces/isaac_ros-dev/isaac_ros_nitros/isaac_ros_nitros_type/isaac_ros_nitros_imu_type':
 - /opt/ros/humble/bin/ament_lint_cmake --xunit-file /workspaces/isaac_ros-dev/build/isaac_ros_nitros_imu_type/test_results/isaac_ros_nitros_imu_type/lint_cmake.xunit.xml

No problems found
-- run_test.py: return code 0
-- run_test.py: verify result file '/workspaces/isaac_ros-dev/build/isaac_ros_nitros_imu_type/test_results/isaac_ros_nitros_imu_type/lint_cmake.xunit.xml'
</Value>
				</Measurement>
			</Results>
			<Labels>
				<Label>lint_cmake</Label>
				<Label>linter</Label>
			</Labels>
		</Test>
		<Test Status="passed">
			<Name>pep257</Name>
			<Path>.</Path>
			<FullName>./pep257</FullName>
			<FullCommandLine>/usr/bin/python3.8 "-u" "/opt/ros/humble/share/ament_cmake_test/cmake/run_test.py" "/workspaces/isaac_ros-dev/build/isaac_ros_nitros_imu_type/test_results/isaac_ros_nitros_imu_type/pep257.xunit.xml" "--package-name" "isaac_ros_nitros_imu_type" "--output-file" "/workspaces/isaac_ros-dev/build/isaac_ros_nitros_imu_type/ament_pep257/pep257.txt" "--command" "/opt/ros/humble/bin/ament_pep257" "--xunit-file" "/workspaces/isaac_ros-dev/build/isaac_ros_nitros_imu_type/test_results/isaac_ros_nitros_imu_type/pep257.xunit.xml"</FullCommandLine>
			<Results>
				<NamedMeasurement type="numeric/double" name="Execution Time">
					<Value>2.42768</Value>
				</NamedMeasurement>
				<NamedMeasurement type="numeric/double" name="Processors">
					<Value>1</Value>
				</NamedMeasurement>
				<NamedMeasurement type="text/string" name="Completion Status">
					<Value>Completed</Value>
				</NamedMeasurement>
				<NamedMeasurement type="text/string" name="Command Line">
					<Value>/usr/bin/python3.8 "-u" "/opt/ros/humble/share/ament_cmake_test/cmake/run_test.py" "/workspaces/isaac_ros-dev/build/isaac_ros_nitros_imu_type/test_results/isaac_ros_nitros_imu_type/pep257.xunit.xml" "--package-name" "isaac_ros_nitros_imu_type" "--output-file" "/workspaces/isaac_ros-dev/build/isaac_ros_nitros_imu_type/ament_pep257/pep257.txt" "--command" "/opt/ros/humble/bin/ament_pep257" "--xunit-file" "/workspaces/isaac_ros-dev/build/isaac_ros_nitros_imu_type/test_results/isaac_ros_nitros_imu_type/pep257.xunit.xml"</Value>
				</NamedMeasurement>
				<NamedMeasurement type="text/string" name="Environment">
					<Value>#CTEST_RESOURCE_GROUP_COUNT=</Value>
				</NamedMeasurement>
				<Measurement>
					<Value>-- run_test.py: invoking following command in '/workspaces/isaac_ros-dev/isaac_ros_nitros/isaac_ros_nitros_type/isaac_ros_nitros_imu_type':
 - /opt/ros/humble/bin/ament_pep257 --xunit-file /workspaces/isaac_ros-dev/build/isaac_ros_nitros_imu_type/test_results/isaac_ros_nitros_imu_type/pep257.xunit.xml
checking ./test/isaac_ros_nitros_imu_type_test_pol.py
No problems found
-- run_test.py: return code 0
-- run_test.py: verify result file '/workspaces/isaac_ros-dev/build/isaac_ros_nitros_imu_type/test_results/isaac_ros_nitros_imu_type/pep257.xunit.xml'
</Value>
				</Measurement>
			</Results>
			<Labels>
				<Label>linter</Label>
				<Label>pep257</Label>
			</Labels>
		</Test>
		<Test Status="passed">
			<Name>uncrustify</Name>
			<Path>.</Path>
			<FullName>./uncrustify</FullName>
			<FullCommandLine>/usr/bin/python3.8 "-u" "/opt/ros/humble/share/ament_cmake_test/cmake/run_test.py" "/workspaces/isaac_ros-dev/build/isaac_ros_nitros_imu_type/test_results/isaac_ros_nitros_imu_type/uncrustify.xunit.xml" "--package-name" "isaac_ros_nitros_imu_type" "--output-file" "/workspaces/isaac_ros-dev/build/isaac_ros_nitros_imu_type/ament_uncrustify/uncrustify.txt" "--command" "/opt/ros/humble/bin/ament_uncrustify" "--xunit-file" "/workspaces/isaac_ros-dev/build/isaac_ros_nitros_imu_type/test_results/isaac_ros_nitros_imu_type/uncrustify.xunit.xml"</FullCommandLine>
			<Results>
				<NamedMeasurement type="numeric/double" name="Execution Time">
					<Value>2.17979</Value>
				</NamedMeasurement>
				<NamedMeasurement type="numeric/double" name="Processors">
					<Value>1</Value>
				</NamedMeasurement>
				<NamedMeasurement type="text/string" name="Completion Status">
					<Value>Completed</Value>
				</NamedMeasurement>
				<NamedMeasurement type="text/string" name="Command Line">
					<Value>/usr/bin/python3.8 "-u" "/opt/ros/humble/share/ament_cmake_test/cmake/run_test.py" "/workspaces/isaac_ros-dev/build/isaac_ros_nitros_imu_type/test_results/isaac_ros_nitros_imu_type/uncrustify.xunit.xml" "--package-name" "isaac_ros_nitros_imu_type" "--output-file" "/workspaces/isaac_ros-dev/build/isaac_ros_nitros_imu_type/ament_uncrustify/uncrustify.txt" "--command" "/opt/ros/humble/bin/ament_uncrustify" "--xunit-file" "/workspaces/isaac_ros-dev/build/isaac_ros_nitros_imu_type/test_results/isaac_ros_nitros_imu_type/uncrustify.xunit.xml"</Value>
				</NamedMeasurement>
				<NamedMeasurement type="text/string" name="Environment">
					<Value>#CTEST_RESOURCE_GROUP_COUNT=</Value>
				</NamedMeasurement>
				<Measurement>
					<Value>-- run_test.py: invoking following command in '/workspaces/isaac_ros-dev/isaac_ros_nitros/isaac_ros_nitros_type/isaac_ros_nitros_imu_type':
 - /opt/ros/humble/bin/ament_uncrustify --xunit-file /workspaces/isaac_ros-dev/build/isaac_ros_nitros_imu_type/test_results/isaac_ros_nitros_imu_type/uncrustify.xunit.xml
No code style divergence in file 'include/isaac_ros_nitros_imu_type/nitros_imu.hpp'

No code style divergence in file 'src/nitros_imu.cpp'

No code style divergence in file 'test/src/nitros_imu_forward_node.cpp'

No problems found
-- run_test.py: return code 0
-- run_test.py: verify result file '/workspaces/isaac_ros-dev/build/isaac_ros_nitros_imu_type/test_results/isaac_ros_nitros_imu_type/uncrustify.xunit.xml'
</Value>
				</Measurement>
			</Results>
			<Labels>
				<Label>linter</Label>
				<Label>uncrustify</Label>
			</Labels>
		</Test>
		<Test Status="passed">
			<Name>xmllint</Name>
			<Path>.</Path>
			<FullName>./xmllint</FullName>
			<FullCommandLine>/usr/bin/python3.8 "-u" "/opt/ros/humble/share/ament_cmake_test/cmake/run_test.py" "/workspaces/isaac_ros-dev/build/isaac_ros_nitros_imu_type/test_results/isaac_ros_nitros_imu_type/xmllint.xunit.xml" "--package-name" "isaac_ros_nitros_imu_type" "--output-file" "/workspaces/isaac_ros-dev/build/isaac_ros_nitros_imu_type/ament_xmllint/xmllint.txt" "--command" "/opt/ros/humble/bin/ament_xmllint" "--xunit-file" "/workspaces/isaac_ros-dev/build/isaac_ros_nitros_imu_type/test_results/isaac_ros_nitros_imu_type/xmllint.xunit.xml"</FullCommandLine>
			<Results>
				<NamedMeasurement type="numeric/double" name="Execution Time">
					<Value>2.3926</Value>
				</NamedMeasurement>
				<NamedMeasurement type="numeric/double" name="Processors">
					<Value>1</Value>
				</NamedMeasurement>
				<NamedMeasurement type="text/string" name="Completion Status">
					<Value>Completed</Value>
				</NamedMeasurement>
				<NamedMeasurement type="text/string" name="Command Line">
					<Value>/usr/bin/python3.8 "-u" "/opt/ros/humble/share/ament_cmake_test/cmake/run_test.py" "/workspaces/isaac_ros-dev/build/isaac_ros_nitros_imu_type/test_results/isaac_ros_nitros_imu_type/xmllint.xunit.xml" "--package-name" "isaac_ros_nitros_imu_type" "--output-file" "/workspaces/isaac_ros-dev/build/isaac_ros_nitros_imu_type/ament_xmllint/xmllint.txt" "--command" "/opt/ros/humble/bin/ament_xmllint" "--xunit-file" "/workspaces/isaac_ros-dev/build/isaac_ros_nitros_imu_type/test_results/isaac_ros_nitros_imu_type/xmllint.xunit.xml"</Value>
				</NamedMeasurement>
				<NamedMeasurement type="text/string" name="Environment">
					<Value>#CTEST_RESOURCE_GROUP_COUNT=</Value>
				</NamedMeasurement>
				<Measurement>
					<Value>-- run_test.py: invoking following command in '/workspaces/isaac_ros-dev/isaac_ros_nitros/isaac_ros_nitros_type/isaac_ros_nitros_imu_type':
 - /opt/ros/humble/bin/ament_xmllint --xunit-file /workspaces/isaac_ros-dev/build/isaac_ros_nitros_imu_type/test_results/isaac_ros_nitros_imu_type/xmllint.xunit.xml
File 'package.xml' is valid

No problems found
-- run_test.py: return code 0
-- run_test.py: verify result file '/workspaces/isaac_ros-dev/build/isaac_ros_nitros_imu_type/test_results/isaac_ros_nitros_imu_type/xmllint.xunit.xml'
</Value>
				</Measurement>
			</Results>
			<Labels>
				<Label>linter</Label>
				<Label>xmllint</Label>
			</Labels>
		</Test>
		<EndDateTime>Nov 02 20:06 CDT</EndDateTime>
		<EndTestTime>1698973570</EndTestTime>
		<ElapsedMinutes>0</ElapsedMinutes>
	</Testing>
</Site>
