<?xml version="1.0" encoding="UTF-8"?>
<Site BuildName="(empty)"
	BuildStamp="20231103-0106-Experimental"
	Name="roboticsatiowa-desktop"
	Generator="ctest-3.22.1"
	CompilerName="/usr/bin/c++"
	CompilerVersion="9.4.0"
	OSName="Linux"
	Hostname="roboticsatiowa-desktop"
	OSRelease="5.10.120-tegra"
	OSVersion="#1 SMP PREEMPT Tue Aug 1 12:32:50 PDT 2023"
	OSPlatform="aarch64"
	Is64Bits="1"
	VendorString=""
	VendorID="Unknown Manufacturer"
	FamilyID="8"
	ModelID="0"
	ProcessorCacheSize="0"
	NumberOfLogicalCPU="6"
	NumberOfPhysicalCPU="1"
	TotalVirtualMemory="3422"
	TotalPhysicalMemory="6845"
	LogicalProcessorsPerPhysical="6"
	ProcessorClockFrequency="0"
	>
	<Testing>
		<StartDateTime>Nov 02 20:06 CDT</StartDateTime>
		<StartTestTime>1698973571</StartTestTime>
		<TestList>
			<Test>./test_isaac_ros_nitros_occupancy_grid_type_test_pol.py</Test>
			<Test>./cppcheck</Test>
			<Test>./cpplint</Test>
			<Test>./flake8</Test>
			<Test>./lint_cmake</Test>
			<Test>./pep257</Test>
			<Test>./uncrustify</Test>
			<Test>./xmllint</Test>
		</TestList>
		<Test Status="passed">
			<Name>test_isaac_ros_nitros_occupancy_grid_type_test_pol.py</Name>
			<Path>.</Path>
			<FullName>./test_isaac_ros_nitros_occupancy_grid_type_test_pol.py</FullName>
			<FullCommandLine>/usr/bin/python3.8 "-u" "/opt/ros/humble/share/ament_cmake_test/cmake/run_test.py" "/workspaces/isaac_ros-dev/build/isaac_ros_nitros_occupancy_grid_type/test_results/isaac_ros_nitros_occupancy_grid_type/test_isaac_ros_nitros_occupancy_grid_type_test_pol.py.xunit.xml" "--package-name" "isaac_ros_nitros_occupancy_grid_type" "--output-file" "/workspaces/isaac_ros-dev/build/isaac_ros_nitros_occupancy_grid_type/launch_test/test_isaac_ros_nitros_occupancy_grid_type_test_pol.py.txt" "--command" "/usr/bin/python3" "-m" "launch_testing.launch_test" "/workspaces/isaac_ros-dev/isaac_ros_nitros/isaac_ros_nitros_type/isaac_ros_nitros_occupancy_grid_type/test/isaac_ros_nitros_occupancy_grid_type_test_pol.py" "--junit-xml=/workspaces/isaac_ros-dev/build/isaac_ros_nitros_occupancy_grid_type/test_results/isaac_ros_nitros_occupancy_grid_type/test_isaac_ros_nitros_occupancy_grid_type_test_pol.py.xunit.xml" "--package-name=isaac_ros_nitros_occupancy_grid_type"</FullCommandLine>
			<Results>
				<NamedMeasurement type="numeric/double" name="Execution Time">
					<Value>12.342</Value>
				</NamedMeasurement>
				<NamedMeasurement type="numeric/double" name="Processors">
					<Value>1</Value>
				</NamedMeasurement>
				<NamedMeasurement type="text/string" name="Completion Status">
					<Value>Completed</Value>
				</NamedMeasurement>
				<NamedMeasurement type="text/string" name="Command Line">
					<Value>/usr/bin/python3.8 "-u" "/opt/ros/humble/share/ament_cmake_test/cmake/run_test.py" "/workspaces/isaac_ros-dev/build/isaac_ros_nitros_occupancy_grid_type/test_results/isaac_ros_nitros_occupancy_grid_type/test_isaac_ros_nitros_occupancy_grid_type_test_pol.py.xunit.xml" "--package-name" "isaac_ros_nitros_occupancy_grid_type" "--output-file" "/workspaces/isaac_ros-dev/build/isaac_ros_nitros_occupancy_grid_type/launch_test/test_isaac_ros_nitros_occupancy_grid_type_test_pol.py.txt" "--command" "/usr/bin/python3" "-m" "launch_testing.launch_test" "/workspaces/isaac_ros-dev/isaac_ros_nitros/isaac_ros_nitros_type/isaac_ros_nitros_occupancy_grid_type/test/isaac_ros_nitros_occupancy_grid_type_test_pol.py" "--junit-xml=/workspaces/isaac_ros-dev/build/isaac_ros_nitros_occupancy_grid_type/test_results/isaac_ros_nitros_occupancy_grid_type/test_isaac_ros_nitros_occupancy_grid_type_test_pol.py.xunit.xml" "--package-name=isaac_ros_nitros_occupancy_grid_type"</Value>
				</NamedMeasurement>
				<NamedMeasurement type="text/string" name="Environment">
					<Value>#CTEST_RESOURCE_GROUP_COUNT=</Value>
				</NamedMeasurement>
				<Measurement>
					<Value>-- run_test.py: invoking following command in '/workspaces/isaac_ros-dev/build/isaac_ros_nitros_occupancy_grid_type':
 - /usr/bin/python3 -m launch_testing.launch_test /workspaces/isaac_ros-dev/isaac_ros_nitros/isaac_ros_nitros_type/isaac_ros_nitros_occupancy_grid_type/test/isaac_ros_nitros_occupancy_grid_type_test_pol.py --junit-xml=/workspaces/isaac_ros-dev/build/isaac_ros_nitros_occupancy_grid_type/test_results/isaac_ros_nitros_occupancy_grid_type/test_isaac_ros_nitros_occupancy_grid_type_test_pol.py.xunit.xml --package-name=isaac_ros_nitros_occupancy_grid_type
[INFO] [launch]: All log files can be found below /home/admin/.ros/log/2023-11-02-20-06-19-023292-roboticsatiowa-desktop-12684
[INFO] [launch]: Default logging verbosity is set to INFO
[INFO] [component_container_mt-1]: process started with pid [12772]
[component_container_mt-1] [INFO] [1698973579.746090747] [isaac_ros_nitros_container.test_container]: Load Library: /workspaces/isaac_ros-dev/install/isaac_ros_nitros_occupancy_grid_type/lib/libnitros_occupancy_grid_forward_node.so
[component_container_mt-1] [INFO] [1698973579.803497953] [isaac_ros_nitros_container.test_container]: Found class: rclcpp_components::NodeFactoryTemplate&lt;nvidia::isaac_ros::nitros::NitrosNode&gt;
[component_container_mt-1] [INFO] [1698973579.803677250] [isaac_ros_nitros_container.test_container]: Found class: rclcpp_components::NodeFactoryTemplate&lt;nvidia::isaac_ros::nitros::NitrosOccupancyGridForwardNode&gt;
[component_container_mt-1] [INFO] [1698973579.803736994] [isaac_ros_nitros_container.test_container]: Instantiate class: rclcpp_components::NodeFactoryTemplate&lt;nvidia::isaac_ros::nitros::NitrosOccupancyGridForwardNode&gt;
[component_container_mt-1] [INFO] [1698973579.832317941] [NitrosContext]: [NitrosContext] Creating a new shared context
[component_container_mt-1] [INFO] [1698973579.833181049] [isaac_ros_test.NitrosOccupancyGridForwardNode]: [NitrosNode] Initializing NitrosNode
[component_container_mt-1] [INFO] [1698973579.838748879] [NitrosContext]: [NitrosContext] Loading extension: gxf/lib/std/libgxf_std.so
[component_container_mt-1] [INFO] [1698973579.870372366] [NitrosContext]: [NitrosContext] Loading extension: gxf/lib/libgxf_gxf_helpers.so
[component_container_mt-1] [INFO] [1698973579.884748615] [NitrosContext]: [NitrosContext] Loading extension: gxf/lib/libgxf_sight.so
[component_container_mt-1] [INFO] [1698973579.899486658] [NitrosContext]: [NitrosContext] Loading extension: gxf/lib/libgxf_atlas.so
[component_container_mt-1] [INFO] [1698973579.915137953] [NitrosContext]: [NitrosContext] Loading application: '/workspaces/isaac_ros-dev/install/isaac_ros_nitros/share/isaac_ros_nitros/config/type_adapter_nitros_context_graph.yaml'
[component_container_mt-1] [INFO] [1698973579.920551575] [NitrosContext]: [NitrosContext] Initializing application...
[component_container_mt-1] [INFO] [1698973579.947418051] [NitrosContext]: [NitrosContext] Running application...
[component_container_mt-1] [NON-XML-CHAR-0x1B][33m2023-11-02 20:06:19.947 WARN  gxf/std/program.cpp@514: No system specified. Nothing to do[NON-XML-CHAR-0x1B][0m
[component_container_mt-1] [INFO] [1698973579.953218234] [isaac_ros_test.NitrosOccupancyGridForwardNode]: [NitrosNode] Starting NitrosNode
[component_container_mt-1] [INFO] [1698973579.953399963] [isaac_ros_test.NitrosOccupancyGridForwardNode]: [NitrosNode] Loading built-in preset extension specs
[component_container_mt-1] [INFO] [1698973579.967192370] [isaac_ros_test.NitrosOccupancyGridForwardNode]: [NitrosNode] Loading built-in extension specs
[component_container_mt-1] [INFO] [1698973579.967428019] [isaac_ros_test.NitrosOccupancyGridForwardNode]: [NitrosNode] Loading preset extension specs
[component_container_mt-1] [INFO] [1698973579.967498899] [isaac_ros_test.NitrosOccupancyGridForwardNode]: [NitrosNode] Loading extension specs
[component_container_mt-1] [INFO] [1698973579.967553619] [isaac_ros_test.NitrosOccupancyGridForwardNode]: [NitrosNode] Loading generator rules
[component_container_mt-1] [INFO] [1698973579.967605172] [isaac_ros_test.NitrosOccupancyGridForwardNode]: [NitrosNode] Loading extensions
[component_container_mt-1] [INFO] [1698973579.970943713] [isaac_ros_test.NitrosOccupancyGridForwardNode]: [NitrosContext] Loading extension: gxf/lib/libgxf_message_compositor.so
[component_container_mt-1] [INFO] [1698973579.982493007] [isaac_ros_test.NitrosOccupancyGridForwardNode]: [NitrosContext] Loading extension: gxf/lib/cuda/libgxf_cuda.so
[component_container_mt-1] [INFO] [1698973579.995759045] [isaac_ros_test.NitrosOccupancyGridForwardNode]: [NitrosContext] Loading extension: gxf/lib/serialization/libgxf_serialization.so
[component_container_mt-1] [INFO] [1698973580.012088806] [NitrosContext]: [NitrosContext] Loading extension: gxf/lib/multimedia/libgxf_multimedia.so
[component_container_mt-1] [INFO] [1698973580.018398879] [isaac_ros_test.NitrosOccupancyGridForwardNode]: [NitrosNode] Loading graph to the optimizer
[component_container_mt-1] [INFO] [1698973580.024951994] [isaac_ros_test.NitrosOccupancyGridForwardNode]: [NitrosNode] Running optimization
[component_container_mt-1] [INFO] [1698973580.034512736] [isaac_ros_test.NitrosOccupancyGridForwardNode]: [NitrosNode] Obtaining graph IO group info from the optimizer
[component_container_mt-1] [INFO] [1698973580.036281415] [isaac_ros_test.NitrosOccupancyGridForwardNode]: [NitrosNode] Creating negotiated publishers/subscribers
[component_container_mt-1] [INFO] [1698973580.036621064] [isaac_ros_test.NitrosOccupancyGridForwardNode]: [NitrosPublisherSubscriberGroup] Expanding "any" data formats to all registered data formats
[component_container_mt-1] [INFO] [1698973580.036824713] [isaac_ros_test.NitrosOccupancyGridForwardNode]: [NitrosPublisherSubscriberGroup] Pinning the component "forward/input" (type="nvidia::gxf::DoubleBufferReceiver") to use its compatible format only: "nitros_occupancy_grid"
[component_container_mt-1] [INFO] [1698973580.037075946] [isaac_ros_test.NitrosOccupancyGridForwardNode]: [NitrosPublisherSubscriberGroup] Pinning the component "sink/sink" (type="nvidia::isaac_ros::MessageRelay") to use its compatible format only: "nitros_occupancy_grid"
[component_container_mt-1] [INFO] [1698973580.059244355] [isaac_ros_test.NitrosOccupancyGridForwardNode]: [NitrosNode] Starting negotiation...
[INFO] [launch_ros.actions.load_composable_nodes]: Loaded node '/isaac_ros_test/NitrosOccupancyGridForwardNode' in container '/isaac_ros_nitros_container/test_container'
[component_container_mt-1] [INFO] [1698973581.061389271] [isaac_ros_test.NitrosOccupancyGridForwardNode]: [NitrosNode] Starting post negotiation setup
[component_container_mt-1] [INFO] [1698973581.061615543] [isaac_ros_test.NitrosOccupancyGridForwardNode]: [NitrosNode] Getting data format negotiation results
[component_container_mt-1] [INFO] [1698973581.061700344] [isaac_ros_test.NitrosOccupancyGridForwardNode]: [NitrosPublisher] Negotiation ended with no results
[component_container_mt-1] [INFO] [1698973581.061793624] [isaac_ros_test.NitrosOccupancyGridForwardNode]: [NitrosPublisher] Use only the compatible publisher: topic_name="/isaac_ros_test/output", data_format="nitros_occupancy_grid"
[component_container_mt-1] [INFO] [1698973581.061888697] [isaac_ros_test.NitrosOccupancyGridForwardNode]: [NitrosSubscriber] Negotiation ended with no results
[component_container_mt-1] [INFO] [1698973581.061948313] [isaac_ros_test.NitrosOccupancyGridForwardNode]: [NitrosSubscriber] Use the compatible subscriber: topic_name="/isaac_ros_test/input", data_format="nitros_occupancy_grid"
[component_container_mt-1] [INFO] [1698973581.062079449] [isaac_ros_test.NitrosOccupancyGridForwardNode]: [NitrosNode] Exporting the final graph based on the negotiation results
[component_container_mt-1] [INFO] [1698973581.084747412] [isaac_ros_test.NitrosOccupancyGridForwardNode]: [NitrosNode] Wrote the final top level YAML graph to "/workspaces/isaac_ros-dev/install/isaac_ros_nitros_occupancy_grid_type/share/isaac_ros_nitros_occupancy_grid_type/JENRKHYEOC.yaml"
[component_container_mt-1] [INFO] [1698973581.084960629] [isaac_ros_test.NitrosOccupancyGridForwardNode]: [NitrosNode] Calling user's pre-load-graph callback
[component_container_mt-1] [INFO] [1698973581.085032053] [isaac_ros_test.NitrosOccupancyGridForwardNode]: [NitrosNode] Loading application
[component_container_mt-1] [INFO] [1698973581.085189238] [isaac_ros_test.NitrosOccupancyGridForwardNode]: [NitrosContext] Loading application: '/workspaces/isaac_ros-dev/install/isaac_ros_nitros_occupancy_grid_type/share/isaac_ros_nitros_occupancy_grid_type/JENRKHYEOC.yaml'
[component_container_mt-1] [INFO] [1698973581.095599936] [isaac_ros_test.NitrosOccupancyGridForwardNode]: [NitrosNode] Linking Nitros pub/sub to the loaded application
[component_container_mt-1] [INFO] [1698973581.096150882] [isaac_ros_test.NitrosOccupancyGridForwardNode]: [NitrosNode] Calling user's post-load-graph callback
[component_container_mt-1] [INFO] [1698973581.096343555] [isaac_ros_test.NitrosOccupancyGridForwardNode]: [NitrosContext] Initializing application...
[component_container_mt-1] [INFO] [1698973581.112995174] [isaac_ros_test.NitrosOccupancyGridForwardNode]: [NitrosContext] Running application...
[component_container_mt-1] [INFO] [1698973581.113966153] [isaac_ros_test.NitrosOccupancyGridForwardNode]: [NitrosNode] Starting a heartbeat timer (eid=17)
Warning: A NumPy version &gt;=1.19.5 and &lt;1.27.0 is required for this version of SciPy (detected version 1.17.4)
test_nitros_occupancy_grid_type_conversions (isaac_ros_nitros_occupancy_grid_type.IsaacROSNitrosOccupancyGridTest)
Expect the occupancy grid from NitrosOccupancyGrid type to be compatible with source. ... [INFO] [1698973582.407056236] [isaac_ros_test.isaac_ros_base_test_node]: Starting test for case: /workspaces/isaac_ros-dev/isaac_ros_nitros/isaac_ros_nitros_type/isaac_ros_nitros_occupancy_grid_type/test/test_cases/profile
The received occupancy grid is verified successfully
[INFO] [component_container_mt-1]: sending signal 'SIGINT' to process[component_container_mt-1]
[component_container_mt-1] [INFO] [1698973583.101207692] [rclcpp]: signal_handler(signum=2)
[component_container_mt-1] [INFO] [1698973583.115198372] [isaac_ros_test.NitrosOccupancyGridForwardNode]: [NitrosNode] Terminating the running application
[component_container_mt-1] [INFO] [1698973583.115304836] [isaac_ros_test.NitrosOccupancyGridForwardNode]: [NitrosContext] Interrupting GXF...
[component_container_mt-1] [INFO] [1698973583.115397221] [isaac_ros_test.NitrosOccupancyGridForwardNode]: [NitrosContext] Waiting on GXF...
[component_container_mt-1] [INFO] [1698973583.116896683] [isaac_ros_test.NitrosOccupancyGridForwardNode]: [NitrosContext] Deinitializing...
[component_container_mt-1] [INFO] [1698973583.117926927] [isaac_ros_test.NitrosOccupancyGridForwardNode]: [NitrosContext] Destroying context
[component_container_mt-1] [INFO] [1698973583.121662814] [isaac_ros_test.NitrosOccupancyGridForwardNode]: [NitrosNode] Application termination done
[INFO] [component_container_mt-1]: process has finished cleanly [pid 12772]
ok

----------------------------------------------------------------------
Ran 1 test in 0.640s

OK

----------------------------------------------------------------------
Ran 0 tests in 0.000s

OK
-- run_test.py: return code 0
-- run_test.py: verify result file '/workspaces/isaac_ros-dev/build/isaac_ros_nitros_occupancy_grid_type/test_results/isaac_ros_nitros_occupancy_grid_type/test_isaac_ros_nitros_occupancy_grid_type_test_pol.py.xunit.xml'
</Value>
				</Measurement>
			</Results>
			<Labels>
				<Label>launch_test</Label>
			</Labels>
		</Test>
		<Test Status="passed">
			<Name>cppcheck</Name>
			<Path>.</Path>
			<FullName>./cppcheck</FullName>
			<FullCommandLine>/usr/bin/python3.8 "-u" "/opt/ros/humble/share/ament_cmake_test/cmake/run_test.py" "/workspaces/isaac_ros-dev/build/isaac_ros_nitros_occupancy_grid_type/test_results/isaac_ros_nitros_occupancy_grid_type/cppcheck.xunit.xml" "--package-name" "isaac_ros_nitros_occupancy_grid_type" "--output-file" "/workspaces/isaac_ros-dev/build/isaac_ros_nitros_occupancy_grid_type/ament_cppcheck/cppcheck.txt" "--command" "/opt/ros/humble/bin/ament_cppcheck" "--xunit-file" "/workspaces/isaac_ros-dev/build/isaac_ros_nitros_occupancy_grid_type/test_results/isaac_ros_nitros_occupancy_grid_type/cppcheck.xunit.xml" "--include_dirs" "/workspaces/isaac_ros-dev/isaac_ros_nitros/isaac_ros_nitros_type/isaac_ros_nitros_occupancy_grid_type/include"</FullCommandLine>
			<Results>
				<NamedMeasurement type="numeric/double" name="Execution Time">
					<Value>2.20052</Value>
				</NamedMeasurement>
				<NamedMeasurement type="numeric/double" name="Processors">
					<Value>1</Value>
				</NamedMeasurement>
				<NamedMeasurement type="text/string" name="Completion Status">
					<Value>Completed</Value>
				</NamedMeasurement>
				<NamedMeasurement type="text/string" name="Command Line">
					<Value>/usr/bin/python3.8 "-u" "/opt/ros/humble/share/ament_cmake_test/cmake/run_test.py" "/workspaces/isaac_ros-dev/build/isaac_ros_nitros_occupancy_grid_type/test_results/isaac_ros_nitros_occupancy_grid_type/cppcheck.xunit.xml" "--package-name" "isaac_ros_nitros_occupancy_grid_type" "--output-file" "/workspaces/isaac_ros-dev/build/isaac_ros_nitros_occupancy_grid_type/ament_cppcheck/cppcheck.txt" "--command" "/opt/ros/humble/bin/ament_cppcheck" "--xunit-file" "/workspaces/isaac_ros-dev/build/isaac_ros_nitros_occupancy_grid_type/test_results/isaac_ros_nitros_occupancy_grid_type/cppcheck.xunit.xml" "--include_dirs" "/workspaces/isaac_ros-dev/isaac_ros_nitros/isaac_ros_nitros_type/isaac_ros_nitros_occupancy_grid_type/include"</Value>
				</NamedMeasurement>
				<NamedMeasurement type="text/string" name="Environment">
					<Value>#CTEST_RESOURCE_GROUP_COUNT=</Value>
				</NamedMeasurement>
				<Measurement>
					<Value>-- run_test.py: invoking following command in '/workspaces/isaac_ros-dev/isaac_ros_nitros/isaac_ros_nitros_type/isaac_ros_nitros_occupancy_grid_type':
 - /opt/ros/humble/bin/ament_cppcheck --xunit-file /workspaces/isaac_ros-dev/build/isaac_ros_nitros_occupancy_grid_type/test_results/isaac_ros_nitros_occupancy_grid_type/cppcheck.xunit.xml --include_dirs /workspaces/isaac_ros-dev/isaac_ros_nitros/isaac_ros_nitros_type/isaac_ros_nitros_occupancy_grid_type/include
No problems found
-- run_test.py: return code 0
-- run_test.py: verify result file '/workspaces/isaac_ros-dev/build/isaac_ros_nitros_occupancy_grid_type/test_results/isaac_ros_nitros_occupancy_grid_type/cppcheck.xunit.xml'
</Value>
				</Measurement>
			</Results>
			<Labels>
				<Label>cppcheck</Label>
				<Label>linter</Label>
			</Labels>
		</Test>
		<Test Status="passed">
			<Name>cpplint</Name>
			<Path>.</Path>
			<FullName>./cpplint</FullName>
			<FullCommandLine>/usr/bin/python3.8 "-u" "/opt/ros/humble/share/ament_cmake_test/cmake/run_test.py" "/workspaces/isaac_ros-dev/build/isaac_ros_nitros_occupancy_grid_type/test_results/isaac_ros_nitros_occupancy_grid_type/cpplint.xunit.xml" "--package-name" "isaac_ros_nitros_occupancy_grid_type" "--output-file" "/workspaces/isaac_ros-dev/build/isaac_ros_nitros_occupancy_grid_type/ament_cpplint/cpplint.txt" "--command" "/opt/ros/humble/bin/ament_cpplint" "--xunit-file" "/workspaces/isaac_ros-dev/build/isaac_ros_nitros_occupancy_grid_type/test_results/isaac_ros_nitros_occupancy_grid_type/cpplint.xunit.xml"</FullCommandLine>
			<Results>
				<NamedMeasurement type="numeric/double" name="Execution Time">
					<Value>2.60412</Value>
				</NamedMeasurement>
				<NamedMeasurement type="numeric/double" name="Processors">
					<Value>1</Value>
				</NamedMeasurement>
				<NamedMeasurement type="text/string" name="Completion Status">
					<Value>Completed</Value>
				</NamedMeasurement>
				<NamedMeasurement type="text/string" name="Command Line">
					<Value>/usr/bin/python3.8 "-u" "/opt/ros/humble/share/ament_cmake_test/cmake/run_test.py" "/workspaces/isaac_ros-dev/build/isaac_ros_nitros_occupancy_grid_type/test_results/isaac_ros_nitros_occupancy_grid_type/cpplint.xunit.xml" "--package-name" "isaac_ros_nitros_occupancy_grid_type" "--output-file" "/workspaces/isaac_ros-dev/build/isaac_ros_nitros_occupancy_grid_type/ament_cpplint/cpplint.txt" "--command" "/opt/ros/humble/bin/ament_cpplint" "--xunit-file" "/workspaces/isaac_ros-dev/build/isaac_ros_nitros_occupancy_grid_type/test_results/isaac_ros_nitros_occupancy_grid_type/cpplint.xunit.xml"</Value>
				</NamedMeasurement>
				<NamedMeasurement type="text/string" name="Environment">
					<Value>#CTEST_RESOURCE_GROUP_COUNT=</Value>
				</NamedMeasurement>
				<Measurement>
					<Value>-- run_test.py: invoking following command in '/workspaces/isaac_ros-dev/isaac_ros_nitros/isaac_ros_nitros_type/isaac_ros_nitros_occupancy_grid_type':
 - /opt/ros/humble/bin/ament_cpplint --xunit-file /workspaces/isaac_ros-dev/build/isaac_ros_nitros_occupancy_grid_type/test_results/isaac_ros_nitros_occupancy_grid_type/cpplint.xunit.xml
Using '--root=/workspaces/isaac_ros-dev/isaac_ros_nitros/isaac_ros_nitros_type/isaac_ros_nitros_occupancy_grid_type/include' argument

Done processing /workspaces/isaac_ros-dev/isaac_ros_nitros/isaac_ros_nitros_type/isaac_ros_nitros_occupancy_grid_type/include/isaac_ros_nitros_occupancy_grid_type/nitros_occupancy_grid.hpp

Using '--root=/workspaces/isaac_ros-dev/isaac_ros_nitros/isaac_ros_nitros_type/isaac_ros_nitros_occupancy_grid_type/src' argument

Done processing /workspaces/isaac_ros-dev/isaac_ros_nitros/isaac_ros_nitros_type/isaac_ros_nitros_occupancy_grid_type/src/nitros_occupancy_grid.cpp

Using '--root=/workspaces/isaac_ros-dev/isaac_ros_nitros/isaac_ros_nitros_type/isaac_ros_nitros_occupancy_grid_type/test/src' argument

Done processing /workspaces/isaac_ros-dev/isaac_ros_nitros/isaac_ros_nitros_type/isaac_ros_nitros_occupancy_grid_type/test/src/nitros_occupancy_grid_forward_node.cpp

No problems found
-- run_test.py: return code 0
-- run_test.py: verify result file '/workspaces/isaac_ros-dev/build/isaac_ros_nitros_occupancy_grid_type/test_results/isaac_ros_nitros_occupancy_grid_type/cpplint.xunit.xml'
</Value>
				</Measurement>
			</Results>
			<Labels>
				<Label>cpplint</Label>
				<Label>linter</Label>
			</Labels>
		</Test>
		<Test Status="passed">
			<Name>flake8</Name>
			<Path>.</Path>
			<FullName>./flake8</FullName>
			<FullCommandLine>/usr/bin/python3.8 "-u" "/opt/ros/humble/share/ament_cmake_test/cmake/run_test.py" "/workspaces/isaac_ros-dev/build/isaac_ros_nitros_occupancy_grid_type/test_results/isaac_ros_nitros_occupancy_grid_type/flake8.xunit.xml" "--package-name" "isaac_ros_nitros_occupancy_grid_type" "--output-file" "/workspaces/isaac_ros-dev/build/isaac_ros_nitros_occupancy_grid_type/ament_flake8/flake8.txt" "--command" "/opt/ros/humble/bin/ament_flake8" "--xunit-file" "/workspaces/isaac_ros-dev/build/isaac_ros_nitros_occupancy_grid_type/test_results/isaac_ros_nitros_occupancy_grid_type/flake8.xunit.xml"</FullCommandLine>
			<Results>
				<NamedMeasurement type="numeric/double" name="Execution Time">
					<Value>3.04812</Value>
				</NamedMeasurement>
				<NamedMeasurement type="numeric/double" name="Processors">
					<Value>1</Value>
				</NamedMeasurement>
				<NamedMeasurement type="text/string" name="Completion Status">
					<Value>Completed</Value>
				</NamedMeasurement>
				<NamedMeasurement type="text/string" name="Command Line">
					<Value>/usr/bin/python3.8 "-u" "/opt/ros/humble/share/ament_cmake_test/cmake/run_test.py" "/workspaces/isaac_ros-dev/build/isaac_ros_nitros_occupancy_grid_type/test_results/isaac_ros_nitros_occupancy_grid_type/flake8.xunit.xml" "--package-name" "isaac_ros_nitros_occupancy_grid_type" "--output-file" "/workspaces/isaac_ros-dev/build/isaac_ros_nitros_occupancy_grid_type/ament_flake8/flake8.txt" "--command" "/opt/ros/humble/bin/ament_flake8" "--xunit-file" "/workspaces/isaac_ros-dev/build/isaac_ros_nitros_occupancy_grid_type/test_results/isaac_ros_nitros_occupancy_grid_type/flake8.xunit.xml"</Value>
				</NamedMeasurement>
				<NamedMeasurement type="text/string" name="Environment">
					<Value>#CTEST_RESOURCE_GROUP_COUNT=</Value>
				</NamedMeasurement>
				<Measurement>
					<Value>-- run_test.py: invoking following command in '/workspaces/isaac_ros-dev/isaac_ros_nitros/isaac_ros_nitros_type/isaac_ros_nitros_occupancy_grid_type':
 - /opt/ros/humble/bin/ament_flake8 --xunit-file /workspaces/isaac_ros-dev/build/isaac_ros_nitros_occupancy_grid_type/test_results/isaac_ros_nitros_occupancy_grid_type/flake8.xunit.xml

1 files checked
No problems found

Checked files:

* ./test/isaac_ros_nitros_occupancy_grid_type_test_pol.py
-- run_test.py: return code 0
-- run_test.py: verify result file '/workspaces/isaac_ros-dev/build/isaac_ros_nitros_occupancy_grid_type/test_results/isaac_ros_nitros_occupancy_grid_type/flake8.xunit.xml'
</Value>
				</Measurement>
			</Results>
			<Labels>
				<Label>flake8</Label>
				<Label>linter</Label>
			</Labels>
		</Test>
		<Test Status="passed">
			<Name>lint_cmake</Name>
			<Path>.</Path>
			<FullName>./lint_cmake</FullName>
			<FullCommandLine>/usr/bin/python3.8 "-u" "/opt/ros/humble/share/ament_cmake_test/cmake/run_test.py" "/workspaces/isaac_ros-dev/build/isaac_ros_nitros_occupancy_grid_type/test_results/isaac_ros_nitros_occupancy_grid_type/lint_cmake.xunit.xml" "--package-name" "isaac_ros_nitros_occupancy_grid_type" "--output-file" "/workspaces/isaac_ros-dev/build/isaac_ros_nitros_occupancy_grid_type/ament_lint_cmake/lint_cmake.txt" "--command" "/opt/ros/humble/bin/ament_lint_cmake" "--xunit-file" "/workspaces/isaac_ros-dev/build/isaac_ros_nitros_occupancy_grid_type/test_results/isaac_ros_nitros_occupancy_grid_type/lint_cmake.xunit.xml"</FullCommandLine>
			<Results>
				<NamedMeasurement type="numeric/double" name="Execution Time">
					<Value>1.98254</Value>
				</NamedMeasurement>
				<NamedMeasurement type="numeric/double" name="Processors">
					<Value>1</Value>
				</NamedMeasurement>
				<NamedMeasurement type="text/string" name="Completion Status">
					<Value>Completed</Value>
				</NamedMeasurement>
				<NamedMeasurement type="text/string" name="Command Line">
					<Value>/usr/bin/python3.8 "-u" "/opt/ros/humble/share/ament_cmake_test/cmake/run_test.py" "/workspaces/isaac_ros-dev/build/isaac_ros_nitros_occupancy_grid_type/test_results/isaac_ros_nitros_occupancy_grid_type/lint_cmake.xunit.xml" "--package-name" "isaac_ros_nitros_occupancy_grid_type" "--output-file" "/workspaces/isaac_ros-dev/build/isaac_ros_nitros_occupancy_grid_type/ament_lint_cmake/lint_cmake.txt" "--command" "/opt/ros/humble/bin/ament_lint_cmake" "--xunit-file" "/workspaces/isaac_ros-dev/build/isaac_ros_nitros_occupancy_grid_type/test_results/isaac_ros_nitros_occupancy_grid_type/lint_cmake.xunit.xml"</Value>
				</NamedMeasurement>
				<NamedMeasurement type="text/string" name="Environment">
					<Value>#CTEST_RESOURCE_GROUP_COUNT=</Value>
				</NamedMeasurement>
				<Measurement>
					<Value>-- run_test.py: invoking following command in '/workspaces/isaac_ros-dev/isaac_ros_nitros/isaac_ros_nitros_type/isaac_ros_nitros_occupancy_grid_type':
 - /opt/ros/humble/bin/ament_lint_cmake --xunit-file /workspaces/isaac_ros-dev/build/isaac_ros_nitros_occupancy_grid_type/test_results/isaac_ros_nitros_occupancy_grid_type/lint_cmake.xunit.xml

No problems found
-- run_test.py: return code 0
-- run_test.py: verify result file '/workspaces/isaac_ros-dev/build/isaac_ros_nitros_occupancy_grid_type/test_results/isaac_ros_nitros_occupancy_grid_type/lint_cmake.xunit.xml'
</Value>
				</Measurement>
			</Results>
			<Labels>
				<Label>lint_cmake</Label>
				<Label>linter</Label>
			</Labels>
		</Test>
		<Test Status="passed">
			<Name>pep257</Name>
			<Path>.</Path>
			<FullName>./pep257</FullName>
			<FullCommandLine>/usr/bin/python3.8 "-u" "/opt/ros/humble/share/ament_cmake_test/cmake/run_test.py" "/workspaces/isaac_ros-dev/build/isaac_ros_nitros_occupancy_grid_type/test_results/isaac_ros_nitros_occupancy_grid_type/pep257.xunit.xml" "--package-name" "isaac_ros_nitros_occupancy_grid_type" "--output-file" "/workspaces/isaac_ros-dev/build/isaac_ros_nitros_occupancy_grid_type/ament_pep257/pep257.txt" "--command" "/opt/ros/humble/bin/ament_pep257" "--xunit-file" "/workspaces/isaac_ros-dev/build/isaac_ros_nitros_occupancy_grid_type/test_results/isaac_ros_nitros_occupancy_grid_type/pep257.xunit.xml"</FullCommandLine>
			<Results>
				<NamedMeasurement type="numeric/double" name="Execution Time">
					<Value>2.29</Value>
				</NamedMeasurement>
				<NamedMeasurement type="numeric/double" name="Processors">
					<Value>1</Value>
				</NamedMeasurement>
				<NamedMeasurement type="text/string" name="Completion Status">
					<Value>Completed</Value>
				</NamedMeasurement>
				<NamedMeasurement type="text/string" name="Command Line">
					<Value>/usr/bin/python3.8 "-u" "/opt/ros/humble/share/ament_cmake_test/cmake/run_test.py" "/workspaces/isaac_ros-dev/build/isaac_ros_nitros_occupancy_grid_type/test_results/isaac_ros_nitros_occupancy_grid_type/pep257.xunit.xml" "--package-name" "isaac_ros_nitros_occupancy_grid_type" "--output-file" "/workspaces/isaac_ros-dev/build/isaac_ros_nitros_occupancy_grid_type/ament_pep257/pep257.txt" "--command" "/opt/ros/humble/bin/ament_pep257" "--xunit-file" "/workspaces/isaac_ros-dev/build/isaac_ros_nitros_occupancy_grid_type/test_results/isaac_ros_nitros_occupancy_grid_type/pep257.xunit.xml"</Value>
				</NamedMeasurement>
				<NamedMeasurement type="text/string" name="Environment">
					<Value>#CTEST_RESOURCE_GROUP_COUNT=</Value>
				</NamedMeasurement>
				<Measurement>
					<Value>-- run_test.py: invoking following command in '/workspaces/isaac_ros-dev/isaac_ros_nitros/isaac_ros_nitros_type/isaac_ros_nitros_occupancy_grid_type':
 - /opt/ros/humble/bin/ament_pep257 --xunit-file /workspaces/isaac_ros-dev/build/isaac_ros_nitros_occupancy_grid_type/test_results/isaac_ros_nitros_occupancy_grid_type/pep257.xunit.xml
checking ./test/isaac_ros_nitros_occupancy_grid_type_test_pol.py
No problems found
-- run_test.py: return code 0
-- run_test.py: verify result file '/workspaces/isaac_ros-dev/build/isaac_ros_nitros_occupancy_grid_type/test_results/isaac_ros_nitros_occupancy_grid_type/pep257.xunit.xml'
</Value>
				</Measurement>
			</Results>
			<Labels>
				<Label>linter</Label>
				<Label>pep257</Label>
			</Labels>
		</Test>
		<Test Status="passed">
			<Name>uncrustify</Name>
			<Path>.</Path>
			<FullName>./uncrustify</FullName>
			<FullCommandLine>/usr/bin/python3.8 "-u" "/opt/ros/humble/share/ament_cmake_test/cmake/run_test.py" "/workspaces/isaac_ros-dev/build/isaac_ros_nitros_occupancy_grid_type/test_results/isaac_ros_nitros_occupancy_grid_type/uncrustify.xunit.xml" "--package-name" "isaac_ros_nitros_occupancy_grid_type" "--output-file" "/workspaces/isaac_ros-dev/build/isaac_ros_nitros_occupancy_grid_type/ament_uncrustify/uncrustify.txt" "--command" "/opt/ros/humble/bin/ament_uncrustify" "--xunit-file" "/workspaces/isaac_ros-dev/build/isaac_ros_nitros_occupancy_grid_type/test_results/isaac_ros_nitros_occupancy_grid_type/uncrustify.xunit.xml"</FullCommandLine>
			<Results>
				<NamedMeasurement type="numeric/double" name="Execution Time">
					<Value>2.14358</Value>
				</NamedMeasurement>
				<NamedMeasurement type="numeric/double" name="Processors">
					<Value>1</Value>
				</NamedMeasurement>
				<NamedMeasurement type="text/string" name="Completion Status">
					<Value>Completed</Value>
				</NamedMeasurement>
				<NamedMeasurement type="text/string" name="Command Line">
					<Value>/usr/bin/python3.8 "-u" "/opt/ros/humble/share/ament_cmake_test/cmake/run_test.py" "/workspaces/isaac_ros-dev/build/isaac_ros_nitros_occupancy_grid_type/test_results/isaac_ros_nitros_occupancy_grid_type/uncrustify.xunit.xml" "--package-name" "isaac_ros_nitros_occupancy_grid_type" "--output-file" "/workspaces/isaac_ros-dev/build/isaac_ros_nitros_occupancy_grid_type/ament_uncrustify/uncrustify.txt" "--command" "/opt/ros/humble/bin/ament_uncrustify" "--xunit-file" "/workspaces/isaac_ros-dev/build/isaac_ros_nitros_occupancy_grid_type/test_results/isaac_ros_nitros_occupancy_grid_type/uncrustify.xunit.xml"</Value>
				</NamedMeasurement>
				<NamedMeasurement type="text/string" name="Environment">
					<Value>#CTEST_RESOURCE_GROUP_COUNT=</Value>
				</NamedMeasurement>
				<Measurement>
					<Value>-- run_test.py: invoking following command in '/workspaces/isaac_ros-dev/isaac_ros_nitros/isaac_ros_nitros_type/isaac_ros_nitros_occupancy_grid_type':
 - /opt/ros/humble/bin/ament_uncrustify --xunit-file /workspaces/isaac_ros-dev/build/isaac_ros_nitros_occupancy_grid_type/test_results/isaac_ros_nitros_occupancy_grid_type/uncrustify.xunit.xml
No code style divergence in file 'include/isaac_ros_nitros_occupancy_grid_type/nitros_occupancy_grid.hpp'

No code style divergence in file 'src/nitros_occupancy_grid.cpp'

No code style divergence in file 'test/src/nitros_occupancy_grid_forward_node.cpp'

No problems found
-- run_test.py: return code 0
-- run_test.py: verify result file '/workspaces/isaac_ros-dev/build/isaac_ros_nitros_occupancy_grid_type/test_results/isaac_ros_nitros_occupancy_grid_type/uncrustify.xunit.xml'
</Value>
				</Measurement>
			</Results>
			<Labels>
				<Label>linter</Label>
				<Label>uncrustify</Label>
			</Labels>
		</Test>
		<Test Status="passed">
			<Name>xmllint</Name>
			<Path>.</Path>
			<FullName>./xmllint</FullName>
			<FullCommandLine>/usr/bin/python3.8 "-u" "/opt/ros/humble/share/ament_cmake_test/cmake/run_test.py" "/workspaces/isaac_ros-dev/build/isaac_ros_nitros_occupancy_grid_type/test_results/isaac_ros_nitros_occupancy_grid_type/xmllint.xunit.xml" "--package-name" "isaac_ros_nitros_occupancy_grid_type" "--output-file" "/workspaces/isaac_ros-dev/build/isaac_ros_nitros_occupancy_grid_type/ament_xmllint/xmllint.txt" "--command" "/opt/ros/humble/bin/ament_xmllint" "--xunit-file" "/workspaces/isaac_ros-dev/build/isaac_ros_nitros_occupancy_grid_type/test_results/isaac_ros_nitros_occupancy_grid_type/xmllint.xunit.xml"</FullCommandLine>
			<Results>
				<NamedMeasurement type="numeric/double" name="Execution Time">
					<Value>2.24014</Value>
				</NamedMeasurement>
				<NamedMeasurement type="numeric/double" name="Processors">
					<Value>1</Value>
				</NamedMeasurement>
				<NamedMeasurement type="text/string" name="Completion Status">
					<Value>Completed</Value>
				</NamedMeasurement>
				<NamedMeasurement type="text/string" name="Command Line">
					<Value>/usr/bin/python3.8 "-u" "/opt/ros/humble/share/ament_cmake_test/cmake/run_test.py" "/workspaces/isaac_ros-dev/build/isaac_ros_nitros_occupancy_grid_type/test_results/isaac_ros_nitros_occupancy_grid_type/xmllint.xunit.xml" "--package-name" "isaac_ros_nitros_occupancy_grid_type" "--output-file" "/workspaces/isaac_ros-dev/build/isaac_ros_nitros_occupancy_grid_type/ament_xmllint/xmllint.txt" "--command" "/opt/ros/humble/bin/ament_xmllint" "--xunit-file" "/workspaces/isaac_ros-dev/build/isaac_ros_nitros_occupancy_grid_type/test_results/isaac_ros_nitros_occupancy_grid_type/xmllint.xunit.xml"</Value>
				</NamedMeasurement>
				<NamedMeasurement type="text/string" name="Environment">
					<Value>#CTEST_RESOURCE_GROUP_COUNT=</Value>
				</NamedMeasurement>
				<Measurement>
					<Value>-- run_test.py: invoking following command in '/workspaces/isaac_ros-dev/isaac_ros_nitros/isaac_ros_nitros_type/isaac_ros_nitros_occupancy_grid_type':
 - /opt/ros/humble/bin/ament_xmllint --xunit-file /workspaces/isaac_ros-dev/build/isaac_ros_nitros_occupancy_grid_type/test_results/isaac_ros_nitros_occupancy_grid_type/xmllint.xunit.xml
File 'package.xml' is valid

No problems found
-- run_test.py: return code 0
-- run_test.py: verify result file '/workspaces/isaac_ros-dev/build/isaac_ros_nitros_occupancy_grid_type/test_results/isaac_ros_nitros_occupancy_grid_type/xmllint.xunit.xml'
</Value>
				</Measurement>
			</Results>
			<Labels>
				<Label>linter</Label>
				<Label>xmllint</Label>
			</Labels>
		</Test>
		<EndDateTime>Nov 02 20:06 CDT</EndDateTime>
		<EndTestTime>1698973600</EndTestTime>
		<ElapsedMinutes>0</ElapsedMinutes>
	</Testing>
</Site>
