<?xml version="1.0" encoding="UTF-8"?>
<Site BuildName="(empty)"
	BuildStamp="20231103-0109-Experimental"
	Name="roboticsatiowa-desktop"
	Generator="ctest-3.22.1"
	CompilerName="/usr/bin/c++"
	CompilerVersion="9.4.0"
	OSName="Linux"
	Hostname="roboticsatiowa-desktop"
	OSRelease="5.10.120-tegra"
	OSVersion="#1 SMP PREEMPT Tue Aug 1 12:32:50 PDT 2023"
	OSPlatform="aarch64"
	Is64Bits="1"
	VendorString=""
	VendorID="Unknown Manufacturer"
	FamilyID="8"
	ModelID="0"
	ProcessorCacheSize="0"
	NumberOfLogicalCPU="6"
	NumberOfPhysicalCPU="1"
	TotalVirtualMemory="3422"
	TotalPhysicalMemory="6845"
	LogicalProcessorsPerPhysical="6"
	ProcessorClockFrequency="0"
	>
	<Testing>
		<StartDateTime>Nov 02 20:09 CDT</StartDateTime>
		<StartTestTime>1698973750</StartTestTime>
		<TestList>
			<Test>./test_isaac_ros_nitros_tensor_list_type_test_pol.py</Test>
			<Test>./cppcheck</Test>
			<Test>./cpplint</Test>
			<Test>./flake8</Test>
			<Test>./lint_cmake</Test>
			<Test>./pep257</Test>
			<Test>./uncrustify</Test>
			<Test>./xmllint</Test>
		</TestList>
		<Test Status="failed">
			<Name>test_isaac_ros_nitros_tensor_list_type_test_pol.py</Name>
			<Path>.</Path>
			<FullName>./test_isaac_ros_nitros_tensor_list_type_test_pol.py</FullName>
			<FullCommandLine>/usr/bin/python3.8 "-u" "/opt/ros/humble/share/ament_cmake_test/cmake/run_test.py" "/workspaces/isaac_ros-dev/build/isaac_ros_nitros_tensor_list_type/test_results/isaac_ros_nitros_tensor_list_type/test_isaac_ros_nitros_tensor_list_type_test_pol.py.xunit.xml" "--package-name" "isaac_ros_nitros_tensor_list_type" "--output-file" "/workspaces/isaac_ros-dev/build/isaac_ros_nitros_tensor_list_type/launch_test/test_isaac_ros_nitros_tensor_list_type_test_pol.py.txt" "--command" "/usr/bin/python3" "-m" "launch_testing.launch_test" "/workspaces/isaac_ros-dev/isaac_ros_nitros/isaac_ros_nitros_type/isaac_ros_nitros_tensor_list_type/test/isaac_ros_nitros_tensor_list_type_test_pol.py" "--junit-xml=/workspaces/isaac_ros-dev/build/isaac_ros_nitros_tensor_list_type/test_results/isaac_ros_nitros_tensor_list_type/test_isaac_ros_nitros_tensor_list_type_test_pol.py.xunit.xml" "--package-name=isaac_ros_nitros_tensor_list_type"</FullCommandLine>
			<Results>
				<NamedMeasurement type="text/string" name="Exit Code">
					<Value>Timeout</Value>
				</NamedMeasurement>
				<NamedMeasurement type="text/string" name="Exit Value">
					<Value>0</Value>
				</NamedMeasurement>
				<NamedMeasurement type="numeric/double" name="Execution Time">
					<Value>15.1253</Value>
				</NamedMeasurement>
				<NamedMeasurement type="numeric/double" name="Processors">
					<Value>1</Value>
				</NamedMeasurement>
				<NamedMeasurement type="text/string" name="Completion Status">
					<Value>Completed</Value>
				</NamedMeasurement>
				<NamedMeasurement type="text/string" name="Command Line">
					<Value>/usr/bin/python3.8 "-u" "/opt/ros/humble/share/ament_cmake_test/cmake/run_test.py" "/workspaces/isaac_ros-dev/build/isaac_ros_nitros_tensor_list_type/test_results/isaac_ros_nitros_tensor_list_type/test_isaac_ros_nitros_tensor_list_type_test_pol.py.xunit.xml" "--package-name" "isaac_ros_nitros_tensor_list_type" "--output-file" "/workspaces/isaac_ros-dev/build/isaac_ros_nitros_tensor_list_type/launch_test/test_isaac_ros_nitros_tensor_list_type_test_pol.py.txt" "--command" "/usr/bin/python3" "-m" "launch_testing.launch_test" "/workspaces/isaac_ros-dev/isaac_ros_nitros/isaac_ros_nitros_type/isaac_ros_nitros_tensor_list_type/test/isaac_ros_nitros_tensor_list_type_test_pol.py" "--junit-xml=/workspaces/isaac_ros-dev/build/isaac_ros_nitros_tensor_list_type/test_results/isaac_ros_nitros_tensor_list_type/test_isaac_ros_nitros_tensor_list_type_test_pol.py.xunit.xml" "--package-name=isaac_ros_nitros_tensor_list_type"</Value>
				</NamedMeasurement>
				<NamedMeasurement type="text/string" name="Environment">
					<Value>#CTEST_RESOURCE_GROUP_COUNT=</Value>
				</NamedMeasurement>
				<Measurement>
					<Value>-- run_test.py: invoking following command in '/workspaces/isaac_ros-dev/build/isaac_ros_nitros_tensor_list_type':
 - /usr/bin/python3 -m launch_testing.launch_test /workspaces/isaac_ros-dev/isaac_ros_nitros/isaac_ros_nitros_type/isaac_ros_nitros_tensor_list_type/test/isaac_ros_nitros_tensor_list_type_test_pol.py --junit-xml=/workspaces/isaac_ros-dev/build/isaac_ros_nitros_tensor_list_type/test_results/isaac_ros_nitros_tensor_list_type/test_isaac_ros_nitros_tensor_list_type_test_pol.py.xunit.xml --package-name=isaac_ros_nitros_tensor_list_type
[INFO] [launch]: All log files can be found below /home/admin/.ros/log/2023-11-02-20-09-19-443574-roboticsatiowa-desktop-13611
[INFO] [launch]: Default logging verbosity is set to INFO
[INFO] [component_container_mt-1]: process started with pid [13638]
[component_container_mt-1] [INFO] [1698973761.232699888] [isaac_ros_nitros_container.image_container]: Load Library: /workspaces/isaac_ros-dev/install/isaac_ros_nitros_tensor_list_type/lib/libnitros_tensor_list_forward_node.so
[component_container_mt-1] [INFO] [1698973761.297317459] [isaac_ros_nitros_container.image_container]: Found class: rclcpp_components::NodeFactoryTemplate&lt;nvidia::isaac_ros::nitros::NitrosNode&gt;
[component_container_mt-1] [INFO] [1698973761.297556500] [isaac_ros_nitros_container.image_container]: Found class: rclcpp_components::NodeFactoryTemplate&lt;nvidia::isaac_ros::nitros::NitrosTensorListForwardNode&gt;
[component_container_mt-1] [INFO] [1698973761.297621332] [isaac_ros_nitros_container.image_container]: Instantiate class: rclcpp_components::NodeFactoryTemplate&lt;nvidia::isaac_ros::nitros::NitrosTensorListForwardNode&gt;
[component_container_mt-1] [INFO] [1698973761.339996414] [NitrosContext]: [NitrosContext] Creating a new shared context
[component_container_mt-1] [INFO] [1698973761.341012322] [isaac_ros_test.NitrosTensorListForwardNode]: [NitrosNode] Initializing NitrosNode
[component_container_mt-1] [INFO] [1698973761.345963350] [NitrosContext]: [NitrosContext] Loading extension: gxf/lib/std/libgxf_std.so
[component_container_mt-1] [INFO] [1698973761.373462821] [NitrosContext]: [NitrosContext] Loading extension: gxf/lib/libgxf_gxf_helpers.so
[component_container_mt-1] [INFO] [1698973761.386859738] [NitrosContext]: [NitrosContext] Loading extension: gxf/lib/libgxf_sight.so
[component_container_mt-1] [INFO] [1698973761.402525689] [NitrosContext]: [NitrosContext] Loading extension: gxf/lib/libgxf_atlas.so
[component_container_mt-1] [INFO] [1698973761.417248532] [NitrosContext]: [NitrosContext] Loading application: '/workspaces/isaac_ros-dev/install/isaac_ros_nitros/share/isaac_ros_nitros/config/type_adapter_nitros_context_graph.yaml'
[component_container_mt-1] [INFO] [1698973761.423053867] [NitrosContext]: [NitrosContext] Initializing application...
[component_container_mt-1] [INFO] [1698973761.447770671] [NitrosContext]: [NitrosContext] Running application...
[component_container_mt-1] [NON-XML-CHAR-0x1B][33m2023-11-02 20:09:21.447 WARN  gxf/std/program.cpp@514: No system specified. Nothing to do[NON-XML-CHAR-0x1B][0m
[component_container_mt-1] [INFO] [1698973761.453721318] [isaac_ros_test.NitrosTensorListForwardNode]: [NitrosNode] Starting NitrosNode
[component_container_mt-1] [INFO] [1698973761.453870183] [isaac_ros_test.NitrosTensorListForwardNode]: [NitrosNode] Loading built-in preset extension specs
[component_container_mt-1] [INFO] [1698973761.464795507] [isaac_ros_test.NitrosTensorListForwardNode]: [NitrosNode] Loading built-in extension specs
[component_container_mt-1] [INFO] [1698973761.465021076] [isaac_ros_test.NitrosTensorListForwardNode]: [NitrosNode] Loading preset extension specs
[component_container_mt-1] [INFO] [1698973761.465095956] [isaac_ros_test.NitrosTensorListForwardNode]: [NitrosNode] Loading extension specs
[component_container_mt-1] [INFO] [1698973761.465148596] [isaac_ros_test.NitrosTensorListForwardNode]: [NitrosNode] Loading generator rules
[component_container_mt-1] [INFO] [1698973761.465227701] [isaac_ros_test.NitrosTensorListForwardNode]: [NitrosNode] Loading extensions
[component_container_mt-1] [INFO] [1698973761.467231741] [isaac_ros_test.NitrosTensorListForwardNode]: [NitrosContext] Loading extension: gxf/lib/libgxf_message_compositor.so
[component_container_mt-1] [INFO] [1698973761.477962152] [isaac_ros_test.NitrosTensorListForwardNode]: [NitrosContext] Loading extension: gxf/lib/cuda/libgxf_cuda.so
[component_container_mt-1] [INFO] [1698973761.491757215] [isaac_ros_test.NitrosTensorListForwardNode]: [NitrosContext] Loading extension: gxf/lib/serialization/libgxf_serialization.so
[component_container_mt-1] [INFO] [1698973761.507599327] [isaac_ros_test.NitrosTensorListForwardNode]: [NitrosNode] Loading graph to the optimizer
[component_container_mt-1] [INFO] [1698973761.513590167] [isaac_ros_test.NitrosTensorListForwardNode]: [NitrosNode] Running optimization
[component_container_mt-1] [INFO] [1698973761.523687807] [isaac_ros_test.NitrosTensorListForwardNode]: [NitrosNode] Obtaining graph IO group info from the optimizer
[component_container_mt-1] [INFO] [1698973761.525290021] [isaac_ros_test.NitrosTensorListForwardNode]: [NitrosNode] Creating negotiated publishers/subscribers
[component_container_mt-1] [INFO] [1698973761.525524358] [isaac_ros_test.NitrosTensorListForwardNode]: [NitrosPublisherSubscriberGroup] Expanding "any" data formats to all registered data formats
[component_container_mt-1] [INFO] [1698973761.525719687] [isaac_ros_test.NitrosTensorListForwardNode]: [NitrosPublisherSubscriberGroup] Pinning the component "forward/input" (type="nvidia::gxf::DoubleBufferReceiver") to use its compatible format only: "nitros_tensor_list_nchw"
[INFO] [launch_ros.actions.load_composable_nodes]: Loaded node '/isaac_ros_test/NitrosTensorListForwardNode' in container '/isaac_ros_nitros_container/image_container'
[component_container_mt-1] [INFO] [1698973761.525820776] [isaac_ros_test.NitrosTensorListForwardNode]: [NitrosPublisherSubscriberGroup] Pinning the component "sink/sink" (type="nvidia::isaac_ros::MessageRelay") to use its compatible format only: "nitros_tensor_list_nchw"
[component_container_mt-1] [INFO] [1698973761.546604571] [isaac_ros_test.NitrosTensorListForwardNode]: [NitrosNode] Starting negotiation...
Warning: A NumPy version &gt;=1.19.5 and &lt;1.27.0 is required for this version of SciPy (detected version 1.17.4)
test_forward_node (isaac_ros_nitros_tensor_list_type.IsaacROSNitrosTensorListTest) ... [component_container_mt-1] [INFO] [1698973762.548914255] [isaac_ros_test.NitrosTensorListForwardNode]: [NitrosNode] Starting post negotiation setup
[component_container_mt-1] [INFO] [1698973762.549134384] [isaac_ros_test.NitrosTensorListForwardNode]: [NitrosNode] Getting data format negotiation results
[component_container_mt-1] [INFO] [1698973762.549209072] [isaac_ros_test.NitrosTensorListForwardNode]: [NitrosPublisher] Negotiation ended with no results
[component_container_mt-1] [INFO] [1698973762.549312817] [isaac_ros_test.NitrosTensorListForwardNode]: [NitrosPublisher] Use only the compatible publisher: topic_name="/isaac_ros_test/topic_forward_output", data_format="nitros_tensor_list_nchw"
[component_container_mt-1] [INFO] [1698973762.549408561] [isaac_ros_test.NitrosTensorListForwardNode]: [NitrosSubscriber] Negotiation ended with no results
[component_container_mt-1] [INFO] [1698973762.549464529] [isaac_ros_test.NitrosTensorListForwardNode]: [NitrosSubscriber] Use the compatible subscriber: topic_name="/isaac_ros_test/topic_forward_input", data_format="nitros_tensor_list_nchw"
[component_container_mt-1] [INFO] [1698973762.549586706] [isaac_ros_test.NitrosTensorListForwardNode]: [NitrosNode] Exporting the final graph based on the negotiation results
[component_container_mt-1] [INFO] [1698973762.580100780] [isaac_ros_test.NitrosTensorListForwardNode]: [NitrosNode] Wrote the final top level YAML graph to "/workspaces/isaac_ros-dev/install/isaac_ros_nitros_tensor_list_type/share/isaac_ros_nitros_tensor_list_type/RVSZHKIPYU.yaml"
[component_container_mt-1] [INFO] [1698973762.580319693] [isaac_ros_test.NitrosTensorListForwardNode]: [NitrosNode] Calling user's pre-load-graph callback
[component_container_mt-1] [INFO] [1698973762.580457165] [isaac_ros_test.NitrosTensorListForwardNode]: [NitrosNode] Loading application
[component_container_mt-1] [INFO] [1698973762.580573166] [isaac_ros_test.NitrosTensorListForwardNode]: [NitrosContext] Loading application: '/workspaces/isaac_ros-dev/install/isaac_ros_nitros_tensor_list_type/share/isaac_ros_nitros_tensor_list_type/RVSZHKIPYU.yaml'
[component_container_mt-1] [INFO] [1698973762.592820383] [isaac_ros_test.NitrosTensorListForwardNode]: [NitrosNode] Linking Nitros pub/sub to the loaded application
[component_container_mt-1] [INFO] [1698973762.594011652] [isaac_ros_test.NitrosTensorListForwardNode]: [NitrosNode] Calling user's post-load-graph callback
[component_container_mt-1] [INFO] [1698973762.594316101] [isaac_ros_test.NitrosTensorListForwardNode]: [NitrosContext] Initializing application...
[component_container_mt-1] [INFO] [1698973762.615641051] [isaac_ros_test.NitrosTensorListForwardNode]: [NitrosContext] Running application...
[component_container_mt-1] [INFO] [1698973762.616065628] [isaac_ros_test.NitrosTensorListForwardNode]: [NitrosNode] Starting a heartbeat timer (eid=17)
[INFO] [1698973762.947951471] [isaac_ros_test.isaac_ros_base_test_node]: Starting Isaac ROS NitrosNode POL Test
[INFO] [1698973763.098483915] [isaac_ros_test.isaac_ros_base_test_node]: Start publishing messages
[INFO] [1698973765.110696018] [isaac_ros_test.isaac_ros_base_test_node]: Test Results:
# of Messages Sent: 131
# of Messages Received: 128
# of Messages Dropped: 3
Message Drop Rate: 2.2900763358778624%
[INFO] [1698973765.529193152] [isaac_ros_test.isaac_ros_base_test_node]: Source and received tensor lists are matched.
</Value>
				</Measurement>
			</Results>
			<Labels>
				<Label>launch_test</Label>
			</Labels>
		</Test>
		<Test Status="passed">
			<Name>cppcheck</Name>
			<Path>.</Path>
			<FullName>./cppcheck</FullName>
			<FullCommandLine>/usr/bin/python3.8 "-u" "/opt/ros/humble/share/ament_cmake_test/cmake/run_test.py" "/workspaces/isaac_ros-dev/build/isaac_ros_nitros_tensor_list_type/test_results/isaac_ros_nitros_tensor_list_type/cppcheck.xunit.xml" "--package-name" "isaac_ros_nitros_tensor_list_type" "--output-file" "/workspaces/isaac_ros-dev/build/isaac_ros_nitros_tensor_list_type/ament_cppcheck/cppcheck.txt" "--command" "/opt/ros/humble/bin/ament_cppcheck" "--xunit-file" "/workspaces/isaac_ros-dev/build/isaac_ros_nitros_tensor_list_type/test_results/isaac_ros_nitros_tensor_list_type/cppcheck.xunit.xml" "--include_dirs" "/workspaces/isaac_ros-dev/isaac_ros_nitros/isaac_ros_nitros_type/isaac_ros_nitros_tensor_list_type/include"</FullCommandLine>
			<Results>
				<NamedMeasurement type="numeric/double" name="Execution Time">
					<Value>2.64796</Value>
				</NamedMeasurement>
				<NamedMeasurement type="numeric/double" name="Processors">
					<Value>1</Value>
				</NamedMeasurement>
				<NamedMeasurement type="text/string" name="Completion Status">
					<Value>Completed</Value>
				</NamedMeasurement>
				<NamedMeasurement type="text/string" name="Command Line">
					<Value>/usr/bin/python3.8 "-u" "/opt/ros/humble/share/ament_cmake_test/cmake/run_test.py" "/workspaces/isaac_ros-dev/build/isaac_ros_nitros_tensor_list_type/test_results/isaac_ros_nitros_tensor_list_type/cppcheck.xunit.xml" "--package-name" "isaac_ros_nitros_tensor_list_type" "--output-file" "/workspaces/isaac_ros-dev/build/isaac_ros_nitros_tensor_list_type/ament_cppcheck/cppcheck.txt" "--command" "/opt/ros/humble/bin/ament_cppcheck" "--xunit-file" "/workspaces/isaac_ros-dev/build/isaac_ros_nitros_tensor_list_type/test_results/isaac_ros_nitros_tensor_list_type/cppcheck.xunit.xml" "--include_dirs" "/workspaces/isaac_ros-dev/isaac_ros_nitros/isaac_ros_nitros_type/isaac_ros_nitros_tensor_list_type/include"</Value>
				</NamedMeasurement>
				<NamedMeasurement type="text/string" name="Environment">
					<Value>#CTEST_RESOURCE_GROUP_COUNT=</Value>
				</NamedMeasurement>
				<Measurement>
					<Value>-- run_test.py: invoking following command in '/workspaces/isaac_ros-dev/isaac_ros_nitros/isaac_ros_nitros_type/isaac_ros_nitros_tensor_list_type':
 - /opt/ros/humble/bin/ament_cppcheck --xunit-file /workspaces/isaac_ros-dev/build/isaac_ros_nitros_tensor_list_type/test_results/isaac_ros_nitros_tensor_list_type/cppcheck.xunit.xml --include_dirs /workspaces/isaac_ros-dev/isaac_ros_nitros/isaac_ros_nitros_type/isaac_ros_nitros_tensor_list_type/include
No problems found
-- run_test.py: return code 0
-- run_test.py: verify result file '/workspaces/isaac_ros-dev/build/isaac_ros_nitros_tensor_list_type/test_results/isaac_ros_nitros_tensor_list_type/cppcheck.xunit.xml'
</Value>
				</Measurement>
			</Results>
			<Labels>
				<Label>cppcheck</Label>
				<Label>linter</Label>
			</Labels>
		</Test>
		<Test Status="passed">
			<Name>cpplint</Name>
			<Path>.</Path>
			<FullName>./cpplint</FullName>
			<FullCommandLine>/usr/bin/python3.8 "-u" "/opt/ros/humble/share/ament_cmake_test/cmake/run_test.py" "/workspaces/isaac_ros-dev/build/isaac_ros_nitros_tensor_list_type/test_results/isaac_ros_nitros_tensor_list_type/cpplint.xunit.xml" "--package-name" "isaac_ros_nitros_tensor_list_type" "--output-file" "/workspaces/isaac_ros-dev/build/isaac_ros_nitros_tensor_list_type/ament_cpplint/cpplint.txt" "--command" "/opt/ros/humble/bin/ament_cpplint" "--xunit-file" "/workspaces/isaac_ros-dev/build/isaac_ros_nitros_tensor_list_type/test_results/isaac_ros_nitros_tensor_list_type/cpplint.xunit.xml"</FullCommandLine>
			<Results>
				<NamedMeasurement type="numeric/double" name="Execution Time">
					<Value>4.04272</Value>
				</NamedMeasurement>
				<NamedMeasurement type="numeric/double" name="Processors">
					<Value>1</Value>
				</NamedMeasurement>
				<NamedMeasurement type="text/string" name="Completion Status">
					<Value>Completed</Value>
				</NamedMeasurement>
				<NamedMeasurement type="text/string" name="Command Line">
					<Value>/usr/bin/python3.8 "-u" "/opt/ros/humble/share/ament_cmake_test/cmake/run_test.py" "/workspaces/isaac_ros-dev/build/isaac_ros_nitros_tensor_list_type/test_results/isaac_ros_nitros_tensor_list_type/cpplint.xunit.xml" "--package-name" "isaac_ros_nitros_tensor_list_type" "--output-file" "/workspaces/isaac_ros-dev/build/isaac_ros_nitros_tensor_list_type/ament_cpplint/cpplint.txt" "--command" "/opt/ros/humble/bin/ament_cpplint" "--xunit-file" "/workspaces/isaac_ros-dev/build/isaac_ros_nitros_tensor_list_type/test_results/isaac_ros_nitros_tensor_list_type/cpplint.xunit.xml"</Value>
				</NamedMeasurement>
				<NamedMeasurement type="text/string" name="Environment">
					<Value>#CTEST_RESOURCE_GROUP_COUNT=</Value>
				</NamedMeasurement>
				<Measurement>
					<Value>-- run_test.py: invoking following command in '/workspaces/isaac_ros-dev/isaac_ros_nitros/isaac_ros_nitros_type/isaac_ros_nitros_tensor_list_type':
 - /opt/ros/humble/bin/ament_cpplint --xunit-file /workspaces/isaac_ros-dev/build/isaac_ros_nitros_tensor_list_type/test_results/isaac_ros_nitros_tensor_list_type/cpplint.xunit.xml
Using '--root=/workspaces/isaac_ros-dev/isaac_ros_nitros/isaac_ros_nitros_type/isaac_ros_nitros_tensor_list_type/include' argument

Done processing /workspaces/isaac_ros-dev/isaac_ros_nitros/isaac_ros_nitros_type/isaac_ros_nitros_tensor_list_type/include/isaac_ros_nitros_tensor_list_type/nitros_data_type.hpp

Done processing /workspaces/isaac_ros-dev/isaac_ros_nitros/isaac_ros_nitros_type/isaac_ros_nitros_tensor_list_type/include/isaac_ros_nitros_tensor_list_type/nitros_tensor.hpp

Done processing /workspaces/isaac_ros-dev/isaac_ros_nitros/isaac_ros_nitros_type/isaac_ros_nitros_tensor_list_type/include/isaac_ros_nitros_tensor_list_type/nitros_tensor_builder.hpp

Done processing /workspaces/isaac_ros-dev/isaac_ros_nitros/isaac_ros_nitros_type/isaac_ros_nitros_tensor_list_type/include/isaac_ros_nitros_tensor_list_type/nitros_tensor_list.hpp

Done processing /workspaces/isaac_ros-dev/isaac_ros_nitros/isaac_ros_nitros_type/isaac_ros_nitros_tensor_list_type/include/isaac_ros_nitros_tensor_list_type/nitros_tensor_list_builder.hpp

Done processing /workspaces/isaac_ros-dev/isaac_ros_nitros/isaac_ros_nitros_type/isaac_ros_nitros_tensor_list_type/include/isaac_ros_nitros_tensor_list_type/nitros_tensor_list_view.hpp

Done processing /workspaces/isaac_ros-dev/isaac_ros_nitros/isaac_ros_nitros_type/isaac_ros_nitros_tensor_list_type/include/isaac_ros_nitros_tensor_list_type/nitros_tensor_shape.hpp

Using '--root=/workspaces/isaac_ros-dev/isaac_ros_nitros/isaac_ros_nitros_type/isaac_ros_nitros_tensor_list_type/src' argument

Done processing /workspaces/isaac_ros-dev/isaac_ros_nitros/isaac_ros_nitros_type/isaac_ros_nitros_tensor_list_type/src/nitros_data_type.cpp

Done processing /workspaces/isaac_ros-dev/isaac_ros_nitros/isaac_ros_nitros_type/isaac_ros_nitros_tensor_list_type/src/nitros_tensor_builder.cpp

Done processing /workspaces/isaac_ros-dev/isaac_ros_nitros/isaac_ros_nitros_type/isaac_ros_nitros_tensor_list_type/src/nitros_tensor_list.cpp

Done processing /workspaces/isaac_ros-dev/isaac_ros_nitros/isaac_ros_nitros_type/isaac_ros_nitros_tensor_list_type/src/nitros_tensor_list_builder.cpp

Done processing /workspaces/isaac_ros-dev/isaac_ros_nitros/isaac_ros_nitros_type/isaac_ros_nitros_tensor_list_type/src/nitros_tensor_list_view.cpp

Using '--root=/workspaces/isaac_ros-dev/isaac_ros_nitros/isaac_ros_nitros_type/isaac_ros_nitros_tensor_list_type/test/src' argument

Done processing /workspaces/isaac_ros-dev/isaac_ros_nitros/isaac_ros_nitros_type/isaac_ros_nitros_tensor_list_type/test/src/nitros_tensor_list_forward_node.cpp

No problems found
-- run_test.py: return code 0
-- run_test.py: verify result file '/workspaces/isaac_ros-dev/build/isaac_ros_nitros_tensor_list_type/test_results/isaac_ros_nitros_tensor_list_type/cpplint.xunit.xml'
</Value>
				</Measurement>
			</Results>
			<Labels>
				<Label>cpplint</Label>
				<Label>linter</Label>
			</Labels>
		</Test>
		<Test Status="passed">
			<Name>flake8</Name>
			<Path>.</Path>
			<FullName>./flake8</FullName>
			<FullCommandLine>/usr/bin/python3.8 "-u" "/opt/ros/humble/share/ament_cmake_test/cmake/run_test.py" "/workspaces/isaac_ros-dev/build/isaac_ros_nitros_tensor_list_type/test_results/isaac_ros_nitros_tensor_list_type/flake8.xunit.xml" "--package-name" "isaac_ros_nitros_tensor_list_type" "--output-file" "/workspaces/isaac_ros-dev/build/isaac_ros_nitros_tensor_list_type/ament_flake8/flake8.txt" "--command" "/opt/ros/humble/bin/ament_flake8" "--xunit-file" "/workspaces/isaac_ros-dev/build/isaac_ros_nitros_tensor_list_type/test_results/isaac_ros_nitros_tensor_list_type/flake8.xunit.xml"</FullCommandLine>
			<Results>
				<NamedMeasurement type="numeric/double" name="Execution Time">
					<Value>3.55838</Value>
				</NamedMeasurement>
				<NamedMeasurement type="numeric/double" name="Processors">
					<Value>1</Value>
				</NamedMeasurement>
				<NamedMeasurement type="text/string" name="Completion Status">
					<Value>Completed</Value>
				</NamedMeasurement>
				<NamedMeasurement type="text/string" name="Command Line">
					<Value>/usr/bin/python3.8 "-u" "/opt/ros/humble/share/ament_cmake_test/cmake/run_test.py" "/workspaces/isaac_ros-dev/build/isaac_ros_nitros_tensor_list_type/test_results/isaac_ros_nitros_tensor_list_type/flake8.xunit.xml" "--package-name" "isaac_ros_nitros_tensor_list_type" "--output-file" "/workspaces/isaac_ros-dev/build/isaac_ros_nitros_tensor_list_type/ament_flake8/flake8.txt" "--command" "/opt/ros/humble/bin/ament_flake8" "--xunit-file" "/workspaces/isaac_ros-dev/build/isaac_ros_nitros_tensor_list_type/test_results/isaac_ros_nitros_tensor_list_type/flake8.xunit.xml"</Value>
				</NamedMeasurement>
				<NamedMeasurement type="text/string" name="Environment">
					<Value>#CTEST_RESOURCE_GROUP_COUNT=</Value>
				</NamedMeasurement>
				<Measurement>
					<Value>-- run_test.py: invoking following command in '/workspaces/isaac_ros-dev/isaac_ros_nitros/isaac_ros_nitros_type/isaac_ros_nitros_tensor_list_type':
 - /opt/ros/humble/bin/ament_flake8 --xunit-file /workspaces/isaac_ros-dev/build/isaac_ros_nitros_tensor_list_type/test_results/isaac_ros_nitros_tensor_list_type/flake8.xunit.xml

1 files checked
No problems found

Checked files:

* ./test/isaac_ros_nitros_tensor_list_type_test_pol.py
-- run_test.py: return code 0
-- run_test.py: verify result file '/workspaces/isaac_ros-dev/build/isaac_ros_nitros_tensor_list_type/test_results/isaac_ros_nitros_tensor_list_type/flake8.xunit.xml'
</Value>
				</Measurement>
			</Results>
			<Labels>
				<Label>flake8</Label>
				<Label>linter</Label>
			</Labels>
		</Test>
		<Test Status="passed">
			<Name>lint_cmake</Name>
			<Path>.</Path>
			<FullName>./lint_cmake</FullName>
			<FullCommandLine>/usr/bin/python3.8 "-u" "/opt/ros/humble/share/ament_cmake_test/cmake/run_test.py" "/workspaces/isaac_ros-dev/build/isaac_ros_nitros_tensor_list_type/test_results/isaac_ros_nitros_tensor_list_type/lint_cmake.xunit.xml" "--package-name" "isaac_ros_nitros_tensor_list_type" "--output-file" "/workspaces/isaac_ros-dev/build/isaac_ros_nitros_tensor_list_type/ament_lint_cmake/lint_cmake.txt" "--command" "/opt/ros/humble/bin/ament_lint_cmake" "--xunit-file" "/workspaces/isaac_ros-dev/build/isaac_ros_nitros_tensor_list_type/test_results/isaac_ros_nitros_tensor_list_type/lint_cmake.xunit.xml"</FullCommandLine>
			<Results>
				<NamedMeasurement type="numeric/double" name="Execution Time">
					<Value>2.26914</Value>
				</NamedMeasurement>
				<NamedMeasurement type="numeric/double" name="Processors">
					<Value>1</Value>
				</NamedMeasurement>
				<NamedMeasurement type="text/string" name="Completion Status">
					<Value>Completed</Value>
				</NamedMeasurement>
				<NamedMeasurement type="text/string" name="Command Line">
					<Value>/usr/bin/python3.8 "-u" "/opt/ros/humble/share/ament_cmake_test/cmake/run_test.py" "/workspaces/isaac_ros-dev/build/isaac_ros_nitros_tensor_list_type/test_results/isaac_ros_nitros_tensor_list_type/lint_cmake.xunit.xml" "--package-name" "isaac_ros_nitros_tensor_list_type" "--output-file" "/workspaces/isaac_ros-dev/build/isaac_ros_nitros_tensor_list_type/ament_lint_cmake/lint_cmake.txt" "--command" "/opt/ros/humble/bin/ament_lint_cmake" "--xunit-file" "/workspaces/isaac_ros-dev/build/isaac_ros_nitros_tensor_list_type/test_results/isaac_ros_nitros_tensor_list_type/lint_cmake.xunit.xml"</Value>
				</NamedMeasurement>
				<NamedMeasurement type="text/string" name="Environment">
					<Value>#CTEST_RESOURCE_GROUP_COUNT=</Value>
				</NamedMeasurement>
				<Measurement>
					<Value>-- run_test.py: invoking following command in '/workspaces/isaac_ros-dev/isaac_ros_nitros/isaac_ros_nitros_type/isaac_ros_nitros_tensor_list_type':
 - /opt/ros/humble/bin/ament_lint_cmake --xunit-file /workspaces/isaac_ros-dev/build/isaac_ros_nitros_tensor_list_type/test_results/isaac_ros_nitros_tensor_list_type/lint_cmake.xunit.xml

No problems found
-- run_test.py: return code 0
-- run_test.py: verify result file '/workspaces/isaac_ros-dev/build/isaac_ros_nitros_tensor_list_type/test_results/isaac_ros_nitros_tensor_list_type/lint_cmake.xunit.xml'
</Value>
				</Measurement>
			</Results>
			<Labels>
				<Label>lint_cmake</Label>
				<Label>linter</Label>
			</Labels>
		</Test>
		<Test Status="passed">
			<Name>pep257</Name>
			<Path>.</Path>
			<FullName>./pep257</FullName>
			<FullCommandLine>/usr/bin/python3.8 "-u" "/opt/ros/humble/share/ament_cmake_test/cmake/run_test.py" "/workspaces/isaac_ros-dev/build/isaac_ros_nitros_tensor_list_type/test_results/isaac_ros_nitros_tensor_list_type/pep257.xunit.xml" "--package-name" "isaac_ros_nitros_tensor_list_type" "--output-file" "/workspaces/isaac_ros-dev/build/isaac_ros_nitros_tensor_list_type/ament_pep257/pep257.txt" "--command" "/opt/ros/humble/bin/ament_pep257" "--xunit-file" "/workspaces/isaac_ros-dev/build/isaac_ros_nitros_tensor_list_type/test_results/isaac_ros_nitros_tensor_list_type/pep257.xunit.xml"</FullCommandLine>
			<Results>
				<NamedMeasurement type="numeric/double" name="Execution Time">
					<Value>2.54809</Value>
				</NamedMeasurement>
				<NamedMeasurement type="numeric/double" name="Processors">
					<Value>1</Value>
				</NamedMeasurement>
				<NamedMeasurement type="text/string" name="Completion Status">
					<Value>Completed</Value>
				</NamedMeasurement>
				<NamedMeasurement type="text/string" name="Command Line">
					<Value>/usr/bin/python3.8 "-u" "/opt/ros/humble/share/ament_cmake_test/cmake/run_test.py" "/workspaces/isaac_ros-dev/build/isaac_ros_nitros_tensor_list_type/test_results/isaac_ros_nitros_tensor_list_type/pep257.xunit.xml" "--package-name" "isaac_ros_nitros_tensor_list_type" "--output-file" "/workspaces/isaac_ros-dev/build/isaac_ros_nitros_tensor_list_type/ament_pep257/pep257.txt" "--command" "/opt/ros/humble/bin/ament_pep257" "--xunit-file" "/workspaces/isaac_ros-dev/build/isaac_ros_nitros_tensor_list_type/test_results/isaac_ros_nitros_tensor_list_type/pep257.xunit.xml"</Value>
				</NamedMeasurement>
				<NamedMeasurement type="text/string" name="Environment">
					<Value>#CTEST_RESOURCE_GROUP_COUNT=</Value>
				</NamedMeasurement>
				<Measurement>
					<Value>-- run_test.py: invoking following command in '/workspaces/isaac_ros-dev/isaac_ros_nitros/isaac_ros_nitros_type/isaac_ros_nitros_tensor_list_type':
 - /opt/ros/humble/bin/ament_pep257 --xunit-file /workspaces/isaac_ros-dev/build/isaac_ros_nitros_tensor_list_type/test_results/isaac_ros_nitros_tensor_list_type/pep257.xunit.xml
checking ./test/isaac_ros_nitros_tensor_list_type_test_pol.py
No problems found
-- run_test.py: return code 0
-- run_test.py: verify result file '/workspaces/isaac_ros-dev/build/isaac_ros_nitros_tensor_list_type/test_results/isaac_ros_nitros_tensor_list_type/pep257.xunit.xml'
</Value>
				</Measurement>
			</Results>
			<Labels>
				<Label>linter</Label>
				<Label>pep257</Label>
			</Labels>
		</Test>
		<Test Status="passed">
			<Name>uncrustify</Name>
			<Path>.</Path>
			<FullName>./uncrustify</FullName>
			<FullCommandLine>/usr/bin/python3.8 "-u" "/opt/ros/humble/share/ament_cmake_test/cmake/run_test.py" "/workspaces/isaac_ros-dev/build/isaac_ros_nitros_tensor_list_type/test_results/isaac_ros_nitros_tensor_list_type/uncrustify.xunit.xml" "--package-name" "isaac_ros_nitros_tensor_list_type" "--output-file" "/workspaces/isaac_ros-dev/build/isaac_ros_nitros_tensor_list_type/ament_uncrustify/uncrustify.txt" "--command" "/opt/ros/humble/bin/ament_uncrustify" "--xunit-file" "/workspaces/isaac_ros-dev/build/isaac_ros_nitros_tensor_list_type/test_results/isaac_ros_nitros_tensor_list_type/uncrustify.xunit.xml"</FullCommandLine>
			<Results>
				<NamedMeasurement type="numeric/double" name="Execution Time">
					<Value>2.62661</Value>
				</NamedMeasurement>
				<NamedMeasurement type="numeric/double" name="Processors">
					<Value>1</Value>
				</NamedMeasurement>
				<NamedMeasurement type="text/string" name="Completion Status">
					<Value>Completed</Value>
				</NamedMeasurement>
				<NamedMeasurement type="text/string" name="Command Line">
					<Value>/usr/bin/python3.8 "-u" "/opt/ros/humble/share/ament_cmake_test/cmake/run_test.py" "/workspaces/isaac_ros-dev/build/isaac_ros_nitros_tensor_list_type/test_results/isaac_ros_nitros_tensor_list_type/uncrustify.xunit.xml" "--package-name" "isaac_ros_nitros_tensor_list_type" "--output-file" "/workspaces/isaac_ros-dev/build/isaac_ros_nitros_tensor_list_type/ament_uncrustify/uncrustify.txt" "--command" "/opt/ros/humble/bin/ament_uncrustify" "--xunit-file" "/workspaces/isaac_ros-dev/build/isaac_ros_nitros_tensor_list_type/test_results/isaac_ros_nitros_tensor_list_type/uncrustify.xunit.xml"</Value>
				</NamedMeasurement>
				<NamedMeasurement type="text/string" name="Environment">
					<Value>#CTEST_RESOURCE_GROUP_COUNT=</Value>
				</NamedMeasurement>
				<Measurement>
					<Value>-- run_test.py: invoking following command in '/workspaces/isaac_ros-dev/isaac_ros_nitros/isaac_ros_nitros_type/isaac_ros_nitros_tensor_list_type':
 - /opt/ros/humble/bin/ament_uncrustify --xunit-file /workspaces/isaac_ros-dev/build/isaac_ros_nitros_tensor_list_type/test_results/isaac_ros_nitros_tensor_list_type/uncrustify.xunit.xml
No code style divergence in file 'include/isaac_ros_nitros_tensor_list_type/nitros_data_type.hpp'

No code style divergence in file 'include/isaac_ros_nitros_tensor_list_type/nitros_tensor.hpp'

No code style divergence in file 'include/isaac_ros_nitros_tensor_list_type/nitros_tensor_builder.hpp'

No code style divergence in file 'include/isaac_ros_nitros_tensor_list_type/nitros_tensor_list.hpp'

No code style divergence in file 'include/isaac_ros_nitros_tensor_list_type/nitros_tensor_list_builder.hpp'

No code style divergence in file 'include/isaac_ros_nitros_tensor_list_type/nitros_tensor_list_view.hpp'

No code style divergence in file 'include/isaac_ros_nitros_tensor_list_type/nitros_tensor_shape.hpp'

No code style divergence in file 'src/nitros_data_type.cpp'

No code style divergence in file 'src/nitros_tensor_builder.cpp'

No code style divergence in file 'src/nitros_tensor_list.cpp'

No code style divergence in file 'src/nitros_tensor_list_builder.cpp'

No code style divergence in file 'src/nitros_tensor_list_view.cpp'

No code style divergence in file 'test/src/nitros_tensor_list_forward_node.cpp'

No problems found
-- run_test.py: return code 0
-- run_test.py: verify result file '/workspaces/isaac_ros-dev/build/isaac_ros_nitros_tensor_list_type/test_results/isaac_ros_nitros_tensor_list_type/uncrustify.xunit.xml'
</Value>
				</Measurement>
			</Results>
			<Labels>
				<Label>linter</Label>
				<Label>uncrustify</Label>
			</Labels>
		</Test>
		<Test Status="passed">
			<Name>xmllint</Name>
			<Path>.</Path>
			<FullName>./xmllint</FullName>
			<FullCommandLine>/usr/bin/python3.8 "-u" "/opt/ros/humble/share/ament_cmake_test/cmake/run_test.py" "/workspaces/isaac_ros-dev/build/isaac_ros_nitros_tensor_list_type/test_results/isaac_ros_nitros_tensor_list_type/xmllint.xunit.xml" "--package-name" "isaac_ros_nitros_tensor_list_type" "--output-file" "/workspaces/isaac_ros-dev/build/isaac_ros_nitros_tensor_list_type/ament_xmllint/xmllint.txt" "--command" "/opt/ros/humble/bin/ament_xmllint" "--xunit-file" "/workspaces/isaac_ros-dev/build/isaac_ros_nitros_tensor_list_type/test_results/isaac_ros_nitros_tensor_list_type/xmllint.xunit.xml"</FullCommandLine>
			<Results>
				<NamedMeasurement type="numeric/double" name="Execution Time">
					<Value>2.44773</Value>
				</NamedMeasurement>
				<NamedMeasurement type="numeric/double" name="Processors">
					<Value>1</Value>
				</NamedMeasurement>
				<NamedMeasurement type="text/string" name="Completion Status">
					<Value>Completed</Value>
				</NamedMeasurement>
				<NamedMeasurement type="text/string" name="Command Line">
					<Value>/usr/bin/python3.8 "-u" "/opt/ros/humble/share/ament_cmake_test/cmake/run_test.py" "/workspaces/isaac_ros-dev/build/isaac_ros_nitros_tensor_list_type/test_results/isaac_ros_nitros_tensor_list_type/xmllint.xunit.xml" "--package-name" "isaac_ros_nitros_tensor_list_type" "--output-file" "/workspaces/isaac_ros-dev/build/isaac_ros_nitros_tensor_list_type/ament_xmllint/xmllint.txt" "--command" "/opt/ros/humble/bin/ament_xmllint" "--xunit-file" "/workspaces/isaac_ros-dev/build/isaac_ros_nitros_tensor_list_type/test_results/isaac_ros_nitros_tensor_list_type/xmllint.xunit.xml"</Value>
				</NamedMeasurement>
				<NamedMeasurement type="text/string" name="Environment">
					<Value>#CTEST_RESOURCE_GROUP_COUNT=</Value>
				</NamedMeasurement>
				<Measurement>
					<Value>-- run_test.py: invoking following command in '/workspaces/isaac_ros-dev/isaac_ros_nitros/isaac_ros_nitros_type/isaac_ros_nitros_tensor_list_type':
 - /opt/ros/humble/bin/ament_xmllint --xunit-file /workspaces/isaac_ros-dev/build/isaac_ros_nitros_tensor_list_type/test_results/isaac_ros_nitros_tensor_list_type/xmllint.xunit.xml
File 'package.xml' is valid

No problems found
-- run_test.py: return code 0
-- run_test.py: verify result file '/workspaces/isaac_ros-dev/build/isaac_ros_nitros_tensor_list_type/test_results/isaac_ros_nitros_tensor_list_type/xmllint.xunit.xml'
</Value>
				</Measurement>
			</Results>
			<Labels>
				<Label>linter</Label>
				<Label>xmllint</Label>
			</Labels>
		</Test>
		<EndDateTime>Nov 02 20:09 CDT</EndDateTime>
		<EndTestTime>1698973785</EndTestTime>
		<ElapsedMinutes>0</ElapsedMinutes>
	</Testing>
</Site>
