<?xml version="1.0" encoding="UTF-8"?>
<Site BuildName="(empty)"
	BuildStamp="20231103-0107-Experimental"
	Name="roboticsatiowa-desktop"
	Generator="ctest-3.22.1"
	CompilerName="/usr/bin/c++"
	CompilerVersion="9.4.0"
	OSName="Linux"
	Hostname="roboticsatiowa-desktop"
	OSRelease="5.10.120-tegra"
	OSVersion="#1 SMP PREEMPT Tue Aug 1 12:32:50 PDT 2023"
	OSPlatform="aarch64"
	Is64Bits="1"
	VendorString=""
	VendorID="Unknown Manufacturer"
	FamilyID="8"
	ModelID="0"
	ProcessorCacheSize="0"
	NumberOfLogicalCPU="6"
	NumberOfPhysicalCPU="1"
	TotalVirtualMemory="3422"
	TotalPhysicalMemory="6845"
	LogicalProcessorsPerPhysical="6"
	ProcessorClockFrequency="0"
	>
	<Testing>
		<StartDateTime>Nov 02 20:07 CDT</StartDateTime>
		<StartTestTime>1698973659</StartTestTime>
		<TestList>
			<Test>./test_isaac_ros_nitros_pose_array_type_test_pol.py</Test>
			<Test>./cppcheck</Test>
			<Test>./cpplint</Test>
			<Test>./flake8</Test>
			<Test>./lint_cmake</Test>
			<Test>./pep257</Test>
			<Test>./uncrustify</Test>
			<Test>./xmllint</Test>
		</TestList>
		<Test Status="passed">
			<Name>test_isaac_ros_nitros_pose_array_type_test_pol.py</Name>
			<Path>.</Path>
			<FullName>./test_isaac_ros_nitros_pose_array_type_test_pol.py</FullName>
			<FullCommandLine>/usr/bin/python3.8 "-u" "/opt/ros/humble/share/ament_cmake_test/cmake/run_test.py" "/workspaces/isaac_ros-dev/build/isaac_ros_nitros_pose_array_type/test_results/isaac_ros_nitros_pose_array_type/test_isaac_ros_nitros_pose_array_type_test_pol.py.xunit.xml" "--package-name" "isaac_ros_nitros_pose_array_type" "--output-file" "/workspaces/isaac_ros-dev/build/isaac_ros_nitros_pose_array_type/launch_test/test_isaac_ros_nitros_pose_array_type_test_pol.py.txt" "--command" "/usr/bin/python3" "-m" "launch_testing.launch_test" "/workspaces/isaac_ros-dev/isaac_ros_nitros/isaac_ros_nitros_type/isaac_ros_nitros_pose_array_type/test/isaac_ros_nitros_pose_array_type_test_pol.py" "--junit-xml=/workspaces/isaac_ros-dev/build/isaac_ros_nitros_pose_array_type/test_results/isaac_ros_nitros_pose_array_type/test_isaac_ros_nitros_pose_array_type_test_pol.py.xunit.xml" "--package-name=isaac_ros_nitros_pose_array_type"</FullCommandLine>
			<Results>
				<NamedMeasurement type="numeric/double" name="Execution Time">
					<Value>10.6561</Value>
				</NamedMeasurement>
				<NamedMeasurement type="numeric/double" name="Processors">
					<Value>1</Value>
				</NamedMeasurement>
				<NamedMeasurement type="text/string" name="Completion Status">
					<Value>Completed</Value>
				</NamedMeasurement>
				<NamedMeasurement type="text/string" name="Command Line">
					<Value>/usr/bin/python3.8 "-u" "/opt/ros/humble/share/ament_cmake_test/cmake/run_test.py" "/workspaces/isaac_ros-dev/build/isaac_ros_nitros_pose_array_type/test_results/isaac_ros_nitros_pose_array_type/test_isaac_ros_nitros_pose_array_type_test_pol.py.xunit.xml" "--package-name" "isaac_ros_nitros_pose_array_type" "--output-file" "/workspaces/isaac_ros-dev/build/isaac_ros_nitros_pose_array_type/launch_test/test_isaac_ros_nitros_pose_array_type_test_pol.py.txt" "--command" "/usr/bin/python3" "-m" "launch_testing.launch_test" "/workspaces/isaac_ros-dev/isaac_ros_nitros/isaac_ros_nitros_type/isaac_ros_nitros_pose_array_type/test/isaac_ros_nitros_pose_array_type_test_pol.py" "--junit-xml=/workspaces/isaac_ros-dev/build/isaac_ros_nitros_pose_array_type/test_results/isaac_ros_nitros_pose_array_type/test_isaac_ros_nitros_pose_array_type_test_pol.py.xunit.xml" "--package-name=isaac_ros_nitros_pose_array_type"</Value>
				</NamedMeasurement>
				<NamedMeasurement type="text/string" name="Environment">
					<Value>#CTEST_RESOURCE_GROUP_COUNT=</Value>
				</NamedMeasurement>
				<Measurement>
					<Value>-- run_test.py: invoking following command in '/workspaces/isaac_ros-dev/build/isaac_ros_nitros_pose_array_type':
 - /usr/bin/python3 -m launch_testing.launch_test /workspaces/isaac_ros-dev/isaac_ros_nitros/isaac_ros_nitros_type/isaac_ros_nitros_pose_array_type/test/isaac_ros_nitros_pose_array_type_test_pol.py --junit-xml=/workspaces/isaac_ros-dev/build/isaac_ros_nitros_pose_array_type/test_results/isaac_ros_nitros_pose_array_type/test_isaac_ros_nitros_pose_array_type_test_pol.py.xunit.xml --package-name=isaac_ros_nitros_pose_array_type
[INFO] [launch]: All log files can be found below /home/admin/.ros/log/2023-11-02-20-07-45-046843-roboticsatiowa-desktop-13216
[INFO] [launch]: Default logging verbosity is set to INFO
[INFO] [component_container_mt-1]: process started with pid [13243]
[component_container_mt-1] [INFO] [1698973665.809554804] [isaac_ros_nitros_container.test_container]: Load Library: /workspaces/isaac_ros-dev/install/isaac_ros_nitros_pose_array_type/lib/libnitros_pose_array_forward_node.so
[component_container_mt-1] [INFO] [1698973665.875914590] [isaac_ros_nitros_container.test_container]: Found class: rclcpp_components::NodeFactoryTemplate&lt;nvidia::isaac_ros::nitros::NitrosNode&gt;
[component_container_mt-1] [INFO] [1698973665.879528205] [isaac_ros_nitros_container.test_container]: Found class: rclcpp_components::NodeFactoryTemplate&lt;nvidia::isaac_ros::nitros::NitrosPoseArrayForwardNode&gt;
[component_container_mt-1] [INFO] [1698973665.882352504] [isaac_ros_nitros_container.test_container]: Instantiate class: rclcpp_components::NodeFactoryTemplate&lt;nvidia::isaac_ros::nitros::NitrosPoseArrayForwardNode&gt;
[component_container_mt-1] [INFO] [1698973665.923913855] [NitrosContext]: [NitrosContext] Creating a new shared context
[component_container_mt-1] [INFO] [1698973665.924903363] [isaac_ros_test.NitrosPoseArrayForwardNode]: [NitrosNode] Initializing NitrosNode
[component_container_mt-1] [INFO] [1698973665.929878327] [NitrosContext]: [NitrosContext] Loading extension: gxf/lib/std/libgxf_std.so
[component_container_mt-1] [INFO] [1698973665.953235700] [NitrosContext]: [NitrosContext] Loading extension: gxf/lib/libgxf_gxf_helpers.so
[component_container_mt-1] [INFO] [1698973665.966284617] [NitrosContext]: [NitrosContext] Loading extension: gxf/lib/libgxf_sight.so
[component_container_mt-1] [INFO] [1698973665.980151168] [NitrosContext]: [NitrosContext] Loading extension: gxf/lib/libgxf_atlas.so
[component_container_mt-1] [INFO] [1698973665.994676443] [NitrosContext]: [NitrosContext] Loading application: '/workspaces/isaac_ros-dev/install/isaac_ros_nitros/share/isaac_ros_nitros/config/type_adapter_nitros_context_graph.yaml'
[component_container_mt-1] [INFO] [1698973665.999090092] [NitrosContext]: [NitrosContext] Initializing application...
[component_container_mt-1] [INFO] [1698973666.023315117] [NitrosContext]: [NitrosContext] Running application...
[component_container_mt-1] [NON-XML-CHAR-0x1B][33m2023-11-02 20:07:46.023 WARN  gxf/std/program.cpp@514: No system specified. Nothing to do[NON-XML-CHAR-0x1B][0m
[component_container_mt-1] [INFO] [1698973666.028607555] [isaac_ros_test.NitrosPoseArrayForwardNode]: [NitrosNode] Starting NitrosNode
[component_container_mt-1] [INFO] [1698973666.028737315] [isaac_ros_test.NitrosPoseArrayForwardNode]: [NitrosNode] Loading built-in preset extension specs
[component_container_mt-1] [INFO] [1698973666.039241069] [isaac_ros_test.NitrosPoseArrayForwardNode]: [NitrosNode] Loading built-in extension specs
[component_container_mt-1] [INFO] [1698973666.039430574] [isaac_ros_test.NitrosPoseArrayForwardNode]: [NitrosNode] Loading preset extension specs
[component_container_mt-1] [INFO] [1698973666.039503374] [isaac_ros_test.NitrosPoseArrayForwardNode]: [NitrosNode] Loading extension specs
[component_container_mt-1] [INFO] [1698973666.039556271] [isaac_ros_test.NitrosPoseArrayForwardNode]: [NitrosNode] Loading generator rules
[component_container_mt-1] [INFO] [1698973666.039608367] [isaac_ros_test.NitrosPoseArrayForwardNode]: [NitrosNode] Loading extensions
[component_container_mt-1] [INFO] [1698973666.041762423] [isaac_ros_test.NitrosPoseArrayForwardNode]: [NitrosContext] Loading extension: gxf/lib/libgxf_message_compositor.so
[component_container_mt-1] [INFO] [1698973666.052335810] [isaac_ros_test.NitrosPoseArrayForwardNode]: [NitrosContext] Loading extension: gxf/lib/cuda/libgxf_cuda.so
[component_container_mt-1] [INFO] [1698973666.064781908] [isaac_ros_test.NitrosPoseArrayForwardNode]: [NitrosContext] Loading extension: gxf/lib/serialization/libgxf_serialization.so
[component_container_mt-1] [INFO] [1698973666.080129393] [NitrosContext]: [NitrosContext] Loading extension: gxf/lib/multimedia/libgxf_multimedia.so
[component_container_mt-1] [INFO] [1698973666.086216298] [isaac_ros_test.NitrosPoseArrayForwardNode]: [NitrosNode] Loading graph to the optimizer
[component_container_mt-1] [INFO] [1698973666.092284226] [isaac_ros_test.NitrosPoseArrayForwardNode]: [NitrosNode] Running optimization
[component_container_mt-1] [INFO] [1698973666.101255462] [isaac_ros_test.NitrosPoseArrayForwardNode]: [NitrosNode] Obtaining graph IO group info from the optimizer
[component_container_mt-1] [INFO] [1698973666.102643308] [isaac_ros_test.NitrosPoseArrayForwardNode]: [NitrosNode] Creating negotiated publishers/subscribers
[component_container_mt-1] [INFO] [1698973666.102807308] [isaac_ros_test.NitrosPoseArrayForwardNode]: [NitrosPublisherSubscriberGroup] Expanding "any" data formats to all registered data formats
[component_container_mt-1] [INFO] [1698973666.102969421] [isaac_ros_test.NitrosPoseArrayForwardNode]: [NitrosPublisherSubscriberGroup] Pinning the component "forward/input" (type="nvidia::gxf::DoubleBufferReceiver") to use its compatible format only: "nitros_pose_array"
[component_container_mt-1] [INFO] [1698973666.103097005] [isaac_ros_test.NitrosPoseArrayForwardNode]: [NitrosPublisherSubscriberGroup] Pinning the component "sink/sink" (type="nvidia::isaac_ros::MessageRelay") to use its compatible format only: "nitros_pose_array"
[component_container_mt-1] [INFO] [1698973666.126985101] [isaac_ros_test.NitrosPoseArrayForwardNode]: [NitrosNode] Starting negotiation...
[INFO] [launch_ros.actions.load_composable_nodes]: Loaded node '/isaac_ros_test/NitrosPoseArrayForwardNode' in container '/isaac_ros_nitros_container/test_container'
[component_container_mt-1] [INFO] [1698973667.129152993] [isaac_ros_test.NitrosPoseArrayForwardNode]: [NitrosNode] Starting post negotiation setup
[component_container_mt-1] [INFO] [1698973667.129338817] [isaac_ros_test.NitrosPoseArrayForwardNode]: [NitrosNode] Getting data format negotiation results
[component_container_mt-1] [INFO] [1698973667.129454242] [isaac_ros_test.NitrosPoseArrayForwardNode]: [NitrosPublisher] Negotiation ended with no results
[component_container_mt-1] [INFO] [1698973667.129561858] [isaac_ros_test.NitrosPoseArrayForwardNode]: [NitrosPublisher] Use only the compatible publisher: topic_name="/isaac_ros_test/output", data_format="nitros_pose_array"
[component_container_mt-1] [INFO] [1698973667.129631651] [isaac_ros_test.NitrosPoseArrayForwardNode]: [NitrosSubscriber] Negotiation ended with no results
[component_container_mt-1] [INFO] [1698973667.129688931] [isaac_ros_test.NitrosPoseArrayForwardNode]: [NitrosSubscriber] Use the compatible subscriber: topic_name="/isaac_ros_test/input", data_format="nitros_pose_array"
[component_container_mt-1] [INFO] [1698973667.129850627] [isaac_ros_test.NitrosPoseArrayForwardNode]: [NitrosNode] Exporting the final graph based on the negotiation results
[component_container_mt-1] [INFO] [1698973667.147823531] [isaac_ros_test.NitrosPoseArrayForwardNode]: [NitrosNode] Wrote the final top level YAML graph to "/workspaces/isaac_ros-dev/install/isaac_ros_nitros_pose_array_type/share/isaac_ros_nitros_pose_array_type/ZQMVDMNTXU.yaml"
[component_container_mt-1] [INFO] [1698973667.148028716] [isaac_ros_test.NitrosPoseArrayForwardNode]: [NitrosNode] Calling user's pre-load-graph callback
[component_container_mt-1] [INFO] [1698973667.148098093] [isaac_ros_test.NitrosPoseArrayForwardNode]: [NitrosNode] Loading application
[component_container_mt-1] [INFO] [1698973667.148160301] [isaac_ros_test.NitrosPoseArrayForwardNode]: [NitrosContext] Loading application: '/workspaces/isaac_ros-dev/install/isaac_ros_nitros_pose_array_type/share/isaac_ros_nitros_pose_array_type/ZQMVDMNTXU.yaml'
[component_container_mt-1] [INFO] [1698973667.157882132] [isaac_ros_test.NitrosPoseArrayForwardNode]: [NitrosNode] Linking Nitros pub/sub to the loaded application
[component_container_mt-1] [INFO] [1698973667.158387638] [isaac_ros_test.NitrosPoseArrayForwardNode]: [NitrosNode] Calling user's post-load-graph callback
[component_container_mt-1] [INFO] [1698973667.158490198] [isaac_ros_test.NitrosPoseArrayForwardNode]: [NitrosContext] Initializing application...
[component_container_mt-1] [INFO] [1698973667.174586263] [isaac_ros_test.NitrosPoseArrayForwardNode]: [NitrosContext] Running application...
[component_container_mt-1] [INFO] [1698973667.175019257] [isaac_ros_test.NitrosPoseArrayForwardNode]: [NitrosNode] Starting a heartbeat timer (eid=17)
Warning: A NumPy version &gt;=1.19.5 and &lt;1.27.0 is required for this version of SciPy (detected version 1.17.4)
test_nitros_pose_array_type_conversions (isaac_ros_nitros_pose_array_type.IsaacROSNitrosPoseArrayTest)
Expect the pose array from NitrosPoseArray type to be compatible with source. ... [INFO] [1698973668.556739806] [isaac_ros_test.isaac_ros_base_test_node]: Starting test for case: /workspaces/isaac_ros-dev/isaac_ros_nitros/isaac_ros_nitros_type/isaac_ros_nitros_pose_array_type/test/test_cases/profile
The received pose array is verified successfully
[INFO] [component_container_mt-1]: sending signal 'SIGINT' to process[component_container_mt-1]
[component_container_mt-1] [INFO] [1698973669.191190511] [rclcpp]: signal_handler(signum=2)
[component_container_mt-1] [INFO] [1698973669.204637925] [isaac_ros_test.NitrosPoseArrayForwardNode]: [NitrosNode] Terminating the running application
[component_container_mt-1] [INFO] [1698973669.204723909] [isaac_ros_test.NitrosPoseArrayForwardNode]: [NitrosContext] Interrupting GXF...
[component_container_mt-1] [INFO] [1698973669.204817382] [isaac_ros_test.NitrosPoseArrayForwardNode]: [NitrosContext] Waiting on GXF...
[component_container_mt-1] [INFO] [1698973669.205095847] [isaac_ros_test.NitrosPoseArrayForwardNode]: [NitrosContext] Deinitializing...
[component_container_mt-1] [INFO] [1698973669.205977514] [isaac_ros_test.NitrosPoseArrayForwardNode]: [NitrosContext] Destroying context
[component_container_mt-1] [INFO] [1698973669.208679125] [isaac_ros_test.NitrosPoseArrayForwardNode]: [NitrosNode] Application termination done
[INFO] [component_container_mt-1]: process has finished cleanly [pid 13243]
ok

----------------------------------------------------------------------
Ran 1 test in 0.719s

OK

----------------------------------------------------------------------
Ran 0 tests in 0.000s

OK
-- run_test.py: return code 0
-- run_test.py: verify result file '/workspaces/isaac_ros-dev/build/isaac_ros_nitros_pose_array_type/test_results/isaac_ros_nitros_pose_array_type/test_isaac_ros_nitros_pose_array_type_test_pol.py.xunit.xml'
</Value>
				</Measurement>
			</Results>
			<Labels>
				<Label>launch_test</Label>
			</Labels>
		</Test>
		<Test Status="passed">
			<Name>cppcheck</Name>
			<Path>.</Path>
			<FullName>./cppcheck</FullName>
			<FullCommandLine>/usr/bin/python3.8 "-u" "/opt/ros/humble/share/ament_cmake_test/cmake/run_test.py" "/workspaces/isaac_ros-dev/build/isaac_ros_nitros_pose_array_type/test_results/isaac_ros_nitros_pose_array_type/cppcheck.xunit.xml" "--package-name" "isaac_ros_nitros_pose_array_type" "--output-file" "/workspaces/isaac_ros-dev/build/isaac_ros_nitros_pose_array_type/ament_cppcheck/cppcheck.txt" "--command" "/opt/ros/humble/bin/ament_cppcheck" "--xunit-file" "/workspaces/isaac_ros-dev/build/isaac_ros_nitros_pose_array_type/test_results/isaac_ros_nitros_pose_array_type/cppcheck.xunit.xml" "--include_dirs" "/workspaces/isaac_ros-dev/isaac_ros_nitros/isaac_ros_nitros_type/isaac_ros_nitros_pose_array_type/include"</FullCommandLine>
			<Results>
				<NamedMeasurement type="numeric/double" name="Execution Time">
					<Value>2.21789</Value>
				</NamedMeasurement>
				<NamedMeasurement type="numeric/double" name="Processors">
					<Value>1</Value>
				</NamedMeasurement>
				<NamedMeasurement type="text/string" name="Completion Status">
					<Value>Completed</Value>
				</NamedMeasurement>
				<NamedMeasurement type="text/string" name="Command Line">
					<Value>/usr/bin/python3.8 "-u" "/opt/ros/humble/share/ament_cmake_test/cmake/run_test.py" "/workspaces/isaac_ros-dev/build/isaac_ros_nitros_pose_array_type/test_results/isaac_ros_nitros_pose_array_type/cppcheck.xunit.xml" "--package-name" "isaac_ros_nitros_pose_array_type" "--output-file" "/workspaces/isaac_ros-dev/build/isaac_ros_nitros_pose_array_type/ament_cppcheck/cppcheck.txt" "--command" "/opt/ros/humble/bin/ament_cppcheck" "--xunit-file" "/workspaces/isaac_ros-dev/build/isaac_ros_nitros_pose_array_type/test_results/isaac_ros_nitros_pose_array_type/cppcheck.xunit.xml" "--include_dirs" "/workspaces/isaac_ros-dev/isaac_ros_nitros/isaac_ros_nitros_type/isaac_ros_nitros_pose_array_type/include"</Value>
				</NamedMeasurement>
				<NamedMeasurement type="text/string" name="Environment">
					<Value>#CTEST_RESOURCE_GROUP_COUNT=</Value>
				</NamedMeasurement>
				<Measurement>
					<Value>-- run_test.py: invoking following command in '/workspaces/isaac_ros-dev/isaac_ros_nitros/isaac_ros_nitros_type/isaac_ros_nitros_pose_array_type':
 - /opt/ros/humble/bin/ament_cppcheck --xunit-file /workspaces/isaac_ros-dev/build/isaac_ros_nitros_pose_array_type/test_results/isaac_ros_nitros_pose_array_type/cppcheck.xunit.xml --include_dirs /workspaces/isaac_ros-dev/isaac_ros_nitros/isaac_ros_nitros_type/isaac_ros_nitros_pose_array_type/include
No problems found
-- run_test.py: return code 0
-- run_test.py: verify result file '/workspaces/isaac_ros-dev/build/isaac_ros_nitros_pose_array_type/test_results/isaac_ros_nitros_pose_array_type/cppcheck.xunit.xml'
</Value>
				</Measurement>
			</Results>
			<Labels>
				<Label>cppcheck</Label>
				<Label>linter</Label>
			</Labels>
		</Test>
		<Test Status="passed">
			<Name>cpplint</Name>
			<Path>.</Path>
			<FullName>./cpplint</FullName>
			<FullCommandLine>/usr/bin/python3.8 "-u" "/opt/ros/humble/share/ament_cmake_test/cmake/run_test.py" "/workspaces/isaac_ros-dev/build/isaac_ros_nitros_pose_array_type/test_results/isaac_ros_nitros_pose_array_type/cpplint.xunit.xml" "--package-name" "isaac_ros_nitros_pose_array_type" "--output-file" "/workspaces/isaac_ros-dev/build/isaac_ros_nitros_pose_array_type/ament_cpplint/cpplint.txt" "--command" "/opt/ros/humble/bin/ament_cpplint" "--xunit-file" "/workspaces/isaac_ros-dev/build/isaac_ros_nitros_pose_array_type/test_results/isaac_ros_nitros_pose_array_type/cpplint.xunit.xml"</FullCommandLine>
			<Results>
				<NamedMeasurement type="numeric/double" name="Execution Time">
					<Value>2.54168</Value>
				</NamedMeasurement>
				<NamedMeasurement type="numeric/double" name="Processors">
					<Value>1</Value>
				</NamedMeasurement>
				<NamedMeasurement type="text/string" name="Completion Status">
					<Value>Completed</Value>
				</NamedMeasurement>
				<NamedMeasurement type="text/string" name="Command Line">
					<Value>/usr/bin/python3.8 "-u" "/opt/ros/humble/share/ament_cmake_test/cmake/run_test.py" "/workspaces/isaac_ros-dev/build/isaac_ros_nitros_pose_array_type/test_results/isaac_ros_nitros_pose_array_type/cpplint.xunit.xml" "--package-name" "isaac_ros_nitros_pose_array_type" "--output-file" "/workspaces/isaac_ros-dev/build/isaac_ros_nitros_pose_array_type/ament_cpplint/cpplint.txt" "--command" "/opt/ros/humble/bin/ament_cpplint" "--xunit-file" "/workspaces/isaac_ros-dev/build/isaac_ros_nitros_pose_array_type/test_results/isaac_ros_nitros_pose_array_type/cpplint.xunit.xml"</Value>
				</NamedMeasurement>
				<NamedMeasurement type="text/string" name="Environment">
					<Value>#CTEST_RESOURCE_GROUP_COUNT=</Value>
				</NamedMeasurement>
				<Measurement>
					<Value>-- run_test.py: invoking following command in '/workspaces/isaac_ros-dev/isaac_ros_nitros/isaac_ros_nitros_type/isaac_ros_nitros_pose_array_type':
 - /opt/ros/humble/bin/ament_cpplint --xunit-file /workspaces/isaac_ros-dev/build/isaac_ros_nitros_pose_array_type/test_results/isaac_ros_nitros_pose_array_type/cpplint.xunit.xml
Using '--root=/workspaces/isaac_ros-dev/isaac_ros_nitros/isaac_ros_nitros_type/isaac_ros_nitros_pose_array_type/include' argument

Done processing /workspaces/isaac_ros-dev/isaac_ros_nitros/isaac_ros_nitros_type/isaac_ros_nitros_pose_array_type/include/isaac_ros_nitros_pose_array_type/nitros_pose_array.hpp

Using '--root=/workspaces/isaac_ros-dev/isaac_ros_nitros/isaac_ros_nitros_type/isaac_ros_nitros_pose_array_type/src' argument

Done processing /workspaces/isaac_ros-dev/isaac_ros_nitros/isaac_ros_nitros_type/isaac_ros_nitros_pose_array_type/src/nitros_pose_array.cpp

Using '--root=/workspaces/isaac_ros-dev/isaac_ros_nitros/isaac_ros_nitros_type/isaac_ros_nitros_pose_array_type/test/src' argument

Done processing /workspaces/isaac_ros-dev/isaac_ros_nitros/isaac_ros_nitros_type/isaac_ros_nitros_pose_array_type/test/src/nitros_pose_array_forward_node.cpp

No problems found
-- run_test.py: return code 0
-- run_test.py: verify result file '/workspaces/isaac_ros-dev/build/isaac_ros_nitros_pose_array_type/test_results/isaac_ros_nitros_pose_array_type/cpplint.xunit.xml'
</Value>
				</Measurement>
			</Results>
			<Labels>
				<Label>cpplint</Label>
				<Label>linter</Label>
			</Labels>
		</Test>
		<Test Status="passed">
			<Name>flake8</Name>
			<Path>.</Path>
			<FullName>./flake8</FullName>
			<FullCommandLine>/usr/bin/python3.8 "-u" "/opt/ros/humble/share/ament_cmake_test/cmake/run_test.py" "/workspaces/isaac_ros-dev/build/isaac_ros_nitros_pose_array_type/test_results/isaac_ros_nitros_pose_array_type/flake8.xunit.xml" "--package-name" "isaac_ros_nitros_pose_array_type" "--output-file" "/workspaces/isaac_ros-dev/build/isaac_ros_nitros_pose_array_type/ament_flake8/flake8.txt" "--command" "/opt/ros/humble/bin/ament_flake8" "--xunit-file" "/workspaces/isaac_ros-dev/build/isaac_ros_nitros_pose_array_type/test_results/isaac_ros_nitros_pose_array_type/flake8.xunit.xml"</FullCommandLine>
			<Results>
				<NamedMeasurement type="numeric/double" name="Execution Time">
					<Value>3.1511</Value>
				</NamedMeasurement>
				<NamedMeasurement type="numeric/double" name="Processors">
					<Value>1</Value>
				</NamedMeasurement>
				<NamedMeasurement type="text/string" name="Completion Status">
					<Value>Completed</Value>
				</NamedMeasurement>
				<NamedMeasurement type="text/string" name="Command Line">
					<Value>/usr/bin/python3.8 "-u" "/opt/ros/humble/share/ament_cmake_test/cmake/run_test.py" "/workspaces/isaac_ros-dev/build/isaac_ros_nitros_pose_array_type/test_results/isaac_ros_nitros_pose_array_type/flake8.xunit.xml" "--package-name" "isaac_ros_nitros_pose_array_type" "--output-file" "/workspaces/isaac_ros-dev/build/isaac_ros_nitros_pose_array_type/ament_flake8/flake8.txt" "--command" "/opt/ros/humble/bin/ament_flake8" "--xunit-file" "/workspaces/isaac_ros-dev/build/isaac_ros_nitros_pose_array_type/test_results/isaac_ros_nitros_pose_array_type/flake8.xunit.xml"</Value>
				</NamedMeasurement>
				<NamedMeasurement type="text/string" name="Environment">
					<Value>#CTEST_RESOURCE_GROUP_COUNT=</Value>
				</NamedMeasurement>
				<Measurement>
					<Value>-- run_test.py: invoking following command in '/workspaces/isaac_ros-dev/isaac_ros_nitros/isaac_ros_nitros_type/isaac_ros_nitros_pose_array_type':
 - /opt/ros/humble/bin/ament_flake8 --xunit-file /workspaces/isaac_ros-dev/build/isaac_ros_nitros_pose_array_type/test_results/isaac_ros_nitros_pose_array_type/flake8.xunit.xml

1 files checked
No problems found

Checked files:

* ./test/isaac_ros_nitros_pose_array_type_test_pol.py
-- run_test.py: return code 0
-- run_test.py: verify result file '/workspaces/isaac_ros-dev/build/isaac_ros_nitros_pose_array_type/test_results/isaac_ros_nitros_pose_array_type/flake8.xunit.xml'
</Value>
				</Measurement>
			</Results>
			<Labels>
				<Label>flake8</Label>
				<Label>linter</Label>
			</Labels>
		</Test>
		<Test Status="passed">
			<Name>lint_cmake</Name>
			<Path>.</Path>
			<FullName>./lint_cmake</FullName>
			<FullCommandLine>/usr/bin/python3.8 "-u" "/opt/ros/humble/share/ament_cmake_test/cmake/run_test.py" "/workspaces/isaac_ros-dev/build/isaac_ros_nitros_pose_array_type/test_results/isaac_ros_nitros_pose_array_type/lint_cmake.xunit.xml" "--package-name" "isaac_ros_nitros_pose_array_type" "--output-file" "/workspaces/isaac_ros-dev/build/isaac_ros_nitros_pose_array_type/ament_lint_cmake/lint_cmake.txt" "--command" "/opt/ros/humble/bin/ament_lint_cmake" "--xunit-file" "/workspaces/isaac_ros-dev/build/isaac_ros_nitros_pose_array_type/test_results/isaac_ros_nitros_pose_array_type/lint_cmake.xunit.xml"</FullCommandLine>
			<Results>
				<NamedMeasurement type="numeric/double" name="Execution Time">
					<Value>2.16213</Value>
				</NamedMeasurement>
				<NamedMeasurement type="numeric/double" name="Processors">
					<Value>1</Value>
				</NamedMeasurement>
				<NamedMeasurement type="text/string" name="Completion Status">
					<Value>Completed</Value>
				</NamedMeasurement>
				<NamedMeasurement type="text/string" name="Command Line">
					<Value>/usr/bin/python3.8 "-u" "/opt/ros/humble/share/ament_cmake_test/cmake/run_test.py" "/workspaces/isaac_ros-dev/build/isaac_ros_nitros_pose_array_type/test_results/isaac_ros_nitros_pose_array_type/lint_cmake.xunit.xml" "--package-name" "isaac_ros_nitros_pose_array_type" "--output-file" "/workspaces/isaac_ros-dev/build/isaac_ros_nitros_pose_array_type/ament_lint_cmake/lint_cmake.txt" "--command" "/opt/ros/humble/bin/ament_lint_cmake" "--xunit-file" "/workspaces/isaac_ros-dev/build/isaac_ros_nitros_pose_array_type/test_results/isaac_ros_nitros_pose_array_type/lint_cmake.xunit.xml"</Value>
				</NamedMeasurement>
				<NamedMeasurement type="text/string" name="Environment">
					<Value>#CTEST_RESOURCE_GROUP_COUNT=</Value>
				</NamedMeasurement>
				<Measurement>
					<Value>-- run_test.py: invoking following command in '/workspaces/isaac_ros-dev/isaac_ros_nitros/isaac_ros_nitros_type/isaac_ros_nitros_pose_array_type':
 - /opt/ros/humble/bin/ament_lint_cmake --xunit-file /workspaces/isaac_ros-dev/build/isaac_ros_nitros_pose_array_type/test_results/isaac_ros_nitros_pose_array_type/lint_cmake.xunit.xml

No problems found
-- run_test.py: return code 0
-- run_test.py: verify result file '/workspaces/isaac_ros-dev/build/isaac_ros_nitros_pose_array_type/test_results/isaac_ros_nitros_pose_array_type/lint_cmake.xunit.xml'
</Value>
				</Measurement>
			</Results>
			<Labels>
				<Label>lint_cmake</Label>
				<Label>linter</Label>
			</Labels>
		</Test>
		<Test Status="passed">
			<Name>pep257</Name>
			<Path>.</Path>
			<FullName>./pep257</FullName>
			<FullCommandLine>/usr/bin/python3.8 "-u" "/opt/ros/humble/share/ament_cmake_test/cmake/run_test.py" "/workspaces/isaac_ros-dev/build/isaac_ros_nitros_pose_array_type/test_results/isaac_ros_nitros_pose_array_type/pep257.xunit.xml" "--package-name" "isaac_ros_nitros_pose_array_type" "--output-file" "/workspaces/isaac_ros-dev/build/isaac_ros_nitros_pose_array_type/ament_pep257/pep257.txt" "--command" "/opt/ros/humble/bin/ament_pep257" "--xunit-file" "/workspaces/isaac_ros-dev/build/isaac_ros_nitros_pose_array_type/test_results/isaac_ros_nitros_pose_array_type/pep257.xunit.xml"</FullCommandLine>
			<Results>
				<NamedMeasurement type="numeric/double" name="Execution Time">
					<Value>2.61326</Value>
				</NamedMeasurement>
				<NamedMeasurement type="numeric/double" name="Processors">
					<Value>1</Value>
				</NamedMeasurement>
				<NamedMeasurement type="text/string" name="Completion Status">
					<Value>Completed</Value>
				</NamedMeasurement>
				<NamedMeasurement type="text/string" name="Command Line">
					<Value>/usr/bin/python3.8 "-u" "/opt/ros/humble/share/ament_cmake_test/cmake/run_test.py" "/workspaces/isaac_ros-dev/build/isaac_ros_nitros_pose_array_type/test_results/isaac_ros_nitros_pose_array_type/pep257.xunit.xml" "--package-name" "isaac_ros_nitros_pose_array_type" "--output-file" "/workspaces/isaac_ros-dev/build/isaac_ros_nitros_pose_array_type/ament_pep257/pep257.txt" "--command" "/opt/ros/humble/bin/ament_pep257" "--xunit-file" "/workspaces/isaac_ros-dev/build/isaac_ros_nitros_pose_array_type/test_results/isaac_ros_nitros_pose_array_type/pep257.xunit.xml"</Value>
				</NamedMeasurement>
				<NamedMeasurement type="text/string" name="Environment">
					<Value>#CTEST_RESOURCE_GROUP_COUNT=</Value>
				</NamedMeasurement>
				<Measurement>
					<Value>-- run_test.py: invoking following command in '/workspaces/isaac_ros-dev/isaac_ros_nitros/isaac_ros_nitros_type/isaac_ros_nitros_pose_array_type':
 - /opt/ros/humble/bin/ament_pep257 --xunit-file /workspaces/isaac_ros-dev/build/isaac_ros_nitros_pose_array_type/test_results/isaac_ros_nitros_pose_array_type/pep257.xunit.xml
checking ./test/isaac_ros_nitros_pose_array_type_test_pol.py
No problems found
-- run_test.py: return code 0
-- run_test.py: verify result file '/workspaces/isaac_ros-dev/build/isaac_ros_nitros_pose_array_type/test_results/isaac_ros_nitros_pose_array_type/pep257.xunit.xml'
</Value>
				</Measurement>
			</Results>
			<Labels>
				<Label>linter</Label>
				<Label>pep257</Label>
			</Labels>
		</Test>
		<Test Status="passed">
			<Name>uncrustify</Name>
			<Path>.</Path>
			<FullName>./uncrustify</FullName>
			<FullCommandLine>/usr/bin/python3.8 "-u" "/opt/ros/humble/share/ament_cmake_test/cmake/run_test.py" "/workspaces/isaac_ros-dev/build/isaac_ros_nitros_pose_array_type/test_results/isaac_ros_nitros_pose_array_type/uncrustify.xunit.xml" "--package-name" "isaac_ros_nitros_pose_array_type" "--output-file" "/workspaces/isaac_ros-dev/build/isaac_ros_nitros_pose_array_type/ament_uncrustify/uncrustify.txt" "--command" "/opt/ros/humble/bin/ament_uncrustify" "--xunit-file" "/workspaces/isaac_ros-dev/build/isaac_ros_nitros_pose_array_type/test_results/isaac_ros_nitros_pose_array_type/uncrustify.xunit.xml"</FullCommandLine>
			<Results>
				<NamedMeasurement type="numeric/double" name="Execution Time">
					<Value>2.2195</Value>
				</NamedMeasurement>
				<NamedMeasurement type="numeric/double" name="Processors">
					<Value>1</Value>
				</NamedMeasurement>
				<NamedMeasurement type="text/string" name="Completion Status">
					<Value>Completed</Value>
				</NamedMeasurement>
				<NamedMeasurement type="text/string" name="Command Line">
					<Value>/usr/bin/python3.8 "-u" "/opt/ros/humble/share/ament_cmake_test/cmake/run_test.py" "/workspaces/isaac_ros-dev/build/isaac_ros_nitros_pose_array_type/test_results/isaac_ros_nitros_pose_array_type/uncrustify.xunit.xml" "--package-name" "isaac_ros_nitros_pose_array_type" "--output-file" "/workspaces/isaac_ros-dev/build/isaac_ros_nitros_pose_array_type/ament_uncrustify/uncrustify.txt" "--command" "/opt/ros/humble/bin/ament_uncrustify" "--xunit-file" "/workspaces/isaac_ros-dev/build/isaac_ros_nitros_pose_array_type/test_results/isaac_ros_nitros_pose_array_type/uncrustify.xunit.xml"</Value>
				</NamedMeasurement>
				<NamedMeasurement type="text/string" name="Environment">
					<Value>#CTEST_RESOURCE_GROUP_COUNT=</Value>
				</NamedMeasurement>
				<Measurement>
					<Value>-- run_test.py: invoking following command in '/workspaces/isaac_ros-dev/isaac_ros_nitros/isaac_ros_nitros_type/isaac_ros_nitros_pose_array_type':
 - /opt/ros/humble/bin/ament_uncrustify --xunit-file /workspaces/isaac_ros-dev/build/isaac_ros_nitros_pose_array_type/test_results/isaac_ros_nitros_pose_array_type/uncrustify.xunit.xml
No code style divergence in file 'include/isaac_ros_nitros_pose_array_type/nitros_pose_array.hpp'

No code style divergence in file 'src/nitros_pose_array.cpp'

No code style divergence in file 'test/src/nitros_pose_array_forward_node.cpp'

No problems found
-- run_test.py: return code 0
-- run_test.py: verify result file '/workspaces/isaac_ros-dev/build/isaac_ros_nitros_pose_array_type/test_results/isaac_ros_nitros_pose_array_type/uncrustify.xunit.xml'
</Value>
				</Measurement>
			</Results>
			<Labels>
				<Label>linter</Label>
				<Label>uncrustify</Label>
			</Labels>
		</Test>
		<Test Status="passed">
			<Name>xmllint</Name>
			<Path>.</Path>
			<FullName>./xmllint</FullName>
			<FullCommandLine>/usr/bin/python3.8 "-u" "/opt/ros/humble/share/ament_cmake_test/cmake/run_test.py" "/workspaces/isaac_ros-dev/build/isaac_ros_nitros_pose_array_type/test_results/isaac_ros_nitros_pose_array_type/xmllint.xunit.xml" "--package-name" "isaac_ros_nitros_pose_array_type" "--output-file" "/workspaces/isaac_ros-dev/build/isaac_ros_nitros_pose_array_type/ament_xmllint/xmllint.txt" "--command" "/opt/ros/humble/bin/ament_xmllint" "--xunit-file" "/workspaces/isaac_ros-dev/build/isaac_ros_nitros_pose_array_type/test_results/isaac_ros_nitros_pose_array_type/xmllint.xunit.xml"</FullCommandLine>
			<Results>
				<NamedMeasurement type="numeric/double" name="Execution Time">
					<Value>2.29586</Value>
				</NamedMeasurement>
				<NamedMeasurement type="numeric/double" name="Processors">
					<Value>1</Value>
				</NamedMeasurement>
				<NamedMeasurement type="text/string" name="Completion Status">
					<Value>Completed</Value>
				</NamedMeasurement>
				<NamedMeasurement type="text/string" name="Command Line">
					<Value>/usr/bin/python3.8 "-u" "/opt/ros/humble/share/ament_cmake_test/cmake/run_test.py" "/workspaces/isaac_ros-dev/build/isaac_ros_nitros_pose_array_type/test_results/isaac_ros_nitros_pose_array_type/xmllint.xunit.xml" "--package-name" "isaac_ros_nitros_pose_array_type" "--output-file" "/workspaces/isaac_ros-dev/build/isaac_ros_nitros_pose_array_type/ament_xmllint/xmllint.txt" "--command" "/opt/ros/humble/bin/ament_xmllint" "--xunit-file" "/workspaces/isaac_ros-dev/build/isaac_ros_nitros_pose_array_type/test_results/isaac_ros_nitros_pose_array_type/xmllint.xunit.xml"</Value>
				</NamedMeasurement>
				<NamedMeasurement type="text/string" name="Environment">
					<Value>#CTEST_RESOURCE_GROUP_COUNT=</Value>
				</NamedMeasurement>
				<Measurement>
					<Value>-- run_test.py: invoking following command in '/workspaces/isaac_ros-dev/isaac_ros_nitros/isaac_ros_nitros_type/isaac_ros_nitros_pose_array_type':
 - /opt/ros/humble/bin/ament_xmllint --xunit-file /workspaces/isaac_ros-dev/build/isaac_ros_nitros_pose_array_type/test_results/isaac_ros_nitros_pose_array_type/xmllint.xunit.xml
File 'package.xml' is valid

No problems found
-- run_test.py: return code 0
-- run_test.py: verify result file '/workspaces/isaac_ros-dev/build/isaac_ros_nitros_pose_array_type/test_results/isaac_ros_nitros_pose_array_type/xmllint.xunit.xml'
</Value>
				</Measurement>
			</Results>
			<Labels>
				<Label>linter</Label>
				<Label>xmllint</Label>
			</Labels>
		</Test>
		<EndDateTime>Nov 02 20:08 CDT</EndDateTime>
		<EndTestTime>1698973687</EndTestTime>
		<ElapsedMinutes>0</ElapsedMinutes>
	</Testing>
</Site>
