<?xml version='1.0' encoding='utf-8'?>
<testsuites name="isaac_ros_nitros_pose_array_type.isaac_ros_nitros_pose_array_type_test_pol" tests="1" failures="0" errors="0" time="0.713"><testsuite name="isaac_ros_nitros_pose_array_type.isaac_ros_nitros_pose_array_type_test_pol.launch_tests" tests="1" failures="0" errors="0" skipped="0" time="0.713"><testcase classname="isaac_ros_nitros_pose_array_type.IsaacROSNitrosPoseArrayTest" name="test_nitros_pose_array_type_conversions" time="0.713" /></testsuite></testsuites>