<?xml version="1.0" encoding="UTF-8"?>
<Site BuildName="(empty)"
	BuildStamp="20231103-0113-Experimental"
	Name="roboticsatiowa-desktop"
	Generator="ctest-3.22.1"
	CompilerName="/usr/bin/c++"
	CompilerVersion="9.4.0"
	OSName="Linux"
	Hostname="roboticsatiowa-desktop"
	OSRelease="5.10.120-tegra"
	OSVersion="#1 SMP PREEMPT Tue Aug 1 12:32:50 PDT 2023"
	OSPlatform="aarch64"
	Is64Bits="1"
	VendorString=""
	VendorID="Unknown Manufacturer"
	FamilyID="8"
	ModelID="0"
	ProcessorCacheSize="0"
	NumberOfLogicalCPU="6"
	NumberOfPhysicalCPU="1"
	TotalVirtualMemory="3422"
	TotalPhysicalMemory="6845"
	LogicalProcessorsPerPhysical="6"
	ProcessorClockFrequency="0"
	>
	<Testing>
		<StartDateTime>Nov 02 20:13 CDT</StartDateTime>
		<StartTestTime>1698974001</StartTestTime>
		<TestList>
			<Test>./test_custom_nitros_string_pol.py</Test>
			<Test>./test_custom_nitros_string_decoder_pol.py</Test>
			<Test>./test_custom_nitros_string_encoder_pol.py</Test>
			<Test>./copyright</Test>
			<Test>./cppcheck</Test>
			<Test>./cpplint</Test>
			<Test>./flake8</Test>
			<Test>./lint_cmake</Test>
			<Test>./pep257</Test>
			<Test>./uncrustify</Test>
			<Test>./xmllint</Test>
		</TestList>
		<Test Status="passed">
			<Name>test_custom_nitros_string_pol.py</Name>
			<Path>.</Path>
			<FullName>./test_custom_nitros_string_pol.py</FullName>
			<FullCommandLine>/usr/bin/python3.8 "-u" "/opt/ros/humble/share/ament_cmake_test/cmake/run_test.py" "/workspaces/isaac_ros-dev/build/custom_nitros_string/test_results/custom_nitros_string/test_custom_nitros_string_pol.py.xunit.xml" "--package-name" "custom_nitros_string" "--output-file" "/workspaces/isaac_ros-dev/build/custom_nitros_string/launch_test/test_custom_nitros_string_pol.py.txt" "--command" "/usr/bin/python3" "-m" "launch_testing.launch_test" "/workspaces/isaac_ros-dev/isaac_ros_nitros/isaac_ros_managed_nitros_examples/custom_nitros_string/test/custom_nitros_string_pol.py" "--junit-xml=/workspaces/isaac_ros-dev/build/custom_nitros_string/test_results/custom_nitros_string/test_custom_nitros_string_pol.py.xunit.xml" "--package-name=custom_nitros_string"</FullCommandLine>
			<Results>
				<NamedMeasurement type="numeric/double" name="Execution Time">
					<Value>10.9489</Value>
				</NamedMeasurement>
				<NamedMeasurement type="numeric/double" name="Processors">
					<Value>1</Value>
				</NamedMeasurement>
				<NamedMeasurement type="text/string" name="Completion Status">
					<Value>Completed</Value>
				</NamedMeasurement>
				<NamedMeasurement type="text/string" name="Command Line">
					<Value>/usr/bin/python3.8 "-u" "/opt/ros/humble/share/ament_cmake_test/cmake/run_test.py" "/workspaces/isaac_ros-dev/build/custom_nitros_string/test_results/custom_nitros_string/test_custom_nitros_string_pol.py.xunit.xml" "--package-name" "custom_nitros_string" "--output-file" "/workspaces/isaac_ros-dev/build/custom_nitros_string/launch_test/test_custom_nitros_string_pol.py.txt" "--command" "/usr/bin/python3" "-m" "launch_testing.launch_test" "/workspaces/isaac_ros-dev/isaac_ros_nitros/isaac_ros_managed_nitros_examples/custom_nitros_string/test/custom_nitros_string_pol.py" "--junit-xml=/workspaces/isaac_ros-dev/build/custom_nitros_string/test_results/custom_nitros_string/test_custom_nitros_string_pol.py.xunit.xml" "--package-name=custom_nitros_string"</Value>
				</NamedMeasurement>
				<NamedMeasurement type="text/string" name="Environment">
					<Value>#CTEST_RESOURCE_GROUP_COUNT=</Value>
				</NamedMeasurement>
				<Measurement>
					<Value>-- run_test.py: invoking following command in '/workspaces/isaac_ros-dev/build/custom_nitros_string':
 - /usr/bin/python3 -m launch_testing.launch_test /workspaces/isaac_ros-dev/isaac_ros_nitros/isaac_ros_managed_nitros_examples/custom_nitros_string/test/custom_nitros_string_pol.py --junit-xml=/workspaces/isaac_ros-dev/build/custom_nitros_string/test_results/custom_nitros_string/test_custom_nitros_string_pol.py.xunit.xml --package-name=custom_nitros_string
[INFO] [launch]: All log files can be found below /home/admin/.ros/log/2023-11-02-20-13-26-216851-roboticsatiowa-desktop-14357
[INFO] [launch]: Default logging verbosity is set to INFO
[INFO] [component_container_mt-1]: process started with pid [14384]
[component_container_mt-1] [INFO] [1698974006.965380270] [isaac_ros_test.custom_nitros_string_pol_test_container]: Load Library: /workspaces/isaac_ros-dev/install/custom_nitros_string/lib/libstring_decoder_node.so
[component_container_mt-1] [INFO] [1698974007.026860804] [isaac_ros_test.custom_nitros_string_pol_test_container]: Found class: rclcpp_components::NodeFactoryTemplate&lt;custom_nitros_string::StringDecoderNode&gt;
[component_container_mt-1] [INFO] [1698974007.027103493] [isaac_ros_test.custom_nitros_string_pol_test_container]: Instantiate class: rclcpp_components::NodeFactoryTemplate&lt;custom_nitros_string::StringDecoderNode&gt;
[component_container_mt-1] [INFO] [1698974007.054292722] [NitrosContext]: [NitrosContext] Creating a new shared context
[component_container_mt-1] [INFO] [1698974007.057906785] [NitrosContext]: [NitrosContext] Loading extension: gxf/lib/std/libgxf_std.so
[component_container_mt-1] [INFO] [1698974007.087521464] [NitrosContext]: [NitrosContext] Loading extension: gxf/lib/libgxf_gxf_helpers.so
[component_container_mt-1] [INFO] [1698974007.101138734] [NitrosContext]: [NitrosContext] Loading extension: gxf/lib/libgxf_sight.so
[component_container_mt-1] [INFO] [1698974007.115164518] [NitrosContext]: [NitrosContext] Loading extension: gxf/lib/libgxf_atlas.so
[component_container_mt-1] [INFO] [1698974007.129739585] [NitrosContext]: [NitrosContext] Loading application: '/workspaces/isaac_ros-dev/install/isaac_ros_nitros/share/isaac_ros_nitros/config/type_adapter_nitros_context_graph.yaml'
[component_container_mt-1] [INFO] [1698974007.134382068] [NitrosContext]: [NitrosContext] Initializing application...
[component_container_mt-1] [INFO] [1698974007.158936822] [NitrosContext]: [NitrosContext] Running application...
[component_container_mt-1] [NON-XML-CHAR-0x1B][33m2023-11-02 20:13:27.159 WARN  gxf/std/program.cpp@514: No system specified. Nothing to do[NON-XML-CHAR-0x1B][0m
[component_container_mt-1] [INFO] [1698974007.173554577] [isaac_ros_test.decoder.ManagedNitrosSubscriber]: Starting Managed Nitros Subscriber
[INFO] [launch_ros.actions.load_composable_nodes]: Loaded node '/isaac_ros_test/decoder' in container '/isaac_ros_test/custom_nitros_string_pol_test_container'
[component_container_mt-1] [INFO] [1698974007.183359032] [isaac_ros_test.custom_nitros_string_pol_test_container]: Load Library: /workspaces/isaac_ros-dev/install/custom_nitros_string/lib/libstring_encoder_node.so
[component_container_mt-1] [INFO] [1698974007.197141743] [isaac_ros_test.custom_nitros_string_pol_test_container]: Found class: rclcpp_components::NodeFactoryTemplate&lt;custom_nitros_string::StringEncoderNode&gt;
[component_container_mt-1] [INFO] [1698974007.197324272] [isaac_ros_test.custom_nitros_string_pol_test_container]: Instantiate class: rclcpp_components::NodeFactoryTemplate&lt;custom_nitros_string::StringEncoderNode&gt;
[component_container_mt-1] [INFO] [1698974007.244764910] [isaac_ros_test.encoder.ManagedNitrosPublisher]: Starting Managed Nitros Publisher
[INFO] [launch_ros.actions.load_composable_nodes]: Loaded node '/isaac_ros_test/encoder' in container '/isaac_ros_test/custom_nitros_string_pol_test_container'
[component_container_mt-1] [INFO] [1698974007.248990623] [isaac_ros_test.encoder]: Negotiating
Warning: A NumPy version &gt;=1.19.5 and &lt;1.27.0 is required for this version of SciPy (detected version 1.17.4)
test_message_passthrough (custom_nitros_string.CustomNitrosStringPOLTest)
Test string encoding and decoding. ... [component_container_mt-1] [INFO] [1698974010.493268595] [isaac_ros_test.encoder]: Input String message: 'Hello, world!'
[component_container_mt-1] [INFO] [1698974010.643768495] [isaac_ros_test.encoder]: Sending CUDA buffer with memory at: 0x202f0a000
[component_container_mt-1] [INFO] [1698974010.646680890] [isaac_ros_test.decoder]: Receiving CUDA buffer with memory at: 0x202f0a000
[component_container_mt-1] [INFO] [1698974010.646921051] [isaac_ros_test.decoder]: FrameId: pol_tensor
[component_container_mt-1] [INFO] [1698974010.646709147] [isaac_ros_test.encoder]: Input String message: 'Hello, world!'
[component_container_mt-1] [INFO] [1698974010.647027644] [isaac_ros_test.decoder]: Timestamp seconds: 123456
[component_container_mt-1] [INFO] [1698974010.647344765] [isaac_ros_test.decoder]: Timestamp nanoseconds: 789101112
[component_container_mt-1] [INFO] [1698974010.647977280] [isaac_ros_test.decoder]: String from CUDA buffer: 'Hello, world!'
[component_container_mt-1] [INFO] [1698974010.648109888] [isaac_ros_test.decoder]: Output String message: 'Hello, world!'
[component_container_mt-1] [INFO] [1698974010.650143048] [isaac_ros_test.encoder]: Sending CUDA buffer with memory at: 0x202f0a200
[component_container_mt-1] [INFO] [1698974010.652490450] [isaac_ros_test.decoder]: Receiving CUDA buffer with memory at: 0x202f0a200
[component_container_mt-1] [INFO] [1698974010.652624466] [isaac_ros_test.decoder]: FrameId: pol_tensor
[component_container_mt-1] [INFO] [1698974010.652767219] [isaac_ros_test.decoder]: Timestamp seconds: 123456
[component_container_mt-1] [INFO] [1698974010.652874291] [isaac_ros_test.decoder]: Timestamp nanoseconds: 789101112
[component_container_mt-1] [INFO] [1698974010.653545814] [isaac_ros_test.decoder]: String from CUDA buffer: 'Hello, world!'
[component_container_mt-1] [INFO] [1698974010.653642902] [isaac_ros_test.decoder]: Output String message: 'Hello, world!'
[component_container_mt-1] [INFO] [1698974010.656861059] [isaac_ros_test.encoder]: Input String message: 'Hello, world!'
[component_container_mt-1] [INFO] [1698974010.659403149] [isaac_ros_test.encoder]: Sending CUDA buffer with memory at: 0x202f0a000
[component_container_mt-1] [INFO] [1698974010.660039088] [isaac_ros_test.decoder]: Receiving CUDA buffer with memory at: 0x202f0a000
[component_container_mt-1] [INFO] [1698974010.660296881] [isaac_ros_test.decoder]: FrameId: pol_tensor
[component_container_mt-1] [INFO] [1698974010.660517874] [isaac_ros_test.decoder]: Timestamp seconds: 123456
[component_container_mt-1] [INFO] [1698974010.660593970] [isaac_ros_test.decoder]: Timestamp nanoseconds: 789101112
[component_container_mt-1] [INFO] [1698974010.661234517] [isaac_ros_test.decoder]: String from CUDA buffer: 'Hello, world!'
[component_container_mt-1] [INFO] [1698974010.661322421] [isaac_ros_test.decoder]: Output String message: 'Hello, world!'
[INFO] [component_container_mt-1]: sending signal 'SIGINT' to process[component_container_mt-1]
[component_container_mt-1] [INFO] [1698974011.306218384] [rclcpp]: signal_handler(signum=2)
[INFO] [component_container_mt-1]: process has finished cleanly [pid 14384]
ok

----------------------------------------------------------------------
Ran 1 test in 1.991s

OK

----------------------------------------------------------------------
Ran 0 tests in 0.000s

OK
-- run_test.py: return code 0
-- run_test.py: verify result file '/workspaces/isaac_ros-dev/build/custom_nitros_string/test_results/custom_nitros_string/test_custom_nitros_string_pol.py.xunit.xml'
</Value>
				</Measurement>
			</Results>
			<Labels>
				<Label>launch_test</Label>
			</Labels>
		</Test>
		<Test Status="passed">
			<Name>test_custom_nitros_string_decoder_pol.py</Name>
			<Path>.</Path>
			<FullName>./test_custom_nitros_string_decoder_pol.py</FullName>
			<FullCommandLine>/usr/bin/python3.8 "-u" "/opt/ros/humble/share/ament_cmake_test/cmake/run_test.py" "/workspaces/isaac_ros-dev/build/custom_nitros_string/test_results/custom_nitros_string/test_custom_nitros_string_decoder_pol.py.xunit.xml" "--package-name" "custom_nitros_string" "--output-file" "/workspaces/isaac_ros-dev/build/custom_nitros_string/launch_test/test_custom_nitros_string_decoder_pol.py.txt" "--command" "/usr/bin/python3" "-m" "launch_testing.launch_test" "/workspaces/isaac_ros-dev/isaac_ros_nitros/isaac_ros_managed_nitros_examples/custom_nitros_string/test/custom_nitros_string_decoder_pol.py" "--junit-xml=/workspaces/isaac_ros-dev/build/custom_nitros_string/test_results/custom_nitros_string/test_custom_nitros_string_decoder_pol.py.xunit.xml" "--package-name=custom_nitros_string"</FullCommandLine>
			<Results>
				<NamedMeasurement type="numeric/double" name="Execution Time">
					<Value>13.0778</Value>
				</NamedMeasurement>
				<NamedMeasurement type="numeric/double" name="Processors">
					<Value>1</Value>
				</NamedMeasurement>
				<NamedMeasurement type="text/string" name="Completion Status">
					<Value>Completed</Value>
				</NamedMeasurement>
				<NamedMeasurement type="text/string" name="Command Line">
					<Value>/usr/bin/python3.8 "-u" "/opt/ros/humble/share/ament_cmake_test/cmake/run_test.py" "/workspaces/isaac_ros-dev/build/custom_nitros_string/test_results/custom_nitros_string/test_custom_nitros_string_decoder_pol.py.xunit.xml" "--package-name" "custom_nitros_string" "--output-file" "/workspaces/isaac_ros-dev/build/custom_nitros_string/launch_test/test_custom_nitros_string_decoder_pol.py.txt" "--command" "/usr/bin/python3" "-m" "launch_testing.launch_test" "/workspaces/isaac_ros-dev/isaac_ros_nitros/isaac_ros_managed_nitros_examples/custom_nitros_string/test/custom_nitros_string_decoder_pol.py" "--junit-xml=/workspaces/isaac_ros-dev/build/custom_nitros_string/test_results/custom_nitros_string/test_custom_nitros_string_decoder_pol.py.xunit.xml" "--package-name=custom_nitros_string"</Value>
				</NamedMeasurement>
				<NamedMeasurement type="text/string" name="Environment">
					<Value>#CTEST_RESOURCE_GROUP_COUNT=</Value>
				</NamedMeasurement>
				<Measurement>
					<Value>-- run_test.py: invoking following command in '/workspaces/isaac_ros-dev/build/custom_nitros_string':
 - /usr/bin/python3 -m launch_testing.launch_test /workspaces/isaac_ros-dev/isaac_ros_nitros/isaac_ros_managed_nitros_examples/custom_nitros_string/test/custom_nitros_string_decoder_pol.py --junit-xml=/workspaces/isaac_ros-dev/build/custom_nitros_string/test_results/custom_nitros_string/test_custom_nitros_string_decoder_pol.py.xunit.xml --package-name=custom_nitros_string
[INFO] [launch]: All log files can be found below /home/admin/.ros/log/2023-11-02-20-13-40-291272-roboticsatiowa-desktop-14408
[INFO] [launch]: Default logging verbosity is set to INFO
[INFO] [component_container_mt-1]: process started with pid [14435]
[component_container_mt-1] [INFO] [1698974021.177567191] [isaac_ros_test.custom_nitros_string_pol_test_container]: Load Library: /workspaces/isaac_ros-dev/install/custom_nitros_string/lib/libstring_decoder_node.so
[component_container_mt-1] [INFO] [1698974021.232739252] [isaac_ros_test.custom_nitros_string_pol_test_container]: Found class: rclcpp_components::NodeFactoryTemplate&lt;custom_nitros_string::StringDecoderNode&gt;
[component_container_mt-1] [INFO] [1698974021.232963157] [isaac_ros_test.custom_nitros_string_pol_test_container]: Instantiate class: rclcpp_components::NodeFactoryTemplate&lt;custom_nitros_string::StringDecoderNode&gt;
[component_container_mt-1] [INFO] [1698974021.264014290] [NitrosContext]: [NitrosContext] Creating a new shared context
[component_container_mt-1] [INFO] [1698974021.268910181] [NitrosContext]: [NitrosContext] Loading extension: gxf/lib/std/libgxf_std.so
[component_container_mt-1] [INFO] [1698974021.298010298] [NitrosContext]: [NitrosContext] Loading extension: gxf/lib/libgxf_gxf_helpers.so
[component_container_mt-1] [INFO] [1698974021.311789521] [NitrosContext]: [NitrosContext] Loading extension: gxf/lib/libgxf_sight.so
[component_container_mt-1] [INFO] [1698974021.326690093] [NitrosContext]: [NitrosContext] Loading extension: gxf/lib/libgxf_atlas.so
[component_container_mt-1] [INFO] [1698974021.342300556] [NitrosContext]: [NitrosContext] Loading application: '/workspaces/isaac_ros-dev/install/isaac_ros_nitros/share/isaac_ros_nitros/config/type_adapter_nitros_context_graph.yaml'
[component_container_mt-1] [INFO] [1698974021.346964798] [NitrosContext]: [NitrosContext] Initializing application...
[component_container_mt-1] [INFO] [1698974021.372254148] [NitrosContext]: [NitrosContext] Running application...
[component_container_mt-1] [NON-XML-CHAR-0x1B][33m2023-11-02 20:13:41.372 WARN  gxf/std/program.cpp@514: No system specified. Nothing to do[NON-XML-CHAR-0x1B][0m
[component_container_mt-1] [INFO] [1698974021.390592589] [isaac_ros_test.decoder.ManagedNitrosSubscriber]: Starting Managed Nitros Subscriber
[INFO] [launch_ros.actions.load_composable_nodes]: Loaded node '/isaac_ros_test/decoder' in container '/isaac_ros_test/custom_nitros_string_pol_test_container'
Warning: A NumPy version &gt;=1.19.5 and &lt;1.27.0 is required for this version of SciPy (detected version 1.17.4)
test_string_decoding (custom_nitros_string.CustomNitrosStringDecoderPOLTest)
Test string decoding. ... [component_container_mt-1] [INFO] [1698974023.377338830] [isaac_ros_test.decoder]: Receiving CUDA buffer with memory at: 0x202f0a000
[component_container_mt-1] [INFO] [1698974023.377618959] [isaac_ros_test.decoder]: FrameId: 
[component_container_mt-1] [INFO] [1698974023.377724335] [isaac_ros_test.decoder]: Timestamp seconds: 0
[component_container_mt-1] [INFO] [1698974023.377821776] [isaac_ros_test.decoder]: Timestamp nanoseconds: 0
[component_container_mt-1] [INFO] [1698974023.378015952] [isaac_ros_test.decoder]: String from CUDA buffer: 'Hello, world!'
[component_container_mt-1] [INFO] [1698974023.378083313] [isaac_ros_test.decoder]: Output String message: 'Hello, world!'
[component_container_mt-1] [INFO] [1698974023.383588647] [isaac_ros_test.decoder]: Receiving CUDA buffer with memory at: 0x202f0a000
[component_container_mt-1] [INFO] [1698974023.383813000] [isaac_ros_test.decoder]: FrameId: 
[component_container_mt-1] [INFO] [1698974023.383885000] [isaac_ros_test.decoder]: Timestamp seconds: 0
[component_container_mt-1] [INFO] [1698974023.383946856] [isaac_ros_test.decoder]: Timestamp nanoseconds: 0
[component_container_mt-1] [INFO] [1698974023.384184169] [isaac_ros_test.decoder]: String from CUDA buffer: 'Hello, world!'
[component_container_mt-1] [INFO] [1698974023.384257321] [isaac_ros_test.decoder]: Output String message: 'Hello, world!'
[component_container_mt-1] [INFO] [1698974023.390139201] [isaac_ros_test.decoder]: Receiving CUDA buffer with memory at: 0x202f0a000
[component_container_mt-1] [INFO] [1698974023.390322914] [isaac_ros_test.decoder]: FrameId: 
[component_container_mt-1] [INFO] [1698974023.390389378] [isaac_ros_test.decoder]: Timestamp seconds: 0
[component_container_mt-1] [INFO] [1698974023.390488674] [isaac_ros_test.decoder]: Timestamp nanoseconds: 0
[component_container_mt-1] [INFO] [1698974023.390732259] [isaac_ros_test.decoder]: String from CUDA buffer: 'Hello, world!'
[component_container_mt-1] [INFO] [1698974023.390800836] [isaac_ros_test.decoder]: Output String message: 'Hello, world!'
[INFO] [component_container_mt-1]: sending signal 'SIGINT' to process[component_container_mt-1]
[component_container_mt-1] [INFO] [1698974024.445100552] [rclcpp]: signal_handler(signum=2)
[INFO] [component_container_mt-1]: process has finished cleanly [pid 14435]
ok

----------------------------------------------------------------------
Ran 1 test in 0.493s

OK

----------------------------------------------------------------------
Ran 0 tests in 0.000s

OK
-- run_test.py: return code 0
-- run_test.py: verify result file '/workspaces/isaac_ros-dev/build/custom_nitros_string/test_results/custom_nitros_string/test_custom_nitros_string_decoder_pol.py.xunit.xml'
</Value>
				</Measurement>
			</Results>
			<Labels>
				<Label>launch_test</Label>
			</Labels>
		</Test>
		<Test Status="passed">
			<Name>test_custom_nitros_string_encoder_pol.py</Name>
			<Path>.</Path>
			<FullName>./test_custom_nitros_string_encoder_pol.py</FullName>
			<FullCommandLine>/usr/bin/python3.8 "-u" "/opt/ros/humble/share/ament_cmake_test/cmake/run_test.py" "/workspaces/isaac_ros-dev/build/custom_nitros_string/test_results/custom_nitros_string/test_custom_nitros_string_encoder_pol.py.xunit.xml" "--package-name" "custom_nitros_string" "--output-file" "/workspaces/isaac_ros-dev/build/custom_nitros_string/launch_test/test_custom_nitros_string_encoder_pol.py.txt" "--command" "/usr/bin/python3" "-m" "launch_testing.launch_test" "/workspaces/isaac_ros-dev/isaac_ros_nitros/isaac_ros_managed_nitros_examples/custom_nitros_string/test/custom_nitros_string_encoder_pol.py" "--junit-xml=/workspaces/isaac_ros-dev/build/custom_nitros_string/test_results/custom_nitros_string/test_custom_nitros_string_encoder_pol.py.xunit.xml" "--package-name=custom_nitros_string"</FullCommandLine>
			<Results>
				<NamedMeasurement type="numeric/double" name="Execution Time">
					<Value>14.7539</Value>
				</NamedMeasurement>
				<NamedMeasurement type="numeric/double" name="Processors">
					<Value>1</Value>
				</NamedMeasurement>
				<NamedMeasurement type="text/string" name="Completion Status">
					<Value>Completed</Value>
				</NamedMeasurement>
				<NamedMeasurement type="text/string" name="Command Line">
					<Value>/usr/bin/python3.8 "-u" "/opt/ros/humble/share/ament_cmake_test/cmake/run_test.py" "/workspaces/isaac_ros-dev/build/custom_nitros_string/test_results/custom_nitros_string/test_custom_nitros_string_encoder_pol.py.xunit.xml" "--package-name" "custom_nitros_string" "--output-file" "/workspaces/isaac_ros-dev/build/custom_nitros_string/launch_test/test_custom_nitros_string_encoder_pol.py.txt" "--command" "/usr/bin/python3" "-m" "launch_testing.launch_test" "/workspaces/isaac_ros-dev/isaac_ros_nitros/isaac_ros_managed_nitros_examples/custom_nitros_string/test/custom_nitros_string_encoder_pol.py" "--junit-xml=/workspaces/isaac_ros-dev/build/custom_nitros_string/test_results/custom_nitros_string/test_custom_nitros_string_encoder_pol.py.xunit.xml" "--package-name=custom_nitros_string"</Value>
				</NamedMeasurement>
				<NamedMeasurement type="text/string" name="Environment">
					<Value>#CTEST_RESOURCE_GROUP_COUNT=</Value>
				</NamedMeasurement>
				<Measurement>
					<Value>-- run_test.py: invoking following command in '/workspaces/isaac_ros-dev/build/custom_nitros_string':
 - /usr/bin/python3 -m launch_testing.launch_test /workspaces/isaac_ros-dev/isaac_ros_nitros/isaac_ros_managed_nitros_examples/custom_nitros_string/test/custom_nitros_string_encoder_pol.py --junit-xml=/workspaces/isaac_ros-dev/build/custom_nitros_string/test_results/custom_nitros_string/test_custom_nitros_string_encoder_pol.py.xunit.xml --package-name=custom_nitros_string
[INFO] [launch]: All log files can be found below /home/admin/.ros/log/2023-11-02-20-13-54-197743-roboticsatiowa-desktop-14457
[INFO] [launch]: Default logging verbosity is set to INFO
[INFO] [component_container_mt-1]: process started with pid [14484]
[component_container_mt-1] [INFO] [1698974034.990356158] [isaac_ros_test.custom_nitros_string_pol_test_container]: Load Library: /workspaces/isaac_ros-dev/install/custom_nitros_string/lib/libstring_encoder_node.so
[component_container_mt-1] [INFO] [1698974035.049191722] [isaac_ros_test.custom_nitros_string_pol_test_container]: Found class: rclcpp_components::NodeFactoryTemplate&lt;custom_nitros_string::StringEncoderNode&gt;
[component_container_mt-1] [INFO] [1698974035.049372587] [isaac_ros_test.custom_nitros_string_pol_test_container]: Instantiate class: rclcpp_components::NodeFactoryTemplate&lt;custom_nitros_string::StringEncoderNode&gt;
[component_container_mt-1] [INFO] [1698974035.078431903] [NitrosContext]: [NitrosContext] Creating a new shared context
[component_container_mt-1] [INFO] [1698974035.083001170] [NitrosContext]: [NitrosContext] Loading extension: gxf/lib/std/libgxf_std.so
[component_container_mt-1] [INFO] [1698974035.107407636] [NitrosContext]: [NitrosContext] Loading extension: gxf/lib/libgxf_gxf_helpers.so
[component_container_mt-1] [INFO] [1698974035.121490572] [NitrosContext]: [NitrosContext] Loading extension: gxf/lib/libgxf_sight.so
[component_container_mt-1] [INFO] [1698974035.137002410] [NitrosContext]: [NitrosContext] Loading extension: gxf/lib/libgxf_atlas.so
[component_container_mt-1] [INFO] [1698974035.152347528] [NitrosContext]: [NitrosContext] Loading application: '/workspaces/isaac_ros-dev/install/isaac_ros_nitros/share/isaac_ros_nitros/config/type_adapter_nitros_context_graph.yaml'
[component_container_mt-1] [INFO] [1698974035.157865086] [NitrosContext]: [NitrosContext] Initializing application...
[component_container_mt-1] [INFO] [1698974035.183227652] [NitrosContext]: [NitrosContext] Running application...
[component_container_mt-1] [NON-XML-CHAR-0x1B][33m2023-11-02 20:13:55.183 WARN  gxf/std/program.cpp@514: No system specified. Nothing to do[NON-XML-CHAR-0x1B][0m
[component_container_mt-1] [INFO] [1698974035.197578941] [isaac_ros_test.encoder.ManagedNitrosPublisher]: Starting Managed Nitros Publisher
[INFO] [launch_ros.actions.load_composable_nodes]: Loaded node '/isaac_ros_test/encoder' in container '/isaac_ros_test/custom_nitros_string_pol_test_container'
Warning: A NumPy version &gt;=1.19.5 and &lt;1.27.0 is required for this version of SciPy (detected version 1.17.4)
test_string_encoding (custom_nitros_string.CustomNitrosStringEncoderPOLTest)
Test string encoding. ... [component_container_mt-1] [INFO] [1698974038.452736253] [isaac_ros_test.encoder]: Input String message: 'Hello, world!'
[component_container_mt-1] [INFO] [1698974038.613483138] [isaac_ros_test.encoder]: Sending CUDA buffer with memory at: 0x202f0a000
[component_container_mt-1] [INFO] [1698974038.616824399] [isaac_ros_test.encoder]: Input String message: 'Hello, world!'
[component_container_mt-1] [INFO] [1698974038.622274117] [isaac_ros_test.encoder]: Sending CUDA buffer with memory at: 0x202f0a000
[component_container_mt-1] [INFO] [1698974038.625615634] [isaac_ros_test.encoder]: Input String message: 'Hello, world!'
[component_container_mt-1] [INFO] [1698974038.630470950] [isaac_ros_test.encoder]: Sending CUDA buffer with memory at: 0x202f0a000
[INFO] [component_container_mt-1]: sending signal 'SIGINT' to process[component_container_mt-1]
[component_container_mt-1] [INFO] [1698974039.249720249] [rclcpp]: signal_handler(signum=2)
[INFO] [component_container_mt-1]: process has finished cleanly [pid 14484]
ok

----------------------------------------------------------------------
Ran 1 test in 1.901s

OK

----------------------------------------------------------------------
Ran 0 tests in 0.000s

OK
-- run_test.py: return code 0
-- run_test.py: verify result file '/workspaces/isaac_ros-dev/build/custom_nitros_string/test_results/custom_nitros_string/test_custom_nitros_string_encoder_pol.py.xunit.xml'
</Value>
				</Measurement>
			</Results>
			<Labels>
				<Label>launch_test</Label>
			</Labels>
		</Test>
		<Test Status="passed">
			<Name>copyright</Name>
			<Path>.</Path>
			<FullName>./copyright</FullName>
			<FullCommandLine>/usr/bin/python3.8 "-u" "/opt/ros/humble/share/ament_cmake_test/cmake/run_test.py" "/workspaces/isaac_ros-dev/build/custom_nitros_string/test_results/custom_nitros_string/copyright.xunit.xml" "--package-name" "custom_nitros_string" "--output-file" "/workspaces/isaac_ros-dev/build/custom_nitros_string/ament_copyright/copyright.txt" "--command" "/opt/ros/humble/bin/ament_copyright" "--xunit-file" "/workspaces/isaac_ros-dev/build/custom_nitros_string/test_results/custom_nitros_string/copyright.xunit.xml"</FullCommandLine>
			<Results>
				<NamedMeasurement type="numeric/double" name="Execution Time">
					<Value>5.49909</Value>
				</NamedMeasurement>
				<NamedMeasurement type="numeric/double" name="Processors">
					<Value>1</Value>
				</NamedMeasurement>
				<NamedMeasurement type="text/string" name="Completion Status">
					<Value>Completed</Value>
				</NamedMeasurement>
				<NamedMeasurement type="text/string" name="Command Line">
					<Value>/usr/bin/python3.8 "-u" "/opt/ros/humble/share/ament_cmake_test/cmake/run_test.py" "/workspaces/isaac_ros-dev/build/custom_nitros_string/test_results/custom_nitros_string/copyright.xunit.xml" "--package-name" "custom_nitros_string" "--output-file" "/workspaces/isaac_ros-dev/build/custom_nitros_string/ament_copyright/copyright.txt" "--command" "/opt/ros/humble/bin/ament_copyright" "--xunit-file" "/workspaces/isaac_ros-dev/build/custom_nitros_string/test_results/custom_nitros_string/copyright.xunit.xml"</Value>
				</NamedMeasurement>
				<NamedMeasurement type="text/string" name="Environment">
					<Value>#CTEST_RESOURCE_GROUP_COUNT=</Value>
				</NamedMeasurement>
				<Measurement>
					<Value>-- run_test.py: invoking following command in '/workspaces/isaac_ros-dev/isaac_ros_nitros/isaac_ros_managed_nitros_examples/custom_nitros_string':
 - /opt/ros/humble/bin/ament_copyright --xunit-file /workspaces/isaac_ros-dev/build/custom_nitros_string/test_results/custom_nitros_string/copyright.xunit.xml
No problems found, checked 7 files
-- run_test.py: return code 0
-- run_test.py: verify result file '/workspaces/isaac_ros-dev/build/custom_nitros_string/test_results/custom_nitros_string/copyright.xunit.xml'
</Value>
				</Measurement>
			</Results>
			<Labels>
				<Label>copyright</Label>
				<Label>linter</Label>
			</Labels>
		</Test>
		<Test Status="passed">
			<Name>cppcheck</Name>
			<Path>.</Path>
			<FullName>./cppcheck</FullName>
			<FullCommandLine>/usr/bin/python3.8 "-u" "/opt/ros/humble/share/ament_cmake_test/cmake/run_test.py" "/workspaces/isaac_ros-dev/build/custom_nitros_string/test_results/custom_nitros_string/cppcheck.xunit.xml" "--package-name" "custom_nitros_string" "--output-file" "/workspaces/isaac_ros-dev/build/custom_nitros_string/ament_cppcheck/cppcheck.txt" "--command" "/opt/ros/humble/bin/ament_cppcheck" "--xunit-file" "/workspaces/isaac_ros-dev/build/custom_nitros_string/test_results/custom_nitros_string/cppcheck.xunit.xml" "--include_dirs" "/workspaces/isaac_ros-dev/isaac_ros_nitros/isaac_ros_managed_nitros_examples/custom_nitros_string/include"</FullCommandLine>
			<Results>
				<NamedMeasurement type="numeric/double" name="Execution Time">
					<Value>2.34341</Value>
				</NamedMeasurement>
				<NamedMeasurement type="numeric/double" name="Processors">
					<Value>1</Value>
				</NamedMeasurement>
				<NamedMeasurement type="text/string" name="Completion Status">
					<Value>Completed</Value>
				</NamedMeasurement>
				<NamedMeasurement type="text/string" name="Command Line">
					<Value>/usr/bin/python3.8 "-u" "/opt/ros/humble/share/ament_cmake_test/cmake/run_test.py" "/workspaces/isaac_ros-dev/build/custom_nitros_string/test_results/custom_nitros_string/cppcheck.xunit.xml" "--package-name" "custom_nitros_string" "--output-file" "/workspaces/isaac_ros-dev/build/custom_nitros_string/ament_cppcheck/cppcheck.txt" "--command" "/opt/ros/humble/bin/ament_cppcheck" "--xunit-file" "/workspaces/isaac_ros-dev/build/custom_nitros_string/test_results/custom_nitros_string/cppcheck.xunit.xml" "--include_dirs" "/workspaces/isaac_ros-dev/isaac_ros_nitros/isaac_ros_managed_nitros_examples/custom_nitros_string/include"</Value>
				</NamedMeasurement>
				<NamedMeasurement type="text/string" name="Environment">
					<Value>#CTEST_RESOURCE_GROUP_COUNT=</Value>
				</NamedMeasurement>
				<Measurement>
					<Value>-- run_test.py: invoking following command in '/workspaces/isaac_ros-dev/isaac_ros_nitros/isaac_ros_managed_nitros_examples/custom_nitros_string':
 - /opt/ros/humble/bin/ament_cppcheck --xunit-file /workspaces/isaac_ros-dev/build/custom_nitros_string/test_results/custom_nitros_string/cppcheck.xunit.xml --include_dirs /workspaces/isaac_ros-dev/isaac_ros_nitros/isaac_ros_managed_nitros_examples/custom_nitros_string/include
No problems found
-- run_test.py: return code 0
-- run_test.py: verify result file '/workspaces/isaac_ros-dev/build/custom_nitros_string/test_results/custom_nitros_string/cppcheck.xunit.xml'
</Value>
				</Measurement>
			</Results>
			<Labels>
				<Label>cppcheck</Label>
				<Label>linter</Label>
			</Labels>
		</Test>
		<Test Status="passed">
			<Name>cpplint</Name>
			<Path>.</Path>
			<FullName>./cpplint</FullName>
			<FullCommandLine>/usr/bin/python3.8 "-u" "/opt/ros/humble/share/ament_cmake_test/cmake/run_test.py" "/workspaces/isaac_ros-dev/build/custom_nitros_string/test_results/custom_nitros_string/cpplint.xunit.xml" "--package-name" "custom_nitros_string" "--output-file" "/workspaces/isaac_ros-dev/build/custom_nitros_string/ament_cpplint/cpplint.txt" "--command" "/opt/ros/humble/bin/ament_cpplint" "--xunit-file" "/workspaces/isaac_ros-dev/build/custom_nitros_string/test_results/custom_nitros_string/cpplint.xunit.xml"</FullCommandLine>
			<Results>
				<NamedMeasurement type="numeric/double" name="Execution Time">
					<Value>2.83045</Value>
				</NamedMeasurement>
				<NamedMeasurement type="numeric/double" name="Processors">
					<Value>1</Value>
				</NamedMeasurement>
				<NamedMeasurement type="text/string" name="Completion Status">
					<Value>Completed</Value>
				</NamedMeasurement>
				<NamedMeasurement type="text/string" name="Command Line">
					<Value>/usr/bin/python3.8 "-u" "/opt/ros/humble/share/ament_cmake_test/cmake/run_test.py" "/workspaces/isaac_ros-dev/build/custom_nitros_string/test_results/custom_nitros_string/cpplint.xunit.xml" "--package-name" "custom_nitros_string" "--output-file" "/workspaces/isaac_ros-dev/build/custom_nitros_string/ament_cpplint/cpplint.txt" "--command" "/opt/ros/humble/bin/ament_cpplint" "--xunit-file" "/workspaces/isaac_ros-dev/build/custom_nitros_string/test_results/custom_nitros_string/cpplint.xunit.xml"</Value>
				</NamedMeasurement>
				<NamedMeasurement type="text/string" name="Environment">
					<Value>#CTEST_RESOURCE_GROUP_COUNT=</Value>
				</NamedMeasurement>
				<Measurement>
					<Value>-- run_test.py: invoking following command in '/workspaces/isaac_ros-dev/isaac_ros_nitros/isaac_ros_managed_nitros_examples/custom_nitros_string':
 - /opt/ros/humble/bin/ament_cpplint --xunit-file /workspaces/isaac_ros-dev/build/custom_nitros_string/test_results/custom_nitros_string/cpplint.xunit.xml
Using '--root=/workspaces/isaac_ros-dev/isaac_ros_nitros/isaac_ros_managed_nitros_examples/custom_nitros_string/include' argument

Done processing /workspaces/isaac_ros-dev/isaac_ros_nitros/isaac_ros_managed_nitros_examples/custom_nitros_string/include/custom_nitros_string/string_decoder_node.hpp

Done processing /workspaces/isaac_ros-dev/isaac_ros_nitros/isaac_ros_managed_nitros_examples/custom_nitros_string/include/custom_nitros_string/string_encoder_node.hpp

Using '--root=/workspaces/isaac_ros-dev/isaac_ros_nitros/isaac_ros_managed_nitros_examples/custom_nitros_string/src' argument

Done processing /workspaces/isaac_ros-dev/isaac_ros_nitros/isaac_ros_managed_nitros_examples/custom_nitros_string/src/string_decoder_node.cpp

Done processing /workspaces/isaac_ros-dev/isaac_ros_nitros/isaac_ros_managed_nitros_examples/custom_nitros_string/src/string_encoder_node.cpp

No problems found
-- run_test.py: return code 0
-- run_test.py: verify result file '/workspaces/isaac_ros-dev/build/custom_nitros_string/test_results/custom_nitros_string/cpplint.xunit.xml'
</Value>
				</Measurement>
			</Results>
			<Labels>
				<Label>cpplint</Label>
				<Label>linter</Label>
			</Labels>
		</Test>
		<Test Status="passed">
			<Name>flake8</Name>
			<Path>.</Path>
			<FullName>./flake8</FullName>
			<FullCommandLine>/usr/bin/python3.8 "-u" "/opt/ros/humble/share/ament_cmake_test/cmake/run_test.py" "/workspaces/isaac_ros-dev/build/custom_nitros_string/test_results/custom_nitros_string/flake8.xunit.xml" "--package-name" "custom_nitros_string" "--output-file" "/workspaces/isaac_ros-dev/build/custom_nitros_string/ament_flake8/flake8.txt" "--command" "/opt/ros/humble/bin/ament_flake8" "--xunit-file" "/workspaces/isaac_ros-dev/build/custom_nitros_string/test_results/custom_nitros_string/flake8.xunit.xml"</FullCommandLine>
			<Results>
				<NamedMeasurement type="numeric/double" name="Execution Time">
					<Value>3.49367</Value>
				</NamedMeasurement>
				<NamedMeasurement type="numeric/double" name="Processors">
					<Value>1</Value>
				</NamedMeasurement>
				<NamedMeasurement type="text/string" name="Completion Status">
					<Value>Completed</Value>
				</NamedMeasurement>
				<NamedMeasurement type="text/string" name="Command Line">
					<Value>/usr/bin/python3.8 "-u" "/opt/ros/humble/share/ament_cmake_test/cmake/run_test.py" "/workspaces/isaac_ros-dev/build/custom_nitros_string/test_results/custom_nitros_string/flake8.xunit.xml" "--package-name" "custom_nitros_string" "--output-file" "/workspaces/isaac_ros-dev/build/custom_nitros_string/ament_flake8/flake8.txt" "--command" "/opt/ros/humble/bin/ament_flake8" "--xunit-file" "/workspaces/isaac_ros-dev/build/custom_nitros_string/test_results/custom_nitros_string/flake8.xunit.xml"</Value>
				</NamedMeasurement>
				<NamedMeasurement type="text/string" name="Environment">
					<Value>#CTEST_RESOURCE_GROUP_COUNT=</Value>
				</NamedMeasurement>
				<Measurement>
					<Value>-- run_test.py: invoking following command in '/workspaces/isaac_ros-dev/isaac_ros_nitros/isaac_ros_managed_nitros_examples/custom_nitros_string':
 - /opt/ros/humble/bin/ament_flake8 --xunit-file /workspaces/isaac_ros-dev/build/custom_nitros_string/test_results/custom_nitros_string/flake8.xunit.xml

3 files checked
No problems found

Checked files:

* ./test/custom_nitros_string_pol.py
* ./test/custom_nitros_string_decoder_pol.py
* ./test/custom_nitros_string_encoder_pol.py
-- run_test.py: return code 0
-- run_test.py: verify result file '/workspaces/isaac_ros-dev/build/custom_nitros_string/test_results/custom_nitros_string/flake8.xunit.xml'
</Value>
				</Measurement>
			</Results>
			<Labels>
				<Label>flake8</Label>
				<Label>linter</Label>
			</Labels>
		</Test>
		<Test Status="passed">
			<Name>lint_cmake</Name>
			<Path>.</Path>
			<FullName>./lint_cmake</FullName>
			<FullCommandLine>/usr/bin/python3.8 "-u" "/opt/ros/humble/share/ament_cmake_test/cmake/run_test.py" "/workspaces/isaac_ros-dev/build/custom_nitros_string/test_results/custom_nitros_string/lint_cmake.xunit.xml" "--package-name" "custom_nitros_string" "--output-file" "/workspaces/isaac_ros-dev/build/custom_nitros_string/ament_lint_cmake/lint_cmake.txt" "--command" "/opt/ros/humble/bin/ament_lint_cmake" "--xunit-file" "/workspaces/isaac_ros-dev/build/custom_nitros_string/test_results/custom_nitros_string/lint_cmake.xunit.xml"</FullCommandLine>
			<Results>
				<NamedMeasurement type="numeric/double" name="Execution Time">
					<Value>2.25479</Value>
				</NamedMeasurement>
				<NamedMeasurement type="numeric/double" name="Processors">
					<Value>1</Value>
				</NamedMeasurement>
				<NamedMeasurement type="text/string" name="Completion Status">
					<Value>Completed</Value>
				</NamedMeasurement>
				<NamedMeasurement type="text/string" name="Command Line">
					<Value>/usr/bin/python3.8 "-u" "/opt/ros/humble/share/ament_cmake_test/cmake/run_test.py" "/workspaces/isaac_ros-dev/build/custom_nitros_string/test_results/custom_nitros_string/lint_cmake.xunit.xml" "--package-name" "custom_nitros_string" "--output-file" "/workspaces/isaac_ros-dev/build/custom_nitros_string/ament_lint_cmake/lint_cmake.txt" "--command" "/opt/ros/humble/bin/ament_lint_cmake" "--xunit-file" "/workspaces/isaac_ros-dev/build/custom_nitros_string/test_results/custom_nitros_string/lint_cmake.xunit.xml"</Value>
				</NamedMeasurement>
				<NamedMeasurement type="text/string" name="Environment">
					<Value>#CTEST_RESOURCE_GROUP_COUNT=</Value>
				</NamedMeasurement>
				<Measurement>
					<Value>-- run_test.py: invoking following command in '/workspaces/isaac_ros-dev/isaac_ros_nitros/isaac_ros_managed_nitros_examples/custom_nitros_string':
 - /opt/ros/humble/bin/ament_lint_cmake --xunit-file /workspaces/isaac_ros-dev/build/custom_nitros_string/test_results/custom_nitros_string/lint_cmake.xunit.xml

No problems found
-- run_test.py: return code 0
-- run_test.py: verify result file '/workspaces/isaac_ros-dev/build/custom_nitros_string/test_results/custom_nitros_string/lint_cmake.xunit.xml'
</Value>
				</Measurement>
			</Results>
			<Labels>
				<Label>lint_cmake</Label>
				<Label>linter</Label>
			</Labels>
		</Test>
		<Test Status="passed">
			<Name>pep257</Name>
			<Path>.</Path>
			<FullName>./pep257</FullName>
			<FullCommandLine>/usr/bin/python3.8 "-u" "/opt/ros/humble/share/ament_cmake_test/cmake/run_test.py" "/workspaces/isaac_ros-dev/build/custom_nitros_string/test_results/custom_nitros_string/pep257.xunit.xml" "--package-name" "custom_nitros_string" "--output-file" "/workspaces/isaac_ros-dev/build/custom_nitros_string/ament_pep257/pep257.txt" "--command" "/opt/ros/humble/bin/ament_pep257" "--xunit-file" "/workspaces/isaac_ros-dev/build/custom_nitros_string/test_results/custom_nitros_string/pep257.xunit.xml"</FullCommandLine>
			<Results>
				<NamedMeasurement type="numeric/double" name="Execution Time">
					<Value>2.75005</Value>
				</NamedMeasurement>
				<NamedMeasurement type="numeric/double" name="Processors">
					<Value>1</Value>
				</NamedMeasurement>
				<NamedMeasurement type="text/string" name="Completion Status">
					<Value>Completed</Value>
				</NamedMeasurement>
				<NamedMeasurement type="text/string" name="Command Line">
					<Value>/usr/bin/python3.8 "-u" "/opt/ros/humble/share/ament_cmake_test/cmake/run_test.py" "/workspaces/isaac_ros-dev/build/custom_nitros_string/test_results/custom_nitros_string/pep257.xunit.xml" "--package-name" "custom_nitros_string" "--output-file" "/workspaces/isaac_ros-dev/build/custom_nitros_string/ament_pep257/pep257.txt" "--command" "/opt/ros/humble/bin/ament_pep257" "--xunit-file" "/workspaces/isaac_ros-dev/build/custom_nitros_string/test_results/custom_nitros_string/pep257.xunit.xml"</Value>
				</NamedMeasurement>
				<NamedMeasurement type="text/string" name="Environment">
					<Value>#CTEST_RESOURCE_GROUP_COUNT=</Value>
				</NamedMeasurement>
				<Measurement>
					<Value>-- run_test.py: invoking following command in '/workspaces/isaac_ros-dev/isaac_ros_nitros/isaac_ros_managed_nitros_examples/custom_nitros_string':
 - /opt/ros/humble/bin/ament_pep257 --xunit-file /workspaces/isaac_ros-dev/build/custom_nitros_string/test_results/custom_nitros_string/pep257.xunit.xml
checking ./test/custom_nitros_string_decoder_pol.py
checking ./test/custom_nitros_string_encoder_pol.py
checking ./test/custom_nitros_string_pol.py
No problems found
-- run_test.py: return code 0
-- run_test.py: verify result file '/workspaces/isaac_ros-dev/build/custom_nitros_string/test_results/custom_nitros_string/pep257.xunit.xml'
</Value>
				</Measurement>
			</Results>
			<Labels>
				<Label>linter</Label>
				<Label>pep257</Label>
			</Labels>
		</Test>
		<Test Status="passed">
			<Name>uncrustify</Name>
			<Path>.</Path>
			<FullName>./uncrustify</FullName>
			<FullCommandLine>/usr/bin/python3.8 "-u" "/opt/ros/humble/share/ament_cmake_test/cmake/run_test.py" "/workspaces/isaac_ros-dev/build/custom_nitros_string/test_results/custom_nitros_string/uncrustify.xunit.xml" "--package-name" "custom_nitros_string" "--output-file" "/workspaces/isaac_ros-dev/build/custom_nitros_string/ament_uncrustify/uncrustify.txt" "--command" "/opt/ros/humble/bin/ament_uncrustify" "--xunit-file" "/workspaces/isaac_ros-dev/build/custom_nitros_string/test_results/custom_nitros_string/uncrustify.xunit.xml"</FullCommandLine>
			<Results>
				<NamedMeasurement type="numeric/double" name="Execution Time">
					<Value>2.35454</Value>
				</NamedMeasurement>
				<NamedMeasurement type="numeric/double" name="Processors">
					<Value>1</Value>
				</NamedMeasurement>
				<NamedMeasurement type="text/string" name="Completion Status">
					<Value>Completed</Value>
				</NamedMeasurement>
				<NamedMeasurement type="text/string" name="Command Line">
					<Value>/usr/bin/python3.8 "-u" "/opt/ros/humble/share/ament_cmake_test/cmake/run_test.py" "/workspaces/isaac_ros-dev/build/custom_nitros_string/test_results/custom_nitros_string/uncrustify.xunit.xml" "--package-name" "custom_nitros_string" "--output-file" "/workspaces/isaac_ros-dev/build/custom_nitros_string/ament_uncrustify/uncrustify.txt" "--command" "/opt/ros/humble/bin/ament_uncrustify" "--xunit-file" "/workspaces/isaac_ros-dev/build/custom_nitros_string/test_results/custom_nitros_string/uncrustify.xunit.xml"</Value>
				</NamedMeasurement>
				<NamedMeasurement type="text/string" name="Environment">
					<Value>#CTEST_RESOURCE_GROUP_COUNT=</Value>
				</NamedMeasurement>
				<Measurement>
					<Value>-- run_test.py: invoking following command in '/workspaces/isaac_ros-dev/isaac_ros_nitros/isaac_ros_managed_nitros_examples/custom_nitros_string':
 - /opt/ros/humble/bin/ament_uncrustify --xunit-file /workspaces/isaac_ros-dev/build/custom_nitros_string/test_results/custom_nitros_string/uncrustify.xunit.xml
No code style divergence in file 'include/custom_nitros_string/string_decoder_node.hpp'

No code style divergence in file 'include/custom_nitros_string/string_encoder_node.hpp'

No code style divergence in file 'src/string_decoder_node.cpp'

No code style divergence in file 'src/string_encoder_node.cpp'

No problems found
-- run_test.py: return code 0
-- run_test.py: verify result file '/workspaces/isaac_ros-dev/build/custom_nitros_string/test_results/custom_nitros_string/uncrustify.xunit.xml'
</Value>
				</Measurement>
			</Results>
			<Labels>
				<Label>linter</Label>
				<Label>uncrustify</Label>
			</Labels>
		</Test>
		<Test Status="passed">
			<Name>xmllint</Name>
			<Path>.</Path>
			<FullName>./xmllint</FullName>
			<FullCommandLine>/usr/bin/python3.8 "-u" "/opt/ros/humble/share/ament_cmake_test/cmake/run_test.py" "/workspaces/isaac_ros-dev/build/custom_nitros_string/test_results/custom_nitros_string/xmllint.xunit.xml" "--package-name" "custom_nitros_string" "--output-file" "/workspaces/isaac_ros-dev/build/custom_nitros_string/ament_xmllint/xmllint.txt" "--command" "/opt/ros/humble/bin/ament_xmllint" "--xunit-file" "/workspaces/isaac_ros-dev/build/custom_nitros_string/test_results/custom_nitros_string/xmllint.xunit.xml"</FullCommandLine>
			<Results>
				<NamedMeasurement type="numeric/double" name="Execution Time">
					<Value>2.25324</Value>
				</NamedMeasurement>
				<NamedMeasurement type="numeric/double" name="Processors">
					<Value>1</Value>
				</NamedMeasurement>
				<NamedMeasurement type="text/string" name="Completion Status">
					<Value>Completed</Value>
				</NamedMeasurement>
				<NamedMeasurement type="text/string" name="Command Line">
					<Value>/usr/bin/python3.8 "-u" "/opt/ros/humble/share/ament_cmake_test/cmake/run_test.py" "/workspaces/isaac_ros-dev/build/custom_nitros_string/test_results/custom_nitros_string/xmllint.xunit.xml" "--package-name" "custom_nitros_string" "--output-file" "/workspaces/isaac_ros-dev/build/custom_nitros_string/ament_xmllint/xmllint.txt" "--command" "/opt/ros/humble/bin/ament_xmllint" "--xunit-file" "/workspaces/isaac_ros-dev/build/custom_nitros_string/test_results/custom_nitros_string/xmllint.xunit.xml"</Value>
				</NamedMeasurement>
				<NamedMeasurement type="text/string" name="Environment">
					<Value>#CTEST_RESOURCE_GROUP_COUNT=</Value>
				</NamedMeasurement>
				<Measurement>
					<Value>-- run_test.py: invoking following command in '/workspaces/isaac_ros-dev/isaac_ros_nitros/isaac_ros_managed_nitros_examples/custom_nitros_string':
 - /opt/ros/humble/bin/ament_xmllint --xunit-file /workspaces/isaac_ros-dev/build/custom_nitros_string/test_results/custom_nitros_string/xmllint.xunit.xml
File 'package.xml' is valid

No problems found
-- run_test.py: return code 0
-- run_test.py: verify result file '/workspaces/isaac_ros-dev/build/custom_nitros_string/test_results/custom_nitros_string/xmllint.xunit.xml'
</Value>
				</Measurement>
			</Results>
			<Labels>
				<Label>linter</Label>
				<Label>xmllint</Label>
			</Labels>
		</Test>
		<EndDateTime>Nov 02 20:14 CDT</EndDateTime>
		<EndTestTime>1698974063</EndTestTime>
		<ElapsedMinutes>1</ElapsedMinutes>
	</Testing>
</Site>
