<?xml version="1.0" encoding="UTF-8"?>
<Site BuildName="(empty)"
	BuildStamp="20231103-0108-Experimental"
	Name="roboticsatiowa-desktop"
	Generator="ctest-3.22.1"
	CompilerName="/usr/bin/c++"
	CompilerVersion="9.4.0"
	OSName="Linux"
	Hostname="roboticsatiowa-desktop"
	OSRelease="5.10.120-tegra"
	OSVersion="#1 SMP PREEMPT Tue Aug 1 12:32:50 PDT 2023"
	OSPlatform="aarch64"
	Is64Bits="1"
	VendorString=""
	VendorID="Unknown Manufacturer"
	FamilyID="8"
	ModelID="0"
	ProcessorCacheSize="0"
	NumberOfLogicalCPU="6"
	NumberOfPhysicalCPU="1"
	TotalVirtualMemory="3422"
	TotalPhysicalMemory="6845"
	LogicalProcessorsPerPhysical="6"
	ProcessorClockFrequency="0"
	>
	<Testing>
		<StartDateTime>Nov 02 20:08 CDT</StartDateTime>
		<StartTestTime>1698973687</StartTestTime>
		<TestList>
			<Test>./test_isaac_ros_nitros_pose_cov_stamped_type_test_pol.py</Test>
			<Test>./cppcheck</Test>
			<Test>./cpplint</Test>
			<Test>./flake8</Test>
			<Test>./lint_cmake</Test>
			<Test>./pep257</Test>
			<Test>./uncrustify</Test>
			<Test>./xmllint</Test>
		</TestList>
		<Test Status="passed">
			<Name>test_isaac_ros_nitros_pose_cov_stamped_type_test_pol.py</Name>
			<Path>.</Path>
			<FullName>./test_isaac_ros_nitros_pose_cov_stamped_type_test_pol.py</FullName>
			<FullCommandLine>/usr/bin/python3.8 "-u" "/opt/ros/humble/share/ament_cmake_test/cmake/run_test.py" "/workspaces/isaac_ros-dev/build/isaac_ros_nitros_pose_cov_stamped_type/test_results/isaac_ros_nitros_pose_cov_stamped_type/test_isaac_ros_nitros_pose_cov_stamped_type_test_pol.py.xunit.xml" "--package-name" "isaac_ros_nitros_pose_cov_stamped_type" "--output-file" "/workspaces/isaac_ros-dev/build/isaac_ros_nitros_pose_cov_stamped_type/launch_test/test_isaac_ros_nitros_pose_cov_stamped_type_test_pol.py.txt" "--command" "/usr/bin/python3" "-m" "launch_testing.launch_test" "/workspaces/isaac_ros-dev/isaac_ros_nitros/isaac_ros_nitros_type/isaac_ros_nitros_pose_cov_stamped_type/test/isaac_ros_nitros_pose_cov_stamped_type_test_pol.py" "--junit-xml=/workspaces/isaac_ros-dev/build/isaac_ros_nitros_pose_cov_stamped_type/test_results/isaac_ros_nitros_pose_cov_stamped_type/test_isaac_ros_nitros_pose_cov_stamped_type_test_pol.py.xunit.xml" "--package-name=isaac_ros_nitros_pose_cov_stamped_type"</FullCommandLine>
			<Results>
				<NamedMeasurement type="numeric/double" name="Execution Time">
					<Value>12.8358</Value>
				</NamedMeasurement>
				<NamedMeasurement type="numeric/double" name="Processors">
					<Value>1</Value>
				</NamedMeasurement>
				<NamedMeasurement type="text/string" name="Completion Status">
					<Value>Completed</Value>
				</NamedMeasurement>
				<NamedMeasurement type="text/string" name="Command Line">
					<Value>/usr/bin/python3.8 "-u" "/opt/ros/humble/share/ament_cmake_test/cmake/run_test.py" "/workspaces/isaac_ros-dev/build/isaac_ros_nitros_pose_cov_stamped_type/test_results/isaac_ros_nitros_pose_cov_stamped_type/test_isaac_ros_nitros_pose_cov_stamped_type_test_pol.py.xunit.xml" "--package-name" "isaac_ros_nitros_pose_cov_stamped_type" "--output-file" "/workspaces/isaac_ros-dev/build/isaac_ros_nitros_pose_cov_stamped_type/launch_test/test_isaac_ros_nitros_pose_cov_stamped_type_test_pol.py.txt" "--command" "/usr/bin/python3" "-m" "launch_testing.launch_test" "/workspaces/isaac_ros-dev/isaac_ros_nitros/isaac_ros_nitros_type/isaac_ros_nitros_pose_cov_stamped_type/test/isaac_ros_nitros_pose_cov_stamped_type_test_pol.py" "--junit-xml=/workspaces/isaac_ros-dev/build/isaac_ros_nitros_pose_cov_stamped_type/test_results/isaac_ros_nitros_pose_cov_stamped_type/test_isaac_ros_nitros_pose_cov_stamped_type_test_pol.py.xunit.xml" "--package-name=isaac_ros_nitros_pose_cov_stamped_type"</Value>
				</NamedMeasurement>
				<NamedMeasurement type="text/string" name="Environment">
					<Value>#CTEST_RESOURCE_GROUP_COUNT=</Value>
				</NamedMeasurement>
				<Measurement>
					<Value>-- run_test.py: invoking following command in '/workspaces/isaac_ros-dev/build/isaac_ros_nitros_pose_cov_stamped_type':
 - /usr/bin/python3 -m launch_testing.launch_test /workspaces/isaac_ros-dev/isaac_ros_nitros/isaac_ros_nitros_type/isaac_ros_nitros_pose_cov_stamped_type/test/isaac_ros_nitros_pose_cov_stamped_type_test_pol.py --junit-xml=/workspaces/isaac_ros-dev/build/isaac_ros_nitros_pose_cov_stamped_type/test_results/isaac_ros_nitros_pose_cov_stamped_type/test_isaac_ros_nitros_pose_cov_stamped_type_test_pol.py.xunit.xml --package-name=isaac_ros_nitros_pose_cov_stamped_type
[INFO] [launch]: All log files can be found below /home/admin/.ros/log/2023-11-02-20-08-15-794872-roboticsatiowa-desktop-13356
[INFO] [launch]: Default logging verbosity is set to INFO
[INFO] [component_container_mt-1]: process started with pid [13387]
[component_container_mt-1] [INFO] [1698973696.557333421] [isaac_ros_nitros_container.test_container]: Load Library: /workspaces/isaac_ros-dev/install/isaac_ros_nitros_pose_cov_stamped_type/lib/libisaac_ros_nitros_pose_cov_stamped_forward_node.so
[component_container_mt-1] [INFO] [1698973696.634563907] [isaac_ros_nitros_container.test_container]: Found class: rclcpp_components::NodeFactoryTemplate&lt;nvidia::isaac_ros::nitros::NitrosNode&gt;
[component_container_mt-1] [INFO] [1698973696.634786788] [isaac_ros_nitros_container.test_container]: Found class: rclcpp_components::NodeFactoryTemplate&lt;nvidia::isaac_ros::nitros::NitrosPoseCovStampedForwardNode&gt;
[component_container_mt-1] [INFO] [1698973696.634879748] [isaac_ros_nitros_container.test_container]: Instantiate class: rclcpp_components::NodeFactoryTemplate&lt;nvidia::isaac_ros::nitros::NitrosPoseCovStampedForwardNode&gt;
[component_container_mt-1] [INFO] [1698973696.666339202] [NitrosContext]: [NitrosContext] Creating a new shared context
[component_container_mt-1] [INFO] [1698973696.667282310] [isaac_ros_test.NitrosPoseCovStampedForwardNode]: [NitrosNode] Initializing NitrosNode
[component_container_mt-1] [INFO] [1698973696.671842360] [NitrosContext]: [NitrosContext] Loading extension: gxf/lib/std/libgxf_std.so
[component_container_mt-1] [INFO] [1698973696.695331926] [NitrosContext]: [NitrosContext] Loading extension: gxf/lib/libgxf_gxf_helpers.so
[component_container_mt-1] [INFO] [1698973696.708324779] [NitrosContext]: [NitrosContext] Loading extension: gxf/lib/libgxf_sight.so
[component_container_mt-1] [INFO] [1698973696.722504995] [NitrosContext]: [NitrosContext] Loading extension: gxf/lib/libgxf_atlas.so
[component_container_mt-1] [INFO] [1698973696.736674748] [NitrosContext]: [NitrosContext] Loading application: '/workspaces/isaac_ros-dev/install/isaac_ros_nitros/share/isaac_ros_nitros/config/type_adapter_nitros_context_graph.yaml'
[component_container_mt-1] [INFO] [1698973696.742192050] [NitrosContext]: [NitrosContext] Initializing application...
[component_container_mt-1] [INFO] [1698973696.766703157] [NitrosContext]: [NitrosContext] Running application...
[component_container_mt-1] [NON-XML-CHAR-0x1B][33m2023-11-02 20:08:16.766 WARN  gxf/std/program.cpp@514: No system specified. Nothing to do[NON-XML-CHAR-0x1B][0m
[component_container_mt-1] [INFO] [1698973696.771920554] [isaac_ros_test.NitrosPoseCovStampedForwardNode]: [NitrosNode] Starting NitrosNode
[component_container_mt-1] [INFO] [1698973696.772063402] [isaac_ros_test.NitrosPoseCovStampedForwardNode]: [NitrosNode] Loading built-in preset extension specs
[component_container_mt-1] [INFO] [1698973696.782898198] [isaac_ros_test.NitrosPoseCovStampedForwardNode]: [NitrosNode] Loading built-in extension specs
[component_container_mt-1] [INFO] [1698973696.783138807] [isaac_ros_test.NitrosPoseCovStampedForwardNode]: [NitrosNode] Loading preset extension specs
[component_container_mt-1] [INFO] [1698973696.783201335] [isaac_ros_test.NitrosPoseCovStampedForwardNode]: [NitrosNode] Loading extension specs
[component_container_mt-1] [INFO] [1698973696.783255095] [isaac_ros_test.NitrosPoseCovStampedForwardNode]: [NitrosNode] Loading generator rules
[component_container_mt-1] [INFO] [1698973696.783306743] [isaac_ros_test.NitrosPoseCovStampedForwardNode]: [NitrosNode] Loading extensions
[component_container_mt-1] [INFO] [1698973696.785339583] [isaac_ros_test.NitrosPoseCovStampedForwardNode]: [NitrosContext] Loading extension: gxf/lib/libgxf_message_compositor.so
[component_container_mt-1] [INFO] [1698973696.795412904] [isaac_ros_test.NitrosPoseCovStampedForwardNode]: [NitrosContext] Loading extension: gxf/lib/cuda/libgxf_cuda.so
[component_container_mt-1] [INFO] [1698973696.807774937] [isaac_ros_test.NitrosPoseCovStampedForwardNode]: [NitrosContext] Loading extension: gxf/lib/serialization/libgxf_serialization.so
[component_container_mt-1] [INFO] [1698973696.827497512] [isaac_ros_test.NitrosPoseCovStampedForwardNode]: [NitrosContext] Loading extension: gxf/lib/libgxf_isaac_messages.so
[component_container_mt-1] [INFO] [1698973696.838411604] [isaac_ros_test.NitrosPoseCovStampedForwardNode]: [NitrosNode] Loading graph to the optimizer
[component_container_mt-1] [INFO] [1698973696.844248652] [isaac_ros_test.NitrosPoseCovStampedForwardNode]: [NitrosNode] Running optimization
[component_container_mt-1] [INFO] [1698973696.853409680] [isaac_ros_test.NitrosPoseCovStampedForwardNode]: [NitrosNode] Obtaining graph IO group info from the optimizer
[component_container_mt-1] [INFO] [1698973696.854807926] [isaac_ros_test.NitrosPoseCovStampedForwardNode]: [NitrosNode] Creating negotiated publishers/subscribers
[component_container_mt-1] [INFO] [1698973696.854975671] [isaac_ros_test.NitrosPoseCovStampedForwardNode]: [NitrosPublisherSubscriberGroup] Expanding "any" data formats to all registered data formats
[component_container_mt-1] [INFO] [1698973696.855099447] [isaac_ros_test.NitrosPoseCovStampedForwardNode]: [NitrosPublisherSubscriberGroup] Pinning the component "forward/input" (type="nvidia::gxf::DoubleBufferReceiver") to use its compatible format only: "nitros_pose_cov_stamped"
[component_container_mt-1] [INFO] [1698973696.855353976] [isaac_ros_test.NitrosPoseCovStampedForwardNode]: [NitrosPublisherSubscriberGroup] Pinning the component "sink/sink" (type="nvidia::isaac_ros::MessageRelay") to use its compatible format only: "nitros_pose_cov_stamped"
[component_container_mt-1] [INFO] [1698973696.877223344] [isaac_ros_test.NitrosPoseCovStampedForwardNode]: [NitrosNode] Starting negotiation...
[INFO] [launch_ros.actions.load_composable_nodes]: Loaded node '/isaac_ros_test/NitrosPoseCovStampedForwardNode' in container '/isaac_ros_nitros_container/test_container'
[component_container_mt-1] [INFO] [1698973697.879489284] [isaac_ros_test.NitrosPoseCovStampedForwardNode]: [NitrosNode] Starting post negotiation setup
[component_container_mt-1] [INFO] [1698973697.879726757] [isaac_ros_test.NitrosPoseCovStampedForwardNode]: [NitrosNode] Getting data format negotiation results
[component_container_mt-1] [INFO] [1698973697.879817125] [isaac_ros_test.NitrosPoseCovStampedForwardNode]: [NitrosPublisher] Negotiation ended with no results
[component_container_mt-1] [INFO] [1698973697.879936166] [isaac_ros_test.NitrosPoseCovStampedForwardNode]: [NitrosPublisher] Use only the compatible publisher: topic_name="/isaac_ros_test/output", data_format="nitros_pose_cov_stamped"
[component_container_mt-1] [INFO] [1698973697.880014662] [isaac_ros_test.NitrosPoseCovStampedForwardNode]: [NitrosSubscriber] Negotiation ended with no results
[component_container_mt-1] [INFO] [1698973697.880100614] [isaac_ros_test.NitrosPoseCovStampedForwardNode]: [NitrosSubscriber] Use the compatible subscriber: topic_name="/isaac_ros_test/input", data_format="nitros_pose_cov_stamped"
[component_container_mt-1] [INFO] [1698973697.880239367] [isaac_ros_test.NitrosPoseCovStampedForwardNode]: [NitrosNode] Exporting the final graph based on the negotiation results
[component_container_mt-1] [INFO] [1698973697.900775161] [isaac_ros_test.NitrosPoseCovStampedForwardNode]: [NitrosNode] Wrote the final top level YAML graph to "/workspaces/isaac_ros-dev/install/isaac_ros_nitros_pose_cov_stamped_type/share/isaac_ros_nitros_pose_cov_stamped_type/ZDEWTYHKSK.yaml"
[component_container_mt-1] [INFO] [1698973697.900976506] [isaac_ros_test.NitrosPoseCovStampedForwardNode]: [NitrosNode] Calling user's pre-load-graph callback
[component_container_mt-1] [INFO] [1698973697.901045178] [isaac_ros_test.NitrosPoseCovStampedForwardNode]: [NitrosNode] Loading application
[component_container_mt-1] [INFO] [1698973697.901109050] [isaac_ros_test.NitrosPoseCovStampedForwardNode]: [NitrosContext] Loading application: '/workspaces/isaac_ros-dev/install/isaac_ros_nitros_pose_cov_stamped_type/share/isaac_ros_nitros_pose_cov_stamped_type/ZDEWTYHKSK.yaml'
[component_container_mt-1] [INFO] [1698973697.910549664] [isaac_ros_test.NitrosPoseCovStampedForwardNode]: [NitrosNode] Linking Nitros pub/sub to the loaded application
[component_container_mt-1] [INFO] [1698973697.910974242] [isaac_ros_test.NitrosPoseCovStampedForwardNode]: [NitrosNode] Calling user's post-load-graph callback
[component_container_mt-1] [INFO] [1698973697.911060866] [isaac_ros_test.NitrosPoseCovStampedForwardNode]: [NitrosContext] Initializing application...
[component_container_mt-1] [INFO] [1698973697.926901762] [isaac_ros_test.NitrosPoseCovStampedForwardNode]: [NitrosContext] Running application...
[component_container_mt-1] [INFO] [1698973697.927368324] [isaac_ros_test.NitrosPoseCovStampedForwardNode]: [NitrosNode] Starting a heartbeat timer (eid=17)
Warning: A NumPy version &gt;=1.19.5 and &lt;1.27.0 is required for this version of SciPy (detected version 1.17.4)
test_nitros_pose_cov_stamped_type_conversions (isaac_ros_nitros_pose_cov_stamped_type.IsaacROSNitrosPoseCovStampedTest)
Expect the tag from NitrosPoseCovStamped type to be compatible with source. ... [INFO] [1698973699.267755268] [isaac_ros_test.isaac_ros_base_test_node]: Starting test for case: /workspaces/isaac_ros-dev/isaac_ros_nitros/isaac_ros_nitros_type/isaac_ros_nitros_pose_cov_stamped_type/test/test_cases/nitros_pose_cov_stamped/profile
/workspaces/isaac_ros-dev/isaac_ros_nitros/isaac_ros_nitros_type/isaac_ros_nitros_pose_cov_stamped_type/test/test_cases/nitros_pose_cov_stamped/profile
The received pose cov stamped message has been verified successfully
[INFO] [component_container_mt-1]: sending signal 'SIGINT' to process[component_container_mt-1]
[component_container_mt-1] [INFO] [1698973699.929720771] [rclcpp]: signal_handler(signum=2)
[component_container_mt-1] [INFO] [1698973699.941613618] [isaac_ros_test.NitrosPoseCovStampedForwardNode]: [NitrosNode] Terminating the running application
[component_container_mt-1] [INFO] [1698973699.941703987] [isaac_ros_test.NitrosPoseCovStampedForwardNode]: [NitrosContext] Interrupting GXF...
[component_container_mt-1] [INFO] [1698973699.941813107] [isaac_ros_test.NitrosPoseCovStampedForwardNode]: [NitrosContext] Waiting on GXF...
[component_container_mt-1] [INFO] [1698973699.942218357] [isaac_ros_test.NitrosPoseCovStampedForwardNode]: [NitrosContext] Deinitializing...
[component_container_mt-1] [INFO] [1698973699.943657499] [isaac_ros_test.NitrosPoseCovStampedForwardNode]: [NitrosContext] Destroying context
[component_container_mt-1] [INFO] [1698973699.947082888] [isaac_ros_test.NitrosPoseCovStampedForwardNode]: [NitrosNode] Application termination done
[INFO] [component_container_mt-1]: process has finished cleanly [pid 13387]
ok

----------------------------------------------------------------------
Ran 1 test in 0.687s

OK

----------------------------------------------------------------------
Ran 0 tests in 0.000s

OK
-- run_test.py: return code 0
-- run_test.py: verify result file '/workspaces/isaac_ros-dev/build/isaac_ros_nitros_pose_cov_stamped_type/test_results/isaac_ros_nitros_pose_cov_stamped_type/test_isaac_ros_nitros_pose_cov_stamped_type_test_pol.py.xunit.xml'
</Value>
				</Measurement>
			</Results>
			<Labels>
				<Label>launch_test</Label>
			</Labels>
		</Test>
		<Test Status="passed">
			<Name>cppcheck</Name>
			<Path>.</Path>
			<FullName>./cppcheck</FullName>
			<FullCommandLine>/usr/bin/python3.8 "-u" "/opt/ros/humble/share/ament_cmake_test/cmake/run_test.py" "/workspaces/isaac_ros-dev/build/isaac_ros_nitros_pose_cov_stamped_type/test_results/isaac_ros_nitros_pose_cov_stamped_type/cppcheck.xunit.xml" "--package-name" "isaac_ros_nitros_pose_cov_stamped_type" "--output-file" "/workspaces/isaac_ros-dev/build/isaac_ros_nitros_pose_cov_stamped_type/ament_cppcheck/cppcheck.txt" "--command" "/opt/ros/humble/bin/ament_cppcheck" "--xunit-file" "/workspaces/isaac_ros-dev/build/isaac_ros_nitros_pose_cov_stamped_type/test_results/isaac_ros_nitros_pose_cov_stamped_type/cppcheck.xunit.xml" "--include_dirs" "/workspaces/isaac_ros-dev/isaac_ros_nitros/isaac_ros_nitros_type/isaac_ros_nitros_pose_cov_stamped_type/include"</FullCommandLine>
			<Results>
				<NamedMeasurement type="numeric/double" name="Execution Time">
					<Value>2.27167</Value>
				</NamedMeasurement>
				<NamedMeasurement type="numeric/double" name="Processors">
					<Value>1</Value>
				</NamedMeasurement>
				<NamedMeasurement type="text/string" name="Completion Status">
					<Value>Completed</Value>
				</NamedMeasurement>
				<NamedMeasurement type="text/string" name="Command Line">
					<Value>/usr/bin/python3.8 "-u" "/opt/ros/humble/share/ament_cmake_test/cmake/run_test.py" "/workspaces/isaac_ros-dev/build/isaac_ros_nitros_pose_cov_stamped_type/test_results/isaac_ros_nitros_pose_cov_stamped_type/cppcheck.xunit.xml" "--package-name" "isaac_ros_nitros_pose_cov_stamped_type" "--output-file" "/workspaces/isaac_ros-dev/build/isaac_ros_nitros_pose_cov_stamped_type/ament_cppcheck/cppcheck.txt" "--command" "/opt/ros/humble/bin/ament_cppcheck" "--xunit-file" "/workspaces/isaac_ros-dev/build/isaac_ros_nitros_pose_cov_stamped_type/test_results/isaac_ros_nitros_pose_cov_stamped_type/cppcheck.xunit.xml" "--include_dirs" "/workspaces/isaac_ros-dev/isaac_ros_nitros/isaac_ros_nitros_type/isaac_ros_nitros_pose_cov_stamped_type/include"</Value>
				</NamedMeasurement>
				<NamedMeasurement type="text/string" name="Environment">
					<Value>#CTEST_RESOURCE_GROUP_COUNT=</Value>
				</NamedMeasurement>
				<Measurement>
					<Value>-- run_test.py: invoking following command in '/workspaces/isaac_ros-dev/isaac_ros_nitros/isaac_ros_nitros_type/isaac_ros_nitros_pose_cov_stamped_type':
 - /opt/ros/humble/bin/ament_cppcheck --xunit-file /workspaces/isaac_ros-dev/build/isaac_ros_nitros_pose_cov_stamped_type/test_results/isaac_ros_nitros_pose_cov_stamped_type/cppcheck.xunit.xml --include_dirs /workspaces/isaac_ros-dev/isaac_ros_nitros/isaac_ros_nitros_type/isaac_ros_nitros_pose_cov_stamped_type/include
No problems found
-- run_test.py: return code 0
-- run_test.py: verify result file '/workspaces/isaac_ros-dev/build/isaac_ros_nitros_pose_cov_stamped_type/test_results/isaac_ros_nitros_pose_cov_stamped_type/cppcheck.xunit.xml'
</Value>
				</Measurement>
			</Results>
			<Labels>
				<Label>cppcheck</Label>
				<Label>linter</Label>
			</Labels>
		</Test>
		<Test Status="passed">
			<Name>cpplint</Name>
			<Path>.</Path>
			<FullName>./cpplint</FullName>
			<FullCommandLine>/usr/bin/python3.8 "-u" "/opt/ros/humble/share/ament_cmake_test/cmake/run_test.py" "/workspaces/isaac_ros-dev/build/isaac_ros_nitros_pose_cov_stamped_type/test_results/isaac_ros_nitros_pose_cov_stamped_type/cpplint.xunit.xml" "--package-name" "isaac_ros_nitros_pose_cov_stamped_type" "--output-file" "/workspaces/isaac_ros-dev/build/isaac_ros_nitros_pose_cov_stamped_type/ament_cpplint/cpplint.txt" "--command" "/opt/ros/humble/bin/ament_cpplint" "--xunit-file" "/workspaces/isaac_ros-dev/build/isaac_ros_nitros_pose_cov_stamped_type/test_results/isaac_ros_nitros_pose_cov_stamped_type/cpplint.xunit.xml"</FullCommandLine>
			<Results>
				<NamedMeasurement type="numeric/double" name="Execution Time">
					<Value>2.56721</Value>
				</NamedMeasurement>
				<NamedMeasurement type="numeric/double" name="Processors">
					<Value>1</Value>
				</NamedMeasurement>
				<NamedMeasurement type="text/string" name="Completion Status">
					<Value>Completed</Value>
				</NamedMeasurement>
				<NamedMeasurement type="text/string" name="Command Line">
					<Value>/usr/bin/python3.8 "-u" "/opt/ros/humble/share/ament_cmake_test/cmake/run_test.py" "/workspaces/isaac_ros-dev/build/isaac_ros_nitros_pose_cov_stamped_type/test_results/isaac_ros_nitros_pose_cov_stamped_type/cpplint.xunit.xml" "--package-name" "isaac_ros_nitros_pose_cov_stamped_type" "--output-file" "/workspaces/isaac_ros-dev/build/isaac_ros_nitros_pose_cov_stamped_type/ament_cpplint/cpplint.txt" "--command" "/opt/ros/humble/bin/ament_cpplint" "--xunit-file" "/workspaces/isaac_ros-dev/build/isaac_ros_nitros_pose_cov_stamped_type/test_results/isaac_ros_nitros_pose_cov_stamped_type/cpplint.xunit.xml"</Value>
				</NamedMeasurement>
				<NamedMeasurement type="text/string" name="Environment">
					<Value>#CTEST_RESOURCE_GROUP_COUNT=</Value>
				</NamedMeasurement>
				<Measurement>
					<Value>-- run_test.py: invoking following command in '/workspaces/isaac_ros-dev/isaac_ros_nitros/isaac_ros_nitros_type/isaac_ros_nitros_pose_cov_stamped_type':
 - /opt/ros/humble/bin/ament_cpplint --xunit-file /workspaces/isaac_ros-dev/build/isaac_ros_nitros_pose_cov_stamped_type/test_results/isaac_ros_nitros_pose_cov_stamped_type/cpplint.xunit.xml
Using '--root=/workspaces/isaac_ros-dev/isaac_ros_nitros/isaac_ros_nitros_type/isaac_ros_nitros_pose_cov_stamped_type/include' argument

Done processing /workspaces/isaac_ros-dev/isaac_ros_nitros/isaac_ros_nitros_type/isaac_ros_nitros_pose_cov_stamped_type/include/isaac_ros_nitros_pose_cov_stamped_type/nitros_pose_cov_stamped.hpp

Using '--root=/workspaces/isaac_ros-dev/isaac_ros_nitros/isaac_ros_nitros_type/isaac_ros_nitros_pose_cov_stamped_type/src' argument

Done processing /workspaces/isaac_ros-dev/isaac_ros_nitros/isaac_ros_nitros_type/isaac_ros_nitros_pose_cov_stamped_type/src/nitros_pose_cov_stamped.cpp

Using '--root=/workspaces/isaac_ros-dev/isaac_ros_nitros/isaac_ros_nitros_type/isaac_ros_nitros_pose_cov_stamped_type/test/src' argument

Done processing /workspaces/isaac_ros-dev/isaac_ros_nitros/isaac_ros_nitros_type/isaac_ros_nitros_pose_cov_stamped_type/test/src/nitros_pose_cov_stamped_forward_node.cpp

No problems found
-- run_test.py: return code 0
-- run_test.py: verify result file '/workspaces/isaac_ros-dev/build/isaac_ros_nitros_pose_cov_stamped_type/test_results/isaac_ros_nitros_pose_cov_stamped_type/cpplint.xunit.xml'
</Value>
				</Measurement>
			</Results>
			<Labels>
				<Label>cpplint</Label>
				<Label>linter</Label>
			</Labels>
		</Test>
		<Test Status="passed">
			<Name>flake8</Name>
			<Path>.</Path>
			<FullName>./flake8</FullName>
			<FullCommandLine>/usr/bin/python3.8 "-u" "/opt/ros/humble/share/ament_cmake_test/cmake/run_test.py" "/workspaces/isaac_ros-dev/build/isaac_ros_nitros_pose_cov_stamped_type/test_results/isaac_ros_nitros_pose_cov_stamped_type/flake8.xunit.xml" "--package-name" "isaac_ros_nitros_pose_cov_stamped_type" "--output-file" "/workspaces/isaac_ros-dev/build/isaac_ros_nitros_pose_cov_stamped_type/ament_flake8/flake8.txt" "--command" "/opt/ros/humble/bin/ament_flake8" "--xunit-file" "/workspaces/isaac_ros-dev/build/isaac_ros_nitros_pose_cov_stamped_type/test_results/isaac_ros_nitros_pose_cov_stamped_type/flake8.xunit.xml"</FullCommandLine>
			<Results>
				<NamedMeasurement type="numeric/double" name="Execution Time">
					<Value>3.34604</Value>
				</NamedMeasurement>
				<NamedMeasurement type="numeric/double" name="Processors">
					<Value>1</Value>
				</NamedMeasurement>
				<NamedMeasurement type="text/string" name="Completion Status">
					<Value>Completed</Value>
				</NamedMeasurement>
				<NamedMeasurement type="text/string" name="Command Line">
					<Value>/usr/bin/python3.8 "-u" "/opt/ros/humble/share/ament_cmake_test/cmake/run_test.py" "/workspaces/isaac_ros-dev/build/isaac_ros_nitros_pose_cov_stamped_type/test_results/isaac_ros_nitros_pose_cov_stamped_type/flake8.xunit.xml" "--package-name" "isaac_ros_nitros_pose_cov_stamped_type" "--output-file" "/workspaces/isaac_ros-dev/build/isaac_ros_nitros_pose_cov_stamped_type/ament_flake8/flake8.txt" "--command" "/opt/ros/humble/bin/ament_flake8" "--xunit-file" "/workspaces/isaac_ros-dev/build/isaac_ros_nitros_pose_cov_stamped_type/test_results/isaac_ros_nitros_pose_cov_stamped_type/flake8.xunit.xml"</Value>
				</NamedMeasurement>
				<NamedMeasurement type="text/string" name="Environment">
					<Value>#CTEST_RESOURCE_GROUP_COUNT=</Value>
				</NamedMeasurement>
				<Measurement>
					<Value>-- run_test.py: invoking following command in '/workspaces/isaac_ros-dev/isaac_ros_nitros/isaac_ros_nitros_type/isaac_ros_nitros_pose_cov_stamped_type':
 - /opt/ros/humble/bin/ament_flake8 --xunit-file /workspaces/isaac_ros-dev/build/isaac_ros_nitros_pose_cov_stamped_type/test_results/isaac_ros_nitros_pose_cov_stamped_type/flake8.xunit.xml

1 files checked
No problems found

Checked files:

* ./test/isaac_ros_nitros_pose_cov_stamped_type_test_pol.py
-- run_test.py: return code 0
-- run_test.py: verify result file '/workspaces/isaac_ros-dev/build/isaac_ros_nitros_pose_cov_stamped_type/test_results/isaac_ros_nitros_pose_cov_stamped_type/flake8.xunit.xml'
</Value>
				</Measurement>
			</Results>
			<Labels>
				<Label>flake8</Label>
				<Label>linter</Label>
			</Labels>
		</Test>
		<Test Status="passed">
			<Name>lint_cmake</Name>
			<Path>.</Path>
			<FullName>./lint_cmake</FullName>
			<FullCommandLine>/usr/bin/python3.8 "-u" "/opt/ros/humble/share/ament_cmake_test/cmake/run_test.py" "/workspaces/isaac_ros-dev/build/isaac_ros_nitros_pose_cov_stamped_type/test_results/isaac_ros_nitros_pose_cov_stamped_type/lint_cmake.xunit.xml" "--package-name" "isaac_ros_nitros_pose_cov_stamped_type" "--output-file" "/workspaces/isaac_ros-dev/build/isaac_ros_nitros_pose_cov_stamped_type/ament_lint_cmake/lint_cmake.txt" "--command" "/opt/ros/humble/bin/ament_lint_cmake" "--xunit-file" "/workspaces/isaac_ros-dev/build/isaac_ros_nitros_pose_cov_stamped_type/test_results/isaac_ros_nitros_pose_cov_stamped_type/lint_cmake.xunit.xml"</FullCommandLine>
			<Results>
				<NamedMeasurement type="numeric/double" name="Execution Time">
					<Value>2.10396</Value>
				</NamedMeasurement>
				<NamedMeasurement type="numeric/double" name="Processors">
					<Value>1</Value>
				</NamedMeasurement>
				<NamedMeasurement type="text/string" name="Completion Status">
					<Value>Completed</Value>
				</NamedMeasurement>
				<NamedMeasurement type="text/string" name="Command Line">
					<Value>/usr/bin/python3.8 "-u" "/opt/ros/humble/share/ament_cmake_test/cmake/run_test.py" "/workspaces/isaac_ros-dev/build/isaac_ros_nitros_pose_cov_stamped_type/test_results/isaac_ros_nitros_pose_cov_stamped_type/lint_cmake.xunit.xml" "--package-name" "isaac_ros_nitros_pose_cov_stamped_type" "--output-file" "/workspaces/isaac_ros-dev/build/isaac_ros_nitros_pose_cov_stamped_type/ament_lint_cmake/lint_cmake.txt" "--command" "/opt/ros/humble/bin/ament_lint_cmake" "--xunit-file" "/workspaces/isaac_ros-dev/build/isaac_ros_nitros_pose_cov_stamped_type/test_results/isaac_ros_nitros_pose_cov_stamped_type/lint_cmake.xunit.xml"</Value>
				</NamedMeasurement>
				<NamedMeasurement type="text/string" name="Environment">
					<Value>#CTEST_RESOURCE_GROUP_COUNT=</Value>
				</NamedMeasurement>
				<Measurement>
					<Value>-- run_test.py: invoking following command in '/workspaces/isaac_ros-dev/isaac_ros_nitros/isaac_ros_nitros_type/isaac_ros_nitros_pose_cov_stamped_type':
 - /opt/ros/humble/bin/ament_lint_cmake --xunit-file /workspaces/isaac_ros-dev/build/isaac_ros_nitros_pose_cov_stamped_type/test_results/isaac_ros_nitros_pose_cov_stamped_type/lint_cmake.xunit.xml

No problems found
-- run_test.py: return code 0
-- run_test.py: verify result file '/workspaces/isaac_ros-dev/build/isaac_ros_nitros_pose_cov_stamped_type/test_results/isaac_ros_nitros_pose_cov_stamped_type/lint_cmake.xunit.xml'
</Value>
				</Measurement>
			</Results>
			<Labels>
				<Label>lint_cmake</Label>
				<Label>linter</Label>
			</Labels>
		</Test>
		<Test Status="passed">
			<Name>pep257</Name>
			<Path>.</Path>
			<FullName>./pep257</FullName>
			<FullCommandLine>/usr/bin/python3.8 "-u" "/opt/ros/humble/share/ament_cmake_test/cmake/run_test.py" "/workspaces/isaac_ros-dev/build/isaac_ros_nitros_pose_cov_stamped_type/test_results/isaac_ros_nitros_pose_cov_stamped_type/pep257.xunit.xml" "--package-name" "isaac_ros_nitros_pose_cov_stamped_type" "--output-file" "/workspaces/isaac_ros-dev/build/isaac_ros_nitros_pose_cov_stamped_type/ament_pep257/pep257.txt" "--command" "/opt/ros/humble/bin/ament_pep257" "--xunit-file" "/workspaces/isaac_ros-dev/build/isaac_ros_nitros_pose_cov_stamped_type/test_results/isaac_ros_nitros_pose_cov_stamped_type/pep257.xunit.xml"</FullCommandLine>
			<Results>
				<NamedMeasurement type="numeric/double" name="Execution Time">
					<Value>2.4017</Value>
				</NamedMeasurement>
				<NamedMeasurement type="numeric/double" name="Processors">
					<Value>1</Value>
				</NamedMeasurement>
				<NamedMeasurement type="text/string" name="Completion Status">
					<Value>Completed</Value>
				</NamedMeasurement>
				<NamedMeasurement type="text/string" name="Command Line">
					<Value>/usr/bin/python3.8 "-u" "/opt/ros/humble/share/ament_cmake_test/cmake/run_test.py" "/workspaces/isaac_ros-dev/build/isaac_ros_nitros_pose_cov_stamped_type/test_results/isaac_ros_nitros_pose_cov_stamped_type/pep257.xunit.xml" "--package-name" "isaac_ros_nitros_pose_cov_stamped_type" "--output-file" "/workspaces/isaac_ros-dev/build/isaac_ros_nitros_pose_cov_stamped_type/ament_pep257/pep257.txt" "--command" "/opt/ros/humble/bin/ament_pep257" "--xunit-file" "/workspaces/isaac_ros-dev/build/isaac_ros_nitros_pose_cov_stamped_type/test_results/isaac_ros_nitros_pose_cov_stamped_type/pep257.xunit.xml"</Value>
				</NamedMeasurement>
				<NamedMeasurement type="text/string" name="Environment">
					<Value>#CTEST_RESOURCE_GROUP_COUNT=</Value>
				</NamedMeasurement>
				<Measurement>
					<Value>-- run_test.py: invoking following command in '/workspaces/isaac_ros-dev/isaac_ros_nitros/isaac_ros_nitros_type/isaac_ros_nitros_pose_cov_stamped_type':
 - /opt/ros/humble/bin/ament_pep257 --xunit-file /workspaces/isaac_ros-dev/build/isaac_ros_nitros_pose_cov_stamped_type/test_results/isaac_ros_nitros_pose_cov_stamped_type/pep257.xunit.xml
checking ./test/isaac_ros_nitros_pose_cov_stamped_type_test_pol.py
No problems found
-- run_test.py: return code 0
-- run_test.py: verify result file '/workspaces/isaac_ros-dev/build/isaac_ros_nitros_pose_cov_stamped_type/test_results/isaac_ros_nitros_pose_cov_stamped_type/pep257.xunit.xml'
</Value>
				</Measurement>
			</Results>
			<Labels>
				<Label>linter</Label>
				<Label>pep257</Label>
			</Labels>
		</Test>
		<Test Status="passed">
			<Name>uncrustify</Name>
			<Path>.</Path>
			<FullName>./uncrustify</FullName>
			<FullCommandLine>/usr/bin/python3.8 "-u" "/opt/ros/humble/share/ament_cmake_test/cmake/run_test.py" "/workspaces/isaac_ros-dev/build/isaac_ros_nitros_pose_cov_stamped_type/test_results/isaac_ros_nitros_pose_cov_stamped_type/uncrustify.xunit.xml" "--package-name" "isaac_ros_nitros_pose_cov_stamped_type" "--output-file" "/workspaces/isaac_ros-dev/build/isaac_ros_nitros_pose_cov_stamped_type/ament_uncrustify/uncrustify.txt" "--command" "/opt/ros/humble/bin/ament_uncrustify" "--xunit-file" "/workspaces/isaac_ros-dev/build/isaac_ros_nitros_pose_cov_stamped_type/test_results/isaac_ros_nitros_pose_cov_stamped_type/uncrustify.xunit.xml"</FullCommandLine>
			<Results>
				<NamedMeasurement type="numeric/double" name="Execution Time">
					<Value>2.09655</Value>
				</NamedMeasurement>
				<NamedMeasurement type="numeric/double" name="Processors">
					<Value>1</Value>
				</NamedMeasurement>
				<NamedMeasurement type="text/string" name="Completion Status">
					<Value>Completed</Value>
				</NamedMeasurement>
				<NamedMeasurement type="text/string" name="Command Line">
					<Value>/usr/bin/python3.8 "-u" "/opt/ros/humble/share/ament_cmake_test/cmake/run_test.py" "/workspaces/isaac_ros-dev/build/isaac_ros_nitros_pose_cov_stamped_type/test_results/isaac_ros_nitros_pose_cov_stamped_type/uncrustify.xunit.xml" "--package-name" "isaac_ros_nitros_pose_cov_stamped_type" "--output-file" "/workspaces/isaac_ros-dev/build/isaac_ros_nitros_pose_cov_stamped_type/ament_uncrustify/uncrustify.txt" "--command" "/opt/ros/humble/bin/ament_uncrustify" "--xunit-file" "/workspaces/isaac_ros-dev/build/isaac_ros_nitros_pose_cov_stamped_type/test_results/isaac_ros_nitros_pose_cov_stamped_type/uncrustify.xunit.xml"</Value>
				</NamedMeasurement>
				<NamedMeasurement type="text/string" name="Environment">
					<Value>#CTEST_RESOURCE_GROUP_COUNT=</Value>
				</NamedMeasurement>
				<Measurement>
					<Value>-- run_test.py: invoking following command in '/workspaces/isaac_ros-dev/isaac_ros_nitros/isaac_ros_nitros_type/isaac_ros_nitros_pose_cov_stamped_type':
 - /opt/ros/humble/bin/ament_uncrustify --xunit-file /workspaces/isaac_ros-dev/build/isaac_ros_nitros_pose_cov_stamped_type/test_results/isaac_ros_nitros_pose_cov_stamped_type/uncrustify.xunit.xml
No code style divergence in file 'include/isaac_ros_nitros_pose_cov_stamped_type/nitros_pose_cov_stamped.hpp'

No code style divergence in file 'src/nitros_pose_cov_stamped.cpp'

No code style divergence in file 'test/src/nitros_pose_cov_stamped_forward_node.cpp'

No problems found
-- run_test.py: return code 0
-- run_test.py: verify result file '/workspaces/isaac_ros-dev/build/isaac_ros_nitros_pose_cov_stamped_type/test_results/isaac_ros_nitros_pose_cov_stamped_type/uncrustify.xunit.xml'
</Value>
				</Measurement>
			</Results>
			<Labels>
				<Label>linter</Label>
				<Label>uncrustify</Label>
			</Labels>
		</Test>
		<Test Status="passed">
			<Name>xmllint</Name>
			<Path>.</Path>
			<FullName>./xmllint</FullName>
			<FullCommandLine>/usr/bin/python3.8 "-u" "/opt/ros/humble/share/ament_cmake_test/cmake/run_test.py" "/workspaces/isaac_ros-dev/build/isaac_ros_nitros_pose_cov_stamped_type/test_results/isaac_ros_nitros_pose_cov_stamped_type/xmllint.xunit.xml" "--package-name" "isaac_ros_nitros_pose_cov_stamped_type" "--output-file" "/workspaces/isaac_ros-dev/build/isaac_ros_nitros_pose_cov_stamped_type/ament_xmllint/xmllint.txt" "--command" "/opt/ros/humble/bin/ament_xmllint" "--xunit-file" "/workspaces/isaac_ros-dev/build/isaac_ros_nitros_pose_cov_stamped_type/test_results/isaac_ros_nitros_pose_cov_stamped_type/xmllint.xunit.xml"</FullCommandLine>
			<Results>
				<NamedMeasurement type="numeric/double" name="Execution Time">
					<Value>2.12247</Value>
				</NamedMeasurement>
				<NamedMeasurement type="numeric/double" name="Processors">
					<Value>1</Value>
				</NamedMeasurement>
				<NamedMeasurement type="text/string" name="Completion Status">
					<Value>Completed</Value>
				</NamedMeasurement>
				<NamedMeasurement type="text/string" name="Command Line">
					<Value>/usr/bin/python3.8 "-u" "/opt/ros/humble/share/ament_cmake_test/cmake/run_test.py" "/workspaces/isaac_ros-dev/build/isaac_ros_nitros_pose_cov_stamped_type/test_results/isaac_ros_nitros_pose_cov_stamped_type/xmllint.xunit.xml" "--package-name" "isaac_ros_nitros_pose_cov_stamped_type" "--output-file" "/workspaces/isaac_ros-dev/build/isaac_ros_nitros_pose_cov_stamped_type/ament_xmllint/xmllint.txt" "--command" "/opt/ros/humble/bin/ament_xmllint" "--xunit-file" "/workspaces/isaac_ros-dev/build/isaac_ros_nitros_pose_cov_stamped_type/test_results/isaac_ros_nitros_pose_cov_stamped_type/xmllint.xunit.xml"</Value>
				</NamedMeasurement>
				<NamedMeasurement type="text/string" name="Environment">
					<Value>#CTEST_RESOURCE_GROUP_COUNT=</Value>
				</NamedMeasurement>
				<Measurement>
					<Value>-- run_test.py: invoking following command in '/workspaces/isaac_ros-dev/isaac_ros_nitros/isaac_ros_nitros_type/isaac_ros_nitros_pose_cov_stamped_type':
 - /opt/ros/humble/bin/ament_xmllint --xunit-file /workspaces/isaac_ros-dev/build/isaac_ros_nitros_pose_cov_stamped_type/test_results/isaac_ros_nitros_pose_cov_stamped_type/xmllint.xunit.xml
File 'package.xml' is valid

No problems found
-- run_test.py: return code 0
-- run_test.py: verify result file '/workspaces/isaac_ros-dev/build/isaac_ros_nitros_pose_cov_stamped_type/test_results/isaac_ros_nitros_pose_cov_stamped_type/xmllint.xunit.xml'
</Value>
				</Measurement>
			</Results>
			<Labels>
				<Label>linter</Label>
				<Label>xmllint</Label>
			</Labels>
		</Test>
		<EndDateTime>Nov 02 20:08 CDT</EndDateTime>
		<EndTestTime>1698973717</EndTestTime>
		<ElapsedMinutes>0</ElapsedMinutes>
	</Testing>
</Site>
